{"numFailedTestSuites":4,"numFailedTests":4,"numPassedTestSuites":31,"numPassedTests":474,"numPendingTestSuites":1,"numPendingTests":15,"numRuntimeErrorTestSuites":0,"numTodoTests":0,"numTotalTestSuites":36,"numTotalTests":493,"openHandles":[],"snapshot":{"added":0,"didUpdate":false,"failure":false,"filesAdded":0,"filesRemoved":0,"filesRemovedList":[],"filesUnmatched":0,"filesUpdated":0,"matched":0,"total":0,"unchecked":0,"uncheckedKeysByFile":[],"unmatched":0,"updated":0},"startTime":1766360230125,"success":false,"testResults":[{"assertionResults":[{"ancestorTitles":["Catalog Schema"],"duration":106,"failing":false,"failureDetails":[],"failureMessages":[],"fullName":"Catalog Schema validates a complete listing object","invocations":1,"location":null,"numPassingAsserts":1,"retryReasons":[],"startAt":1766360231854,"status":"passed","title":"validates a complete listing object"},{"ancestorTitles":["Catalog Schema"],"duration":2,"failing":false,"failureDetails":[],"failureMessages":[],"fullName":"Catalog Schema rejects listing without required title","invocations":1,"location":null,"numPassingAsserts":1,"retryReasons":[],"startAt":1766360231962,"status":"passed","title":"rejects listing without required title"},{"ancestorTitles":["Catalog Schema"],"duration":2,"failing":false,"failureDetails":[],"failureMessages":[],"fullName":"Catalog Schema rejects listing without required coordinates","invocations":1,"location":null,"numPassingAsserts":1,"retryReasons":[],"startAt":1766360231964,"status":"passed","title":"rejects listing without required coordinates"},{"ancestorTitles":["Catalog Schema"],"duration":1,"failing":false,"failureDetails":[],"failureMessages":[],"fullName":"Catalog Schema validates all listing types","invocations":1,"location":null,"numPassingAsserts":6,"retryReasons":[],"startAt":1766360231966,"status":"passed","title":"validates all listing types"},{"ancestorTitles":["Catalog Schema"],"duration":2,"failing":false,"failureDetails":[],"failureMessages":[],"fullName":"Catalog Schema validates all listing statuses","invocations":1,"location":null,"numPassingAsserts":6,"retryReasons":[],"startAt":1766360231967,"status":"passed","title":"validates all listing statuses"},{"ancestorTitles":["CatalogService Contract"],"duration":2,"failing":false,"failureDetails":[],"failureMessages":[],"fullName":"CatalogService Contract exposes getListing method","invocations":1,"location":null,"numPassingAsserts":1,"retryReasons":[],"startAt":1766360231969,"status":"passed","title":"exposes getListing method"},{"ancestorTitles":["CatalogService Contract"],"duration":0,"failing":false,"failureDetails":[],"failureMessages":[],"fullName":"CatalogService Contract exposes createListing method","invocations":1,"location":null,"numPassingAsserts":1,"retryReasons":[],"startAt":1766360231971,"status":"passed","title":"exposes createListing method"},{"ancestorTitles":["CatalogService Contract"],"duration":1,"failing":false,"failureDetails":[],"failureMessages":[],"fullName":"CatalogService Contract exposes updateListing method","invocations":1,"location":null,"numPassingAsserts":1,"retryReasons":[],"startAt":1766360231971,"status":"passed","title":"exposes updateListing method"},{"ancestorTitles":["CatalogService Contract"],"duration":2,"failing":false,"failureDetails":[],"failureMessages":[],"fullName":"CatalogService Contract exposes getListings method","invocations":1,"location":null,"numPassingAsserts":1,"retryReasons":[],"startAt":1766360231972,"status":"passed","title":"exposes getListings method"},{"ancestorTitles":["CatalogService Contract"],"duration":1,"failing":false,"failureDetails":[],"failureMessages":[],"fullName":"CatalogService Contract exposes approveListing method","invocations":1,"location":null,"numPassingAsserts":1,"retryReasons":[],"startAt":1766360231974,"status":"passed","title":"exposes approveListing method"},{"ancestorTitles":["CatalogService Contract"],"duration":0,"failing":false,"failureDetails":[],"failureMessages":[],"fullName":"CatalogService Contract does NOT expose user profile APIs","invocations":1,"location":null,"numPassingAsserts":3,"retryReasons":[],"startAt":1766360231975,"status":"passed","title":"does NOT expose user profile APIs"},{"ancestorTitles":["CatalogService Contract"],"duration":0,"failing":false,"failureDetails":[],"failureMessages":[],"fullName":"CatalogService Contract does NOT expose booking APIs","invocations":1,"location":null,"numPassingAsserts":2,"retryReasons":[],"startAt":1766360231976,"status":"passed","title":"does NOT expose booking APIs"},{"ancestorTitles":["CatalogService Contract"],"duration":0,"failing":false,"failureDetails":[],"failureMessages":[],"fullName":"CatalogService Contract does NOT expose request APIs","invocations":1,"location":null,"numPassingAsserts":2,"retryReasons":[],"startAt":1766360231976,"status":"passed","title":"does NOT expose request APIs"},{"ancestorTitles":["CatalogService Contract"],"duration":1,"failing":false,"failureDetails":[],"failureMessages":[],"fullName":"CatalogService Contract does NOT expose Firestore directly","invocations":1,"location":null,"numPassingAsserts":2,"retryReasons":[],"startAt":1766360231977,"status":"passed","title":"does NOT expose Firestore directly"},{"ancestorTitles":["CatalogController Contract"],"duration":35,"failing":false,"failureDetails":[],"failureMessages":[],"fullName":"CatalogController Contract exposes getListing method","invocations":1,"location":null,"numPassingAsserts":1,"retryReasons":[],"startAt":1766360231979,"status":"passed","title":"exposes getListing method"},{"ancestorTitles":["CatalogController Contract"],"duration":1,"failing":false,"failureDetails":[],"failureMessages":[],"fullName":"CatalogController Contract exposes createListing method","invocations":1,"location":null,"numPassingAsserts":1,"retryReasons":[],"startAt":1766360232015,"status":"passed","title":"exposes createListing method"},{"ancestorTitles":["CatalogController Contract"],"duration":0,"failing":false,"failureDetails":[],"failureMessages":[],"fullName":"CatalogController Contract exposes updateListing method","invocations":1,"location":null,"numPassingAsserts":1,"retryReasons":[],"startAt":1766360232016,"status":"passed","title":"exposes updateListing method"},{"ancestorTitles":["CatalogController Contract"],"duration":0,"failing":false,"failureDetails":[],"failureMessages":[],"fullName":"CatalogController Contract exposes approveListing method","invocations":1,"location":null,"numPassingAsserts":1,"retryReasons":[],"startAt":1766360232016,"status":"passed","title":"exposes approveListing method"},{"ancestorTitles":["CatalogController Contract"],"duration":1,"failing":false,"failureDetails":[],"failureMessages":[],"fullName":"CatalogController Contract does NOT expose raw Firestore methods","invocations":1,"location":null,"numPassingAsserts":2,"retryReasons":[],"startAt":1766360232016,"status":"passed","title":"does NOT expose raw Firestore methods"},{"ancestorTitles":["Catalog Permissions"],"duration":2,"failing":false,"failureDetails":[],"failureMessages":[],"fullName":"Catalog Permissions allows anyone to get an approved listing","invocations":1,"location":null,"numPassingAsserts":1,"retryReasons":[],"startAt":1766360232050,"status":"passed","title":"allows anyone to get an approved listing"},{"ancestorTitles":["Catalog Permissions"],"duration":4,"failing":false,"failureDetails":[],"failureMessages":[],"fullName":"Catalog Permissions denies regular user from creating listings","invocations":1,"location":null,"numPassingAsserts":1,"retryReasons":[],"startAt":1766360232053,"status":"passed","title":"denies regular user from creating listings"},{"ancestorTitles":["Catalog Permissions"],"duration":0,"failing":false,"failureDetails":[],"failureMessages":[],"fullName":"Catalog Permissions allows provider to create listings","invocations":1,"location":null,"numPassingAsserts":1,"retryReasons":[],"startAt":1766360232057,"status":"passed","title":"allows provider to create listings"},{"ancestorTitles":["Catalog Permissions"],"duration":0,"failing":false,"failureDetails":[],"failureMessages":[],"fullName":"Catalog Permissions allows admin to create listings","invocations":1,"location":null,"numPassingAsserts":1,"retryReasons":[],"startAt":1766360232058,"status":"passed","title":"allows admin to create listings"},{"ancestorTitles":["Catalog Permissions"],"duration":1,"failing":false,"failureDetails":[],"failureMessages":[],"fullName":"Catalog Permissions denies regular user from approving listings","invocations":1,"location":null,"numPassingAsserts":1,"retryReasons":[],"startAt":1766360232058,"status":"passed","title":"denies regular user from approving listings"},{"ancestorTitles":["Catalog Permissions"],"duration":0,"failing":false,"failureDetails":[],"failureMessages":[],"fullName":"Catalog Permissions denies provider from approving listings","invocations":1,"location":null,"numPassingAsserts":1,"retryReasons":[],"startAt":1766360232059,"status":"passed","title":"denies provider from approving listings"},{"ancestorTitles":["Catalog Permissions"],"duration":0,"failing":false,"failureDetails":[],"failureMessages":[],"fullName":"Catalog Permissions allows admin to approve listings","invocations":1,"location":null,"numPassingAsserts":1,"retryReasons":[],"startAt":1766360232059,"status":"passed","title":"allows admin to approve listings"},{"ancestorTitles":["Catalog Permissions"],"duration":3,"failing":false,"failureDetails":[{"message":"expect(received).resolves.not.toThrow()\n\nReceived promise rejected instead of resolved\nRejected to value: [TypeError: import_catalog.CatalogService.getListingOwnerId is not a function]"}],"failureMessages":["Error: expect(received).resolves.not.toThrow()\n\nReceived promise rejected instead of resolved\nRejected to value: [TypeError: import_catalog.CatalogService.getListingOwnerId is not a function]\n    at expect (/Users/apple_trnc/Downloads/easy-islanders/node_modules/.pnpm/expect@30.2.0/node_modules/expect/build/index.js:2116:15)\n    at Object.<anonymous> (/Users/apple_trnc/Downloads/easy-islanders/functions/src/modules/catalog/catalog.test.ts:332:15)\n    at processTicksAndRejections (node:internal/process/task_queues:103:5)"],"fullName":"Catalog Permissions allows provider to update their own listing","invocations":1,"location":null,"numPassingAsserts":0,"retryReasons":[],"startAt":1766360232065,"status":"failed","title":"allows provider to update their own listing"}],"endTime":1766360232169,"message":"  ● Catalog Permissions › allows provider to update their own listing\n\n    expect(received).resolves.not.toThrow()\n\n    Received promise rejected instead of resolved\n    Rejected to value: [TypeError: import_catalog.CatalogService.getListingOwnerId is not a function]\n\n      330 |         const ctx = { uid: \"provider123\", role: \"provider\" as const, isAdmin: false };\n      331 |\n    > 332 |         await expect(\n          |               ^\n      333 |             CatalogController.updateListing(ctx, \"listing123\", { title: \"Updated Title\" })\n      334 |         ).resolves.not.toThrow();\n      335 |     });\n\n      at expect (../node_modules/.pnpm/expect@30.2.0/node_modules/expect/build/index.js:2116:15)\n      at Object.<anonymous> (src/modules/catalog/catalog.test.ts:332:15)\n","name":"/Users/apple_trnc/Downloads/easy-islanders/functions/src/modules/catalog/catalog.test.ts","startTime":1766360230849,"status":"failed","summary":""},{"assertionResults":[{"ancestorTitles":["Requests Schema"],"duration":42,"failing":false,"failureDetails":[],"failureMessages":[],"fullName":"Requests Schema validates a complete request object","invocations":1,"location":null,"numPassingAsserts":1,"retryReasons":[],"startAt":1766360232092,"status":"passed","title":"validates a complete request object"},{"ancestorTitles":["Requests Schema"],"duration":2,"failing":false,"failureDetails":[],"failureMessages":[],"fullName":"Requests Schema rejects request without required userId","invocations":1,"location":null,"numPassingAsserts":1,"retryReasons":[],"startAt":1766360232135,"status":"passed","title":"rejects request without required userId"},{"ancestorTitles":["Requests Schema"],"duration":2,"failing":false,"failureDetails":[],"failureMessages":[],"fullName":"Requests Schema rejects request without required title","invocations":1,"location":null,"numPassingAsserts":1,"retryReasons":[],"startAt":1766360232137,"status":"passed","title":"rejects request without required title"},{"ancestorTitles":["Requests Schema"],"duration":2,"failing":false,"failureDetails":[],"failureMessages":[],"fullName":"Requests Schema validates all request types","invocations":1,"location":null,"numPassingAsserts":7,"retryReasons":[],"startAt":1766360232139,"status":"passed","title":"validates all request types"},{"ancestorTitles":["Requests Schema"],"duration":1,"failing":false,"failureDetails":[],"failureMessages":[],"fullName":"Requests Schema validates all request statuses","invocations":1,"location":null,"numPassingAsserts":6,"retryReasons":[],"startAt":1766360232141,"status":"passed","title":"validates all request statuses"},{"ancestorTitles":["Request Status Transitions"],"duration":1,"failing":false,"failureDetails":[],"failureMessages":[],"fullName":"Request Status Transitions allows pending → assigned","invocations":1,"location":null,"numPassingAsserts":1,"retryReasons":[],"startAt":1766360232143,"status":"passed","title":"allows pending → assigned"},{"ancestorTitles":["Request Status Transitions"],"duration":1,"failing":false,"failureDetails":[],"failureMessages":[],"fullName":"Request Status Transitions allows pending → cancelled","invocations":1,"location":null,"numPassingAsserts":1,"retryReasons":[],"startAt":1766360232144,"status":"passed","title":"allows pending → cancelled"},{"ancestorTitles":["Request Status Transitions"],"duration":1,"failing":false,"failureDetails":[],"failureMessages":[],"fullName":"Request Status Transitions allows assigned → in_progress","invocations":1,"location":null,"numPassingAsserts":1,"retryReasons":[],"startAt":1766360232145,"status":"passed","title":"allows assigned → in_progress"},{"ancestorTitles":["Request Status Transitions"],"duration":0,"failing":false,"failureDetails":[],"failureMessages":[],"fullName":"Request Status Transitions allows assigned → cancelled","invocations":1,"location":null,"numPassingAsserts":1,"retryReasons":[],"startAt":1766360232146,"status":"passed","title":"allows assigned → cancelled"},{"ancestorTitles":["Request Status Transitions"],"duration":0,"failing":false,"failureDetails":[],"failureMessages":[],"fullName":"Request Status Transitions allows in_progress → completed","invocations":1,"location":null,"numPassingAsserts":1,"retryReasons":[],"startAt":1766360232147,"status":"passed","title":"allows in_progress → completed"},{"ancestorTitles":["Request Status Transitions"],"duration":0,"failing":false,"failureDetails":[],"failureMessages":[],"fullName":"Request Status Transitions rejects pending → completed (must go through lifecycle)","invocations":1,"location":null,"numPassingAsserts":1,"retryReasons":[],"startAt":1766360232147,"status":"passed","title":"rejects pending → completed (must go through lifecycle)"},{"ancestorTitles":["Request Status Transitions"],"duration":0,"failing":false,"failureDetails":[],"failureMessages":[],"fullName":"Request Status Transitions rejects pending → in_progress (must be assigned first)","invocations":1,"location":null,"numPassingAsserts":1,"retryReasons":[],"startAt":1766360232148,"status":"passed","title":"rejects pending → in_progress (must be assigned first)"},{"ancestorTitles":["Request Status Transitions"],"duration":0,"failing":false,"failureDetails":[],"failureMessages":[],"fullName":"Request Status Transitions rejects completed → pending (no backward transitions)","invocations":1,"location":null,"numPassingAsserts":1,"retryReasons":[],"startAt":1766360232148,"status":"passed","title":"rejects completed → pending (no backward transitions)"},{"ancestorTitles":["Request Status Transitions"],"duration":0,"failing":false,"failureDetails":[],"failureMessages":[],"fullName":"Request Status Transitions rejects in_progress → cancelled (too late to cancel)","invocations":1,"location":null,"numPassingAsserts":1,"retryReasons":[],"startAt":1766360232149,"status":"passed","title":"rejects in_progress → cancelled (too late to cancel)"},{"ancestorTitles":["Request Status Transitions"],"duration":0,"failing":false,"failureDetails":[],"failureMessages":[],"fullName":"Request Status Transitions rejects cancelled → anything (terminal state)","invocations":1,"location":null,"numPassingAsserts":3,"retryReasons":[],"startAt":1766360232149,"status":"passed","title":"rejects cancelled → anything (terminal state)"},{"ancestorTitles":["RequestsService Contract"],"duration":1,"failing":false,"failureDetails":[],"failureMessages":[],"fullName":"RequestsService Contract exposes getRequest method","invocations":1,"location":null,"numPassingAsserts":1,"retryReasons":[],"startAt":1766360232149,"status":"passed","title":"exposes getRequest method"},{"ancestorTitles":["RequestsService Contract"],"duration":0,"failing":false,"failureDetails":[],"failureMessages":[],"fullName":"RequestsService Contract exposes createRequest method","invocations":1,"location":null,"numPassingAsserts":1,"retryReasons":[],"startAt":1766360232151,"status":"passed","title":"exposes createRequest method"},{"ancestorTitles":["RequestsService Contract"],"duration":0,"failing":false,"failureDetails":[],"failureMessages":[],"fullName":"RequestsService Contract exposes updateRequestStatus method","invocations":1,"location":null,"numPassingAsserts":1,"retryReasons":[],"startAt":1766360232151,"status":"passed","title":"exposes updateRequestStatus method"},{"ancestorTitles":["RequestsService Contract"],"duration":0,"failing":false,"failureDetails":[],"failureMessages":[],"fullName":"RequestsService Contract exposes getRequestsByUser method","invocations":1,"location":null,"numPassingAsserts":1,"retryReasons":[],"startAt":1766360232151,"status":"passed","title":"exposes getRequestsByUser method"},{"ancestorTitles":["RequestsService Contract"],"duration":1,"failing":false,"failureDetails":[],"failureMessages":[],"fullName":"RequestsService Contract exposes assignRequest method","invocations":1,"location":null,"numPassingAsserts":1,"retryReasons":[],"startAt":1766360232151,"status":"passed","title":"exposes assignRequest method"},{"ancestorTitles":["RequestsService Contract"],"duration":0,"failing":false,"failureDetails":[],"failureMessages":[],"fullName":"RequestsService Contract exposes cancelRequest method","invocations":1,"location":null,"numPassingAsserts":1,"retryReasons":[],"startAt":1766360232152,"status":"passed","title":"exposes cancelRequest method"},{"ancestorTitles":["RequestsService Contract"],"duration":1,"failing":false,"failureDetails":[],"failureMessages":[],"fullName":"RequestsService Contract does NOT expose booking APIs","invocations":1,"location":null,"numPassingAsserts":2,"retryReasons":[],"startAt":1766360232152,"status":"passed","title":"does NOT expose booking APIs"},{"ancestorTitles":["RequestsService Contract"],"duration":0,"failing":false,"failureDetails":[],"failureMessages":[],"fullName":"RequestsService Contract does NOT expose user APIs","invocations":1,"location":null,"numPassingAsserts":2,"retryReasons":[],"startAt":1766360232153,"status":"passed","title":"does NOT expose user APIs"},{"ancestorTitles":["RequestsService Contract"],"duration":0,"failing":false,"failureDetails":[],"failureMessages":[],"fullName":"RequestsService Contract does NOT expose listing APIs","invocations":1,"location":null,"numPassingAsserts":2,"retryReasons":[],"startAt":1766360232157,"status":"passed","title":"does NOT expose listing APIs"},{"ancestorTitles":["RequestsService Contract"],"duration":1,"failing":false,"failureDetails":[],"failureMessages":[],"fullName":"RequestsService Contract does NOT expose Firestore directly","invocations":1,"location":null,"numPassingAsserts":2,"retryReasons":[],"startAt":1766360232157,"status":"passed","title":"does NOT expose Firestore directly"},{"ancestorTitles":["RequestsController Contract"],"duration":9,"failing":false,"failureDetails":[],"failureMessages":[],"fullName":"RequestsController Contract exposes getRequest method","invocations":1,"location":null,"numPassingAsserts":1,"retryReasons":[],"startAt":1766360232158,"status":"passed","title":"exposes getRequest method"},{"ancestorTitles":["RequestsController Contract"],"duration":2,"failing":false,"failureDetails":[],"failureMessages":[],"fullName":"RequestsController Contract exposes createRequest method","invocations":1,"location":null,"numPassingAsserts":1,"retryReasons":[],"startAt":1766360232167,"status":"passed","title":"exposes createRequest method"},{"ancestorTitles":["RequestsController Contract"],"duration":1,"failing":false,"failureDetails":[],"failureMessages":[],"fullName":"RequestsController Contract exposes updateRequestStatus method","invocations":1,"location":null,"numPassingAsserts":1,"retryReasons":[],"startAt":1766360232169,"status":"passed","title":"exposes updateRequestStatus method"},{"ancestorTitles":["RequestsController Contract"],"duration":0,"failing":false,"failureDetails":[],"failureMessages":[],"fullName":"RequestsController Contract exposes cancelRequest method","invocations":1,"location":null,"numPassingAsserts":1,"retryReasons":[],"startAt":1766360232170,"status":"passed","title":"exposes cancelRequest method"},{"ancestorTitles":["RequestsController Contract"],"duration":0,"failing":false,"failureDetails":[],"failureMessages":[],"fullName":"RequestsController Contract does NOT expose raw Firestore methods","invocations":1,"location":null,"numPassingAsserts":2,"retryReasons":[],"startAt":1766360232170,"status":"passed","title":"does NOT expose raw Firestore methods"},{"ancestorTitles":["Requests Permissions"],"duration":2,"failing":false,"failureDetails":[],"failureMessages":[],"fullName":"Requests Permissions allows authenticated user to create request","invocations":1,"location":null,"numPassingAsserts":1,"retryReasons":[],"startAt":1766360232171,"status":"passed","title":"allows authenticated user to create request"},{"ancestorTitles":["Requests Permissions"],"duration":3,"failing":false,"failureDetails":[],"failureMessages":[],"fullName":"Requests Permissions allows user to view their own request","invocations":1,"location":null,"numPassingAsserts":1,"retryReasons":[],"startAt":1766360232173,"status":"passed","title":"allows user to view their own request"},{"ancestorTitles":["Requests Permissions"],"duration":0,"failing":false,"failureDetails":[],"failureMessages":[],"fullName":"Requests Permissions denies user from viewing another user request","invocations":1,"location":null,"numPassingAsserts":1,"retryReasons":[],"startAt":1766360232176,"status":"passed","title":"denies user from viewing another user request"},{"ancestorTitles":["Requests Permissions"],"duration":2,"failing":false,"failureDetails":[],"failureMessages":[],"fullName":"Requests Permissions allows admin to view any request","invocations":1,"location":null,"numPassingAsserts":1,"retryReasons":[],"startAt":1766360232176,"status":"passed","title":"allows admin to view any request"},{"ancestorTitles":["Requests Permissions"],"duration":2,"failing":false,"failureDetails":[],"failureMessages":[],"fullName":"Requests Permissions allows user to cancel their own pending request","invocations":1,"location":null,"numPassingAsserts":1,"retryReasons":[],"startAt":1766360232178,"status":"passed","title":"allows user to cancel their own pending request"},{"ancestorTitles":["Requests Permissions"],"duration":4,"failing":false,"failureDetails":[{"message":"expect(received).resolves.not.toThrow()\n\nReceived promise rejected instead of resolved\nRejected to value: [AppError: You cannot update this request status]"}],"failureMessages":["Error: expect(received).resolves.not.toThrow()\n\nReceived promise rejected instead of resolved\nRejected to value: [AppError: You cannot update this request status]\n    at expect (/Users/apple_trnc/Downloads/easy-islanders/node_modules/.pnpm/expect@30.2.0/node_modules/expect/build/index.js:2116:15)\n    at Object.<anonymous> (/Users/apple_trnc/Downloads/easy-islanders/functions/src/modules/requests/requests.test.ts:337:15)\n    at processTicksAndRejections (node:internal/process/task_queues:103:5)"],"fullName":"Requests Permissions allows provider to update request status when assigned to them","invocations":1,"location":null,"numPassingAsserts":0,"retryReasons":[],"startAt":1766360232180,"status":"failed","title":"allows provider to update request status when assigned to them"},{"ancestorTitles":["Requests Permissions"],"duration":2,"failing":false,"failureDetails":[],"failureMessages":[],"fullName":"Requests Permissions allows admin to assign requests","invocations":1,"location":null,"numPassingAsserts":1,"retryReasons":[],"startAt":1766360232210,"status":"passed","title":"allows admin to assign requests"}],"endTime":1766360232274,"message":"  ● Requests Permissions › allows provider to update request status when assigned to them\n\n    expect(received).resolves.not.toThrow()\n\n    Received promise rejected instead of resolved\n    Rejected to value: [AppError: You cannot update this request status]\n\n      335 |         const ctx = { uid: \"provider123\", role: \"provider\" as const, isAdmin: false };\n      336 |\n    > 337 |         await expect(\n          |               ^\n      338 |             RequestsController.updateRequestStatus(ctx, \"request123\", { status: \"in_progress\" })\n      339 |         ).resolves.not.toThrow();\n      340 |     });\n\n      at expect (../node_modules/.pnpm/expect@30.2.0/node_modules/expect/build/index.js:2116:15)\n      at Object.<anonymous> (src/modules/requests/requests.test.ts:337:15)\n","name":"/Users/apple_trnc/Downloads/easy-islanders/functions/src/modules/requests/requests.test.ts","startTime":1766360230814,"status":"failed","summary":""},{"assertionResults":[{"ancestorTitles":["Jobs API - Schema Validation","JobSchema"],"duration":8,"failing":false,"failureDetails":[],"failureMessages":[],"fullName":"Jobs API - Schema Validation JobSchema accepts valid collecting job without merchantTarget","invocations":1,"location":null,"numPassingAsserts":1,"retryReasons":[],"startAt":1766360232529,"status":"passed","title":"accepts valid collecting job without merchantTarget"},{"ancestorTitles":["Jobs API - Schema Validation","JobSchema"],"duration":1,"failing":false,"failureDetails":[],"failureMessages":[],"fullName":"Jobs API - Schema Validation JobSchema accepts valid confirming job without merchantTarget","invocations":1,"location":null,"numPassingAsserts":1,"retryReasons":[],"startAt":1766360232538,"status":"passed","title":"accepts valid confirming job without merchantTarget"},{"ancestorTitles":["Jobs API - Schema Validation","JobSchema"],"duration":1,"failing":false,"failureDetails":[],"failureMessages":[],"fullName":"Jobs API - Schema Validation JobSchema rejects dispatched job without merchantTarget","invocations":1,"location":null,"numPassingAsserts":1,"retryReasons":[],"startAt":1766360232539,"status":"passed","title":"rejects dispatched job without merchantTarget"},{"ancestorTitles":["Jobs API - Schema Validation","JobSchema"],"duration":1,"failing":false,"failureDetails":[],"failureMessages":[],"fullName":"Jobs API - Schema Validation JobSchema accepts dispatched job with listed merchantTarget","invocations":1,"location":null,"numPassingAsserts":1,"retryReasons":[],"startAt":1766360232540,"status":"passed","title":"accepts dispatched job with listed merchantTarget"},{"ancestorTitles":["Jobs API - Schema Validation","JobSchema"],"duration":1,"failing":false,"failureDetails":[],"failureMessages":[],"fullName":"Jobs API - Schema Validation JobSchema accepts dispatched job with unlisted merchantTarget","invocations":1,"location":null,"numPassingAsserts":1,"retryReasons":[],"startAt":1766360232541,"status":"passed","title":"accepts dispatched job with unlisted merchantTarget"},{"ancestorTitles":["Jobs API - POST /v1/jobs","Request Validation"],"duration":3,"failing":false,"failureDetails":[],"failureMessages":[],"fullName":"Jobs API - POST /v1/jobs Request Validation rejects request without actionType","invocations":1,"location":null,"numPassingAsserts":1,"retryReasons":[],"startAt":1766360232542,"status":"passed","title":"rejects request without actionType"},{"ancestorTitles":["Jobs API - POST /v1/jobs","Request Validation"],"duration":0,"failing":false,"failureDetails":[],"failureMessages":[],"fullName":"Jobs API - POST /v1/jobs Request Validation rejects request with mismatched actionType and actionData","invocations":1,"location":null,"numPassingAsserts":1,"retryReasons":[],"startAt":1766360232545,"status":"passed","title":"rejects request with mismatched actionType and actionData"},{"ancestorTitles":["Jobs API - POST /v1/jobs","Request Validation"],"duration":1,"failing":false,"failureDetails":[],"failureMessages":[],"fullName":"Jobs API - POST /v1/jobs Request Validation accepts valid taxi job request","invocations":1,"location":null,"numPassingAsserts":1,"retryReasons":[],"startAt":1766360232545,"status":"passed","title":"accepts valid taxi job request"},{"ancestorTitles":["Jobs API - POST /v1/jobs","Request Validation"],"duration":1,"failing":false,"failureDetails":[],"failureMessages":[],"fullName":"Jobs API - POST /v1/jobs Request Validation accepts request with clientRequestId for idempotency","invocations":1,"location":null,"numPassingAsserts":1,"retryReasons":[],"startAt":1766360232546,"status":"passed","title":"accepts request with clientRequestId for idempotency"},{"ancestorTitles":["Jobs API - POST /v1/jobs","Idempotency"],"duration":1,"failing":false,"failureDetails":[],"failureMessages":[],"fullName":"Jobs API - POST /v1/jobs Idempotency returns existing job when clientRequestId matches","invocations":1,"location":null,"numPassingAsserts":1,"retryReasons":[],"startAt":1766360232547,"status":"passed","title":"returns existing job when clientRequestId matches"},{"ancestorTitles":["Jobs API - POST /v1/jobs/:id/confirm","State Transitions"],"duration":0,"failing":false,"failureDetails":[],"failureMessages":[],"fullName":"Jobs API - POST /v1/jobs/:id/confirm State Transitions allows collecting → confirming","invocations":1,"location":null,"numPassingAsserts":1,"retryReasons":[],"startAt":1766360232548,"status":"passed","title":"allows collecting → confirming"},{"ancestorTitles":["Jobs API - POST /v1/jobs/:id/confirm","State Transitions"],"duration":2,"failing":false,"failureDetails":[],"failureMessages":[],"fullName":"Jobs API - POST /v1/jobs/:id/confirm State Transitions rejects dispatched → collecting (backward transition)","invocations":1,"location":null,"numPassingAsserts":1,"retryReasons":[],"startAt":1766360232548,"status":"passed","title":"rejects dispatched → collecting (backward transition)"},{"ancestorTitles":["Jobs API - POST /v1/jobs/:id/confirm","Authorization"],"duration":1,"failing":false,"failureDetails":[],"failureMessages":[],"fullName":"Jobs API - POST /v1/jobs/:id/confirm Authorization rejects confirmation from non-owner","invocations":1,"location":null,"numPassingAsserts":1,"retryReasons":[],"startAt":1766360232550,"status":"passed","title":"rejects confirmation from non-owner"},{"ancestorTitles":["Jobs API - GET /v1/jobs/:id","Authorization"],"duration":1,"failing":false,"failureDetails":[],"failureMessages":[],"fullName":"Jobs API - GET /v1/jobs/:id Authorization returns job for owner","invocations":1,"location":null,"numPassingAsserts":1,"retryReasons":[],"startAt":1766360232551,"status":"passed","title":"returns job for owner"},{"ancestorTitles":["Jobs API - GET /v1/jobs/:id","Authorization"],"duration":0,"failing":false,"failureDetails":[],"failureMessages":[],"fullName":"Jobs API - GET /v1/jobs/:id Authorization rejects get from non-owner","invocations":1,"location":null,"numPassingAsserts":1,"retryReasons":[],"startAt":1766360232552,"status":"passed","title":"rejects get from non-owner"},{"ancestorTitles":["Jobs API - GET /v1/jobs/:id","Not Found"],"duration":0,"failing":false,"failureDetails":[],"failureMessages":[],"fullName":"Jobs API - GET /v1/jobs/:id Not Found returns 404 for non-existent job","invocations":1,"location":null,"numPassingAsserts":1,"retryReasons":[],"startAt":1766360232552,"status":"passed","title":"returns 404 for non-existent job"},{"ancestorTitles":["Jobs API - Error Handling","Authentication"],"duration":0,"failing":false,"failureDetails":[],"failureMessages":[],"fullName":"Jobs API - Error Handling Authentication returns 401 without Authorization header","invocations":1,"location":null,"numPassingAsserts":1,"retryReasons":[],"startAt":1766360232553,"status":"passed","title":"returns 401 without Authorization header"},{"ancestorTitles":["Jobs API - Error Handling","Authentication"],"duration":1,"failing":false,"failureDetails":[],"failureMessages":[],"fullName":"Jobs API - Error Handling Authentication returns 401 with invalid token","invocations":1,"location":null,"numPassingAsserts":1,"retryReasons":[],"startAt":1766360232553,"status":"passed","title":"returns 401 with invalid token"},{"ancestorTitles":["Jobs API - Error Handling","Validation"],"duration":0,"failing":false,"failureDetails":[],"failureMessages":[],"fullName":"Jobs API - Error Handling Validation returns 400 with validation errors and traceId","invocations":1,"location":null,"numPassingAsserts":1,"retryReasons":[],"startAt":1766360232554,"status":"passed","title":"returns 400 with validation errors and traceId"}],"endTime":1766360232559,"message":"","name":"/Users/apple_trnc/Downloads/easy-islanders/functions/src/__tests__/integration/jobs.test.ts","startTime":1766360232314,"status":"passed","summary":""},{"assertionResults":[{"ancestorTitles":["Ops Agent & Proposals","Ops Service FSM"],"duration":15,"failing":false,"failureDetails":[],"failureMessages":[],"fullName":"Ops Agent & Proposals Ops Service FSM should init state to profile_required if missing","invocations":1,"location":null,"numPassingAsserts":1,"retryReasons":[],"startAt":1766360232533,"status":"passed","title":"should init state to profile_required if missing"},{"ancestorTitles":["Ops Agent & Proposals","Ops Service FSM"],"duration":3,"failing":false,"failureDetails":[],"failureMessages":[],"fullName":"Ops Agent & Proposals Ops Service FSM should create proposal when in profile_required and user sends text","invocations":1,"location":null,"numPassingAsserts":3,"retryReasons":[],"startAt":1766360232549,"status":"passed","title":"should create proposal when in profile_required and user sends text"},{"ancestorTitles":["Ops Agent & Proposals","Ops Service FSM"],"duration":10,"failing":false,"failureDetails":[],"failureMessages":[],"fullName":"Ops Agent & Proposals Ops Service FSM should approve proposal on YES and advance step","invocations":1,"location":null,"numPassingAsserts":4,"retryReasons":[],"startAt":1766360232552,"status":"passed","title":"should approve proposal on YES and advance step"},{"ancestorTitles":["Ops Agent & Proposals","Ops Service FSM"],"duration":2,"failing":false,"failureDetails":[],"failureMessages":[],"fullName":"Ops Agent & Proposals Ops Service FSM should reject proposal on NO and clear pending status","invocations":1,"location":null,"numPassingAsserts":3,"retryReasons":[],"startAt":1766360232562,"status":"passed","title":"should reject proposal on NO and clear pending status"},{"ancestorTitles":["Ops Agent & Proposals","Ops Service FSM"],"duration":10,"failing":false,"failureDetails":[],"failureMessages":[],"fullName":"Ops Agent & Proposals Ops Service FSM should be retry-safe when user sends YES twice (Idempotency)","invocations":1,"location":null,"numPassingAsserts":5,"retryReasons":[],"startAt":1766360232564,"status":"passed","title":"should be retry-safe when user sends YES twice (Idempotency)"},{"ancestorTitles":["Ops Agent & Proposals","Proposals Repository"],"duration":1,"failing":false,"failureDetails":[],"failureMessages":[],"fullName":"Ops Agent & Proposals Proposals Repository should be idempotent (return existing proposal)","invocations":1,"location":null,"numPassingAsserts":1,"retryReasons":[],"startAt":1766360232575,"status":"passed","title":"should be idempotent (return existing proposal)"},{"ancestorTitles":["Ops Agent & Proposals","Proposals Repository"],"duration":2,"failing":false,"failureDetails":[],"failureMessages":[],"fullName":"Ops Agent & Proposals Proposals Repository should fail apply if proposal not Proposed","invocations":1,"location":null,"numPassingAsserts":2,"retryReasons":[],"startAt":1766360232576,"status":"passed","title":"should fail apply if proposal not Proposed"},{"ancestorTitles":["Ops Agent & Proposals","Catalog Multi-Item Loop (Step 2)"],"duration":4,"failing":false,"failureDetails":[],"failureMessages":[],"fullName":"Ops Agent & Proposals Catalog Multi-Item Loop (Step 2) should parse items from text and accumulate","invocations":1,"location":null,"numPassingAsserts":3,"retryReasons":[],"startAt":1766360232578,"status":"passed","title":"should parse items from text and accumulate"},{"ancestorTitles":["Ops Agent & Proposals","Catalog Multi-Item Loop (Step 2)"],"duration":0,"failing":false,"failureDetails":[],"failureMessages":[],"fullName":"Ops Agent & Proposals Catalog Multi-Item Loop (Step 2) should return error when DONE with zero items","invocations":1,"location":null,"numPassingAsserts":1,"retryReasons":[],"startAt":1766360232582,"status":"passed","title":"should return error when DONE with zero items"},{"ancestorTitles":["Ops Agent & Proposals","Catalog Multi-Item Loop (Step 2)"],"duration":5,"failing":false,"failureDetails":[],"failureMessages":[],"fullName":"Ops Agent & Proposals Catalog Multi-Item Loop (Step 2) should handle SKIP and advance to availability step","invocations":1,"location":null,"numPassingAsserts":2,"retryReasons":[],"startAt":1766360232583,"status":"passed","title":"should handle SKIP and advance to availability step"},{"ancestorTitles":["Ops Agent & Proposals","Catalog Multi-Item Loop (Step 2)"],"duration":2,"failing":false,"failureDetails":[],"failureMessages":[],"fullName":"Ops Agent & Proposals Catalog Multi-Item Loop (Step 2) should return parse error for garbage text","invocations":1,"location":null,"numPassingAsserts":1,"retryReasons":[],"startAt":1766360232589,"status":"passed","title":"should return parse error for garbage text"},{"ancestorTitles":["Ops Agent & Proposals","Catalog Multi-Item Loop (Step 2)"],"duration":1,"failing":false,"failureDetails":[],"failureMessages":[],"fullName":"Ops Agent & Proposals Catalog Multi-Item Loop (Step 2) should handle media as draft item with needsReview","invocations":1,"location":null,"numPassingAsserts":2,"retryReasons":[],"startAt":1766360232591,"status":"passed","title":"should handle media as draft item with needsReview"},{"ancestorTitles":["Ops Agent & Proposals","Availability Mode Selection (Step 3)"],"duration":3,"failing":false,"failureDetails":[],"failureMessages":[],"fullName":"Ops Agent & Proposals Availability Mode Selection (Step 3) should present mode options when no selection made","invocations":1,"location":null,"numPassingAsserts":3,"retryReasons":[],"startAt":1766360232593,"status":"passed","title":"should present mode options when no selection made"},{"ancestorTitles":["Ops Agent & Proposals","Availability Mode Selection (Step 3)"],"duration":1,"failing":false,"failureDetails":[],"failureMessages":[],"fullName":"Ops Agent & Proposals Availability Mode Selection (Step 3) should create proposal when user selects mode by number","invocations":1,"location":null,"numPassingAsserts":3,"retryReasons":[],"startAt":1766360232597,"status":"passed","title":"should create proposal when user selects mode by number"},{"ancestorTitles":["Ops Agent & Proposals","Availability Mode Selection (Step 3)"],"duration":1,"failing":false,"failureDetails":[],"failureMessages":[],"fullName":"Ops Agent & Proposals Availability Mode Selection (Step 3) should create proposal when user selects mode by name","invocations":1,"location":null,"numPassingAsserts":2,"retryReasons":[],"startAt":1766360232598,"status":"passed","title":"should create proposal when user selects mode by name"},{"ancestorTitles":["Ops Agent & Proposals","Review and Publish (Step 4)"],"duration":0,"failing":false,"failureDetails":[],"failureMessages":[],"fullName":"Ops Agent & Proposals Review and Publish (Step 4) should show go-live summary with checklist","invocations":1,"location":null,"numPassingAsserts":4,"retryReasons":[],"startAt":1766360232600,"status":"passed","title":"should show go-live summary with checklist"},{"ancestorTitles":["Ops Agent & Proposals","Review and Publish (Step 4)"],"duration":1,"failing":false,"failureDetails":[],"failureMessages":[],"fullName":"Ops Agent & Proposals Review and Publish (Step 4) should advance to live_ops on YES approval","invocations":1,"location":null,"numPassingAsserts":3,"retryReasons":[],"startAt":1766360232601,"status":"passed","title":"should advance to live_ops on YES approval"}],"endTime":1766360232607,"message":"","name":"/Users/apple_trnc/Downloads/easy-islanders/functions/src/services/domains/onboarding/onboarding.test.ts","startTime":1766360230841,"status":"passed","summary":""},{"assertionResults":[{"ancestorTitles":["Bookings Schema"],"duration":116,"failing":false,"failureDetails":[],"failureMessages":[],"fullName":"Bookings Schema validates a complete booking object","invocations":1,"location":null,"numPassingAsserts":1,"retryReasons":[],"startAt":1766360231990,"status":"passed","title":"validates a complete booking object"},{"ancestorTitles":["Bookings Schema"],"duration":2,"failing":false,"failureDetails":[],"failureMessages":[],"fullName":"Bookings Schema rejects booking without required userId","invocations":1,"location":null,"numPassingAsserts":1,"retryReasons":[],"startAt":1766360232107,"status":"passed","title":"rejects booking without required userId"},{"ancestorTitles":["Bookings Schema"],"duration":0,"failing":false,"failureDetails":[],"failureMessages":[],"fullName":"Bookings Schema rejects booking without required itemTitle","invocations":1,"location":null,"numPassingAsserts":1,"retryReasons":[],"startAt":1766360232109,"status":"passed","title":"rejects booking without required itemTitle"},{"ancestorTitles":["Bookings Schema"],"duration":7,"failing":false,"failureDetails":[],"failureMessages":[],"fullName":"Bookings Schema validates all booking types","invocations":1,"location":null,"numPassingAsserts":5,"retryReasons":[],"startAt":1766360232110,"status":"passed","title":"validates all booking types"},{"ancestorTitles":["Bookings Schema"],"duration":4,"failing":false,"failureDetails":[],"failureMessages":[],"fullName":"Bookings Schema validates all booking statuses","invocations":1,"location":null,"numPassingAsserts":5,"retryReasons":[],"startAt":1766360232117,"status":"passed","title":"validates all booking statuses"},{"ancestorTitles":["Bookings Schema"],"duration":1,"failing":false,"failureDetails":[],"failureMessages":[],"fullName":"Bookings Schema validates CreateBookingInput requires type and itemTitle","invocations":1,"location":null,"numPassingAsserts":3,"retryReasons":[],"startAt":1766360232121,"status":"passed","title":"validates CreateBookingInput requires type and itemTitle"},{"ancestorTitles":["Booking Status Transitions"],"duration":1,"failing":false,"failureDetails":[],"failureMessages":[],"fullName":"Booking Status Transitions allows pending → confirmed","invocations":1,"location":null,"numPassingAsserts":1,"retryReasons":[],"startAt":1766360232122,"status":"passed","title":"allows pending → confirmed"},{"ancestorTitles":["Booking Status Transitions"],"duration":0,"failing":false,"failureDetails":[],"failureMessages":[],"fullName":"Booking Status Transitions allows pending → cancelled","invocations":1,"location":null,"numPassingAsserts":1,"retryReasons":[],"startAt":1766360232123,"status":"passed","title":"allows pending → cancelled"},{"ancestorTitles":["Booking Status Transitions"],"duration":1,"failing":false,"failureDetails":[],"failureMessages":[],"fullName":"Booking Status Transitions allows confirmed → completed","invocations":1,"location":null,"numPassingAsserts":1,"retryReasons":[],"startAt":1766360232123,"status":"passed","title":"allows confirmed → completed"},{"ancestorTitles":["Booking Status Transitions"],"duration":0,"failing":false,"failureDetails":[],"failureMessages":[],"fullName":"Booking Status Transitions allows confirmed → cancelled","invocations":1,"location":null,"numPassingAsserts":1,"retryReasons":[],"startAt":1766360232124,"status":"passed","title":"allows confirmed → cancelled"},{"ancestorTitles":["Booking Status Transitions"],"duration":0,"failing":false,"failureDetails":[],"failureMessages":[],"fullName":"Booking Status Transitions rejects pending → completed (must confirm first)","invocations":1,"location":null,"numPassingAsserts":1,"retryReasons":[],"startAt":1766360232125,"status":"passed","title":"rejects pending → completed (must confirm first)"},{"ancestorTitles":["Booking Status Transitions"],"duration":0,"failing":false,"failureDetails":[],"failureMessages":[],"fullName":"Booking Status Transitions rejects completed → cancelled (terminal state)","invocations":1,"location":null,"numPassingAsserts":1,"retryReasons":[],"startAt":1766360232125,"status":"passed","title":"rejects completed → cancelled (terminal state)"},{"ancestorTitles":["Booking Status Transitions"],"duration":2,"failing":false,"failureDetails":[],"failureMessages":[],"fullName":"Booking Status Transitions rejects cancelled → anything (terminal state)","invocations":1,"location":null,"numPassingAsserts":3,"retryReasons":[],"startAt":1766360232125,"status":"passed","title":"rejects cancelled → anything (terminal state)"},{"ancestorTitles":["Booking Status Transitions"],"duration":2,"failing":false,"failureDetails":[],"failureMessages":[],"fullName":"Booking Status Transitions rejects confirmed → pending (no backward transitions)","invocations":1,"location":null,"numPassingAsserts":1,"retryReasons":[],"startAt":1766360232127,"status":"passed","title":"rejects confirmed → pending (no backward transitions)"},{"ancestorTitles":["Booking Status Transitions"],"duration":1,"failing":false,"failureDetails":[],"failureMessages":[],"fullName":"Booking Status Transitions rejects completed → pending (no backward transitions)","invocations":1,"location":null,"numPassingAsserts":1,"retryReasons":[],"startAt":1766360232129,"status":"passed","title":"rejects completed → pending (no backward transitions)"},{"ancestorTitles":["BookingsService Contract"],"duration":1,"failing":false,"failureDetails":[],"failureMessages":[],"fullName":"BookingsService Contract exposes getBooking method","invocations":1,"location":null,"numPassingAsserts":1,"retryReasons":[],"startAt":1766360232130,"status":"passed","title":"exposes getBooking method"},{"ancestorTitles":["BookingsService Contract"],"duration":0,"failing":false,"failureDetails":[],"failureMessages":[],"fullName":"BookingsService Contract exposes createBooking method","invocations":1,"location":null,"numPassingAsserts":1,"retryReasons":[],"startAt":1766360232131,"status":"passed","title":"exposes createBooking method"},{"ancestorTitles":["BookingsService Contract"],"duration":1,"failing":false,"failureDetails":[],"failureMessages":[],"fullName":"BookingsService Contract exposes getBookingsForUser method","invocations":1,"location":null,"numPassingAsserts":1,"retryReasons":[],"startAt":1766360232131,"status":"passed","title":"exposes getBookingsForUser method"},{"ancestorTitles":["BookingsService Contract"],"duration":0,"failing":false,"failureDetails":[],"failureMessages":[],"fullName":"BookingsService Contract exposes updateBookingStatus method","invocations":1,"location":null,"numPassingAsserts":1,"retryReasons":[],"startAt":1766360232132,"status":"passed","title":"exposes updateBookingStatus method"},{"ancestorTitles":["BookingsService Contract"],"duration":0,"failing":false,"failureDetails":[],"failureMessages":[],"fullName":"BookingsService Contract does NOT expose createRequest on BookingsService","invocations":1,"location":null,"numPassingAsserts":1,"retryReasons":[],"startAt":1766360232132,"status":"passed","title":"does NOT expose createRequest on BookingsService"},{"ancestorTitles":["BookingsService Contract"],"duration":1,"failing":false,"failureDetails":[],"failureMessages":[],"fullName":"BookingsService Contract does NOT expose createListing on BookingsService","invocations":1,"location":null,"numPassingAsserts":1,"retryReasons":[],"startAt":1766360232133,"status":"passed","title":"does NOT expose createListing on BookingsService"},{"ancestorTitles":["BookingsService Contract"],"duration":1,"failing":false,"failureDetails":[],"failureMessages":[],"fullName":"BookingsService Contract does NOT expose getUser on BookingsService","invocations":1,"location":null,"numPassingAsserts":1,"retryReasons":[],"startAt":1766360232134,"status":"passed","title":"does NOT expose getUser on BookingsService"},{"ancestorTitles":["BookingsService Contract"],"duration":0,"failing":false,"failureDetails":[],"failureMessages":[],"fullName":"BookingsService Contract does NOT expose checkIn on BookingsService","invocations":1,"location":null,"numPassingAsserts":1,"retryReasons":[],"startAt":1766360232135,"status":"passed","title":"does NOT expose checkIn on BookingsService"},{"ancestorTitles":["BookingsService Contract"],"duration":1,"failing":false,"failureDetails":[],"failureMessages":[],"fullName":"BookingsService Contract does NOT expose Firestore directly","invocations":1,"location":null,"numPassingAsserts":2,"retryReasons":[],"startAt":1766360232135,"status":"passed","title":"does NOT expose Firestore directly"},{"ancestorTitles":["BookingsController Contract"],"duration":13,"failing":false,"failureDetails":[],"failureMessages":[],"fullName":"BookingsController Contract exposes getBooking method","invocations":1,"location":null,"numPassingAsserts":1,"retryReasons":[],"startAt":1766360232136,"status":"passed","title":"exposes getBooking method"},{"ancestorTitles":["BookingsController Contract"],"duration":1,"failing":false,"failureDetails":[],"failureMessages":[],"fullName":"BookingsController Contract exposes createBooking method","invocations":1,"location":null,"numPassingAsserts":1,"retryReasons":[],"startAt":1766360232149,"status":"passed","title":"exposes createBooking method"},{"ancestorTitles":["BookingsController Contract"],"duration":0,"failing":false,"failureDetails":[],"failureMessages":[],"fullName":"BookingsController Contract exposes confirmBooking method","invocations":1,"location":null,"numPassingAsserts":1,"retryReasons":[],"startAt":1766360232150,"status":"passed","title":"exposes confirmBooking method"},{"ancestorTitles":["BookingsController Contract"],"duration":0,"failing":false,"failureDetails":[],"failureMessages":[],"fullName":"BookingsController Contract exposes completeBooking method","invocations":1,"location":null,"numPassingAsserts":1,"retryReasons":[],"startAt":1766360232150,"status":"passed","title":"exposes completeBooking method"},{"ancestorTitles":["BookingsController Contract"],"duration":1,"failing":false,"failureDetails":[],"failureMessages":[],"fullName":"BookingsController Contract exposes cancelBooking method","invocations":1,"location":null,"numPassingAsserts":1,"retryReasons":[],"startAt":1766360232150,"status":"passed","title":"exposes cancelBooking method"},{"ancestorTitles":["BookingsController Contract"],"duration":1,"failing":false,"failureDetails":[],"failureMessages":[],"fullName":"BookingsController Contract does NOT expose raw Firestore methods","invocations":1,"location":null,"numPassingAsserts":2,"retryReasons":[],"startAt":1766360232151,"status":"passed","title":"does NOT expose raw Firestore methods"},{"ancestorTitles":["Bookings Permissions"],"duration":1,"failing":false,"failureDetails":[],"failureMessages":[],"fullName":"Bookings Permissions allows authenticated user to create booking","invocations":1,"location":null,"numPassingAsserts":1,"retryReasons":[],"startAt":1766360232152,"status":"passed","title":"allows authenticated user to create booking"},{"ancestorTitles":["Bookings Permissions"],"duration":0,"failing":false,"failureDetails":[],"failureMessages":[],"fullName":"Bookings Permissions allows user to view their own booking","invocations":1,"location":null,"numPassingAsserts":1,"retryReasons":[],"startAt":1766360232154,"status":"passed","title":"allows user to view their own booking"},{"ancestorTitles":["Bookings Permissions"],"duration":0,"failing":false,"failureDetails":[],"failureMessages":[],"fullName":"Bookings Permissions allows admin to view any booking","invocations":1,"location":null,"numPassingAsserts":1,"retryReasons":[],"startAt":1766360232154,"status":"passed","title":"allows admin to view any booking"},{"ancestorTitles":["Bookings Permissions"],"duration":0,"failing":false,"failureDetails":[],"failureMessages":[],"fullName":"Bookings Permissions allows user to cancel their own booking","invocations":1,"location":null,"numPassingAsserts":1,"retryReasons":[],"startAt":1766360232155,"status":"passed","title":"allows user to cancel their own booking"},{"ancestorTitles":["Bookings Permissions"],"duration":1,"failing":false,"failureDetails":[],"failureMessages":[],"fullName":"Bookings Permissions allows admin to confirm any booking","invocations":1,"location":null,"numPassingAsserts":1,"retryReasons":[],"startAt":1766360232155,"status":"passed","title":"allows admin to confirm any booking"},{"ancestorTitles":["Bookings Permissions"],"duration":2,"failing":false,"failureDetails":[{"message":"expect(received).resolves.not.toThrow()\n\nReceived promise rejected instead of resolved\nRejected to value: [AppError: Cannot complete a pending booking]"}],"failureMessages":["Error: expect(received).resolves.not.toThrow()\n\nReceived promise rejected instead of resolved\nRejected to value: [AppError: Cannot complete a pending booking]\n    at expect (/Users/apple_trnc/Downloads/easy-islanders/node_modules/.pnpm/expect@30.2.0/node_modules/expect/build/index.js:2116:15)\n    at Object.<anonymous> (/Users/apple_trnc/Downloads/easy-islanders/functions/src/modules/bookings/bookings.test.ts:327:15)\n    at processTicksAndRejections (node:internal/process/task_queues:103:5)"],"fullName":"Bookings Permissions allows admin to complete any booking","invocations":1,"location":null,"numPassingAsserts":0,"retryReasons":[],"startAt":1766360232156,"status":"failed","title":"allows admin to complete any booking"},{"ancestorTitles":["Bookings Functions Exports"],"duration":420,"failing":false,"failureDetails":[],"failureMessages":[],"fullName":"Bookings Functions Exports exports createBooking function","invocations":1,"location":null,"numPassingAsserts":1,"retryReasons":[],"startAt":1766360232181,"status":"passed","title":"exports createBooking function"},{"ancestorTitles":["Bookings Functions Exports"],"duration":0,"failing":false,"failureDetails":[],"failureMessages":[],"fullName":"Bookings Functions Exports exports getBooking function","invocations":1,"location":null,"numPassingAsserts":1,"retryReasons":[],"startAt":1766360232601,"status":"passed","title":"exports getBooking function"},{"ancestorTitles":["Bookings Functions Exports"],"duration":1,"failing":false,"failureDetails":[],"failureMessages":[],"fullName":"Bookings Functions Exports exports getMyBookings function","invocations":1,"location":null,"numPassingAsserts":1,"retryReasons":[],"startAt":1766360232601,"status":"passed","title":"exports getMyBookings function"},{"ancestorTitles":["Bookings Functions Exports"],"duration":0,"failing":false,"failureDetails":[],"failureMessages":[],"fullName":"Bookings Functions Exports exports confirmBooking function","invocations":1,"location":null,"numPassingAsserts":1,"retryReasons":[],"startAt":1766360232602,"status":"passed","title":"exports confirmBooking function"},{"ancestorTitles":["Bookings Functions Exports"],"duration":0,"failing":false,"failureDetails":[],"failureMessages":[],"fullName":"Bookings Functions Exports exports completeBooking function","invocations":1,"location":null,"numPassingAsserts":1,"retryReasons":[],"startAt":1766360232602,"status":"passed","title":"exports completeBooking function"},{"ancestorTitles":["Bookings Functions Exports"],"duration":1,"failing":false,"failureDetails":[],"failureMessages":[],"fullName":"Bookings Functions Exports exports cancelBooking function","invocations":1,"location":null,"numPassingAsserts":1,"retryReasons":[],"startAt":1766360232602,"status":"passed","title":"exports cancelBooking function"}],"endTime":1766360232689,"message":"  ● Bookings Permissions › allows admin to complete any booking\n\n    expect(received).resolves.not.toThrow()\n\n    Received promise rejected instead of resolved\n    Rejected to value: [AppError: Cannot complete a pending booking]\n\n      325 |         const ctx = { uid: \"admin123\", role: \"admin\" as const, isAdmin: true };\n      326 |\n    > 327 |         await expect(\n          |               ^\n      328 |             BookingsController.completeBooking(ctx, \"booking123\")\n      329 |         ).resolves.not.toThrow();\n      330 |     });\n\n      at expect (../node_modules/.pnpm/expect@30.2.0/node_modules/expect/build/index.js:2116:15)\n      at Object.<anonymous> (src/modules/bookings/bookings.test.ts:327:15)\n","name":"/Users/apple_trnc/Downloads/easy-islanders/functions/src/modules/bookings/bookings.test.ts","startTime":1766360230834,"status":"failed","summary":""},{"assertionResults":[{"ancestorTitles":["Connect Schema"],"duration":135,"failing":false,"failureDetails":[],"failureMessages":[],"fullName":"Connect Schema validates a complete check-in object","invocations":1,"location":null,"numPassingAsserts":1,"retryReasons":[],"startAt":1766360231991,"status":"passed","title":"validates a complete check-in object"},{"ancestorTitles":["Connect Schema"],"duration":1,"failing":false,"failureDetails":[],"failureMessages":[],"fullName":"Connect Schema rejects check-in without required pinId","invocations":1,"location":null,"numPassingAsserts":1,"retryReasons":[],"startAt":1766360232129,"status":"passed","title":"rejects check-in without required pinId"},{"ancestorTitles":["Connect Schema"],"duration":1,"failing":false,"failureDetails":[],"failureMessages":[],"fullName":"Connect Schema rejects check-in without expiresAt","invocations":1,"location":null,"numPassingAsserts":1,"retryReasons":[],"startAt":1766360232131,"status":"passed","title":"rejects check-in without expiresAt"},{"ancestorTitles":["Connect Schema"],"duration":4,"failing":false,"failureDetails":[],"failureMessages":[],"fullName":"Connect Schema validates all pin types","invocations":1,"location":null,"numPassingAsserts":4,"retryReasons":[],"startAt":1766360232132,"status":"passed","title":"validates all pin types"},{"ancestorTitles":["Connect Schema"],"duration":0,"failing":false,"failureDetails":[],"failureMessages":[],"fullName":"Connect Schema validates all activity types","invocations":1,"location":null,"numPassingAsserts":4,"retryReasons":[],"startAt":1766360232137,"status":"passed","title":"validates all activity types"},{"ancestorTitles":["Connect Schema"],"duration":0,"failing":false,"failureDetails":[],"failureMessages":[],"fullName":"Connect Schema validates join statuses","invocations":1,"location":null,"numPassingAsserts":3,"retryReasons":[],"startAt":1766360232138,"status":"passed","title":"validates join statuses"},{"ancestorTitles":["Connect Schema"],"duration":1,"failing":false,"failureDetails":[],"failureMessages":[],"fullName":"Connect Schema validates a complete join object","invocations":1,"location":null,"numPassingAsserts":1,"retryReasons":[],"startAt":1766360232138,"status":"passed","title":"validates a complete join object"},{"ancestorTitles":["Connect Schema"],"duration":1,"failing":false,"failureDetails":[],"failureMessages":[],"fullName":"Connect Schema validates CheckInInput requires pinId and pinType","invocations":1,"location":null,"numPassingAsserts":3,"retryReasons":[],"startAt":1766360232139,"status":"passed","title":"validates CheckInInput requires pinId and pinType"},{"ancestorTitles":["Connect Schema"],"duration":0,"failing":false,"failureDetails":[],"failureMessages":[],"fullName":"Connect Schema validates JoinEventInput requires eventId","invocations":1,"location":null,"numPassingAsserts":2,"retryReasons":[],"startAt":1766360232141,"status":"passed","title":"validates JoinEventInput requires eventId"},{"ancestorTitles":["Connect Schema"],"duration":2,"failing":false,"failureDetails":[],"failureMessages":[],"fullName":"Connect Schema validates LeaveEventInput requires eventId","invocations":1,"location":null,"numPassingAsserts":2,"retryReasons":[],"startAt":1766360232141,"status":"passed","title":"validates LeaveEventInput requires eventId"},{"ancestorTitles":["Connect Schema"],"duration":3,"failing":false,"failureDetails":[],"failureMessages":[],"fullName":"Connect Schema validates FeedQuery with optional fields","invocations":1,"location":null,"numPassingAsserts":5,"retryReasons":[],"startAt":1766360232143,"status":"passed","title":"validates FeedQuery with optional fields"},{"ancestorTitles":["Connect Schema"],"duration":1,"failing":false,"failureDetails":[],"failureMessages":[],"fullName":"Connect Schema validates LiveVenuesQuery with optional fields","invocations":1,"location":null,"numPassingAsserts":3,"retryReasons":[],"startAt":1766360232146,"status":"passed","title":"validates LiveVenuesQuery with optional fields"},{"ancestorTitles":["Connect Schema"],"duration":0,"failing":false,"failureDetails":[],"failureMessages":[],"fullName":"Connect Schema validates UpsertCurationInput","invocations":1,"location":null,"numPassingAsserts":2,"retryReasons":[],"startAt":1766360232148,"status":"passed","title":"validates UpsertCurationInput"},{"ancestorTitles":["Check-in Expiry"],"duration":0,"failing":false,"failureDetails":[],"failureMessages":[],"fullName":"Check-in Expiry CHECKIN_EXPIRY_HOURS equals 4","invocations":1,"location":null,"numPassingAsserts":1,"retryReasons":[],"startAt":1766360232149,"status":"passed","title":"CHECKIN_EXPIRY_HOURS equals 4"},{"ancestorTitles":["ConnectService Contract"],"duration":1,"failing":false,"failureDetails":[],"failureMessages":[],"fullName":"ConnectService Contract exposes upsertCheckIn method","invocations":1,"location":null,"numPassingAsserts":1,"retryReasons":[],"startAt":1766360232149,"status":"passed","title":"exposes upsertCheckIn method"},{"ancestorTitles":["ConnectService Contract"],"duration":0,"failing":false,"failureDetails":[],"failureMessages":[],"fullName":"ConnectService Contract exposes getActiveCheckIns method","invocations":1,"location":null,"numPassingAsserts":1,"retryReasons":[],"startAt":1766360232150,"status":"passed","title":"exposes getActiveCheckIns method"},{"ancestorTitles":["ConnectService Contract"],"duration":0,"failing":false,"failureDetails":[],"failureMessages":[],"fullName":"ConnectService Contract exposes upsertJoinJoined method","invocations":1,"location":null,"numPassingAsserts":1,"retryReasons":[],"startAt":1766360232151,"status":"passed","title":"exposes upsertJoinJoined method"},{"ancestorTitles":["ConnectService Contract"],"duration":0,"failing":false,"failureDetails":[],"failureMessages":[],"fullName":"ConnectService Contract exposes upsertJoinLeft method","invocations":1,"location":null,"numPassingAsserts":1,"retryReasons":[],"startAt":1766360232151,"status":"passed","title":"exposes upsertJoinLeft method"},{"ancestorTitles":["ConnectService Contract"],"duration":0,"failing":false,"failureDetails":[],"failureMessages":[],"fullName":"ConnectService Contract exposes getActiveFeed method","invocations":1,"location":null,"numPassingAsserts":1,"retryReasons":[],"startAt":1766360232152,"status":"passed","title":"exposes getActiveFeed method"},{"ancestorTitles":["ConnectService Contract"],"duration":0,"failing":false,"failureDetails":[],"failureMessages":[],"fullName":"ConnectService Contract exposes getLiveVenues method","invocations":1,"location":null,"numPassingAsserts":1,"retryReasons":[],"startAt":1766360232152,"status":"passed","title":"exposes getLiveVenues method"},{"ancestorTitles":["ConnectService Contract"],"duration":1,"failing":false,"failureDetails":[],"failureMessages":[],"fullName":"ConnectService Contract exposes getCurationItems method","invocations":1,"location":null,"numPassingAsserts":1,"retryReasons":[],"startAt":1766360232152,"status":"passed","title":"exposes getCurationItems method"},{"ancestorTitles":["ConnectService Contract"],"duration":0,"failing":false,"failureDetails":[],"failureMessages":[],"fullName":"ConnectService Contract exposes upsertCurationItem method","invocations":1,"location":null,"numPassingAsserts":1,"retryReasons":[],"startAt":1766360232153,"status":"passed","title":"exposes upsertCurationItem method"},{"ancestorTitles":["ConnectService Contract"],"duration":1,"failing":false,"failureDetails":[],"failureMessages":[],"fullName":"ConnectService Contract does NOT expose createListing","invocations":1,"location":null,"numPassingAsserts":1,"retryReasons":[],"startAt":1766360232153,"status":"passed","title":"does NOT expose createListing"},{"ancestorTitles":["ConnectService Contract"],"duration":0,"failing":false,"failureDetails":[],"failureMessages":[],"fullName":"ConnectService Contract does NOT expose updateListing","invocations":1,"location":null,"numPassingAsserts":1,"retryReasons":[],"startAt":1766360232154,"status":"passed","title":"does NOT expose updateListing"},{"ancestorTitles":["ConnectService Contract"],"duration":1,"failing":false,"failureDetails":[],"failureMessages":[],"fullName":"ConnectService Contract does NOT expose approveListing","invocations":1,"location":null,"numPassingAsserts":1,"retryReasons":[],"startAt":1766360232154,"status":"passed","title":"does NOT expose approveListing"},{"ancestorTitles":["ConnectService Contract"],"duration":2,"failing":false,"failureDetails":[],"failureMessages":[],"fullName":"ConnectService Contract does NOT expose getUser","invocations":1,"location":null,"numPassingAsserts":1,"retryReasons":[],"startAt":1766360232155,"status":"passed","title":"does NOT expose getUser"},{"ancestorTitles":["ConnectService Contract"],"duration":0,"failing":false,"failureDetails":[],"failureMessages":[],"fullName":"ConnectService Contract does NOT expose updateProfile","invocations":1,"location":null,"numPassingAsserts":1,"retryReasons":[],"startAt":1766360232158,"status":"passed","title":"does NOT expose updateProfile"},{"ancestorTitles":["ConnectService Contract"],"duration":0,"failing":false,"failureDetails":[],"failureMessages":[],"fullName":"ConnectService Contract does NOT expose createRequest","invocations":1,"location":null,"numPassingAsserts":1,"retryReasons":[],"startAt":1766360232158,"status":"passed","title":"does NOT expose createRequest"},{"ancestorTitles":["ConnectService Contract"],"duration":0,"failing":false,"failureDetails":[],"failureMessages":[],"fullName":"ConnectService Contract does NOT expose updateRequestStatus","invocations":1,"location":null,"numPassingAsserts":1,"retryReasons":[],"startAt":1766360232158,"status":"passed","title":"does NOT expose updateRequestStatus"},{"ancestorTitles":["ConnectService Contract"],"duration":0,"failing":false,"failureDetails":[],"failureMessages":[],"fullName":"ConnectService Contract does NOT expose createBooking","invocations":1,"location":null,"numPassingAsserts":1,"retryReasons":[],"startAt":1766360232159,"status":"passed","title":"does NOT expose createBooking"},{"ancestorTitles":["ConnectService Contract"],"duration":0,"failing":false,"failureDetails":[],"failureMessages":[],"fullName":"ConnectService Contract does NOT expose confirmBooking","invocations":1,"location":null,"numPassingAsserts":1,"retryReasons":[],"startAt":1766360232159,"status":"passed","title":"does NOT expose confirmBooking"},{"ancestorTitles":["ConnectService Contract"],"duration":0,"failing":false,"failureDetails":[],"failureMessages":[],"fullName":"ConnectService Contract does NOT expose Firestore directly","invocations":1,"location":null,"numPassingAsserts":2,"retryReasons":[],"startAt":1766360232159,"status":"passed","title":"does NOT expose Firestore directly"},{"ancestorTitles":["ConnectController Contract"],"duration":16,"failing":false,"failureDetails":[],"failureMessages":[],"fullName":"ConnectController Contract exposes checkIn method","invocations":1,"location":null,"numPassingAsserts":1,"retryReasons":[],"startAt":1766360232160,"status":"passed","title":"exposes checkIn method"},{"ancestorTitles":["ConnectController Contract"],"duration":2,"failing":false,"failureDetails":[],"failureMessages":[],"fullName":"ConnectController Contract exposes joinEvent method","invocations":1,"location":null,"numPassingAsserts":1,"retryReasons":[],"startAt":1766360232176,"status":"passed","title":"exposes joinEvent method"},{"ancestorTitles":["ConnectController Contract"],"duration":0,"failing":false,"failureDetails":[],"failureMessages":[],"fullName":"ConnectController Contract exposes leaveEvent method","invocations":1,"location":null,"numPassingAsserts":1,"retryReasons":[],"startAt":1766360232178,"status":"passed","title":"exposes leaveEvent method"},{"ancestorTitles":["ConnectController Contract"],"duration":1,"failing":false,"failureDetails":[],"failureMessages":[],"fullName":"ConnectController Contract exposes getActiveFeed method","invocations":1,"location":null,"numPassingAsserts":1,"retryReasons":[],"startAt":1766360232178,"status":"passed","title":"exposes getActiveFeed method"},{"ancestorTitles":["ConnectController Contract"],"duration":0,"failing":false,"failureDetails":[],"failureMessages":[],"fullName":"ConnectController Contract exposes getLiveVenues method","invocations":1,"location":null,"numPassingAsserts":1,"retryReasons":[],"startAt":1766360232179,"status":"passed","title":"exposes getLiveVenues method"},{"ancestorTitles":["ConnectController Contract"],"duration":1,"failing":false,"failureDetails":[],"failureMessages":[],"fullName":"ConnectController Contract exposes getCurationItems method","invocations":1,"location":null,"numPassingAsserts":1,"retryReasons":[],"startAt":1766360232179,"status":"passed","title":"exposes getCurationItems method"},{"ancestorTitles":["ConnectController Contract"],"duration":0,"failing":false,"failureDetails":[],"failureMessages":[],"fullName":"ConnectController Contract exposes upsertCurationItem method","invocations":1,"location":null,"numPassingAsserts":1,"retryReasons":[],"startAt":1766360232180,"status":"passed","title":"exposes upsertCurationItem method"},{"ancestorTitles":["ConnectController Contract"],"duration":2,"failing":false,"failureDetails":[],"failureMessages":[],"fullName":"ConnectController Contract does NOT expose raw Firestore methods","invocations":1,"location":null,"numPassingAsserts":2,"retryReasons":[],"startAt":1766360232180,"status":"passed","title":"does NOT expose raw Firestore methods"},{"ancestorTitles":["Connect Permissions"],"duration":1,"failing":false,"failureDetails":[],"failureMessages":[],"fullName":"Connect Permissions allows authenticated user to check in","invocations":1,"location":null,"numPassingAsserts":1,"retryReasons":[],"startAt":1766360232182,"status":"passed","title":"allows authenticated user to check in"},{"ancestorTitles":["Connect Permissions"],"duration":1,"failing":false,"failureDetails":[],"failureMessages":[],"fullName":"Connect Permissions allows authenticated user to join event","invocations":1,"location":null,"numPassingAsserts":1,"retryReasons":[],"startAt":1766360232183,"status":"passed","title":"allows authenticated user to join event"},{"ancestorTitles":["Connect Permissions"],"duration":1,"failing":false,"failureDetails":[],"failureMessages":[],"fullName":"Connect Permissions allows authenticated user to leave event","invocations":1,"location":null,"numPassingAsserts":1,"retryReasons":[],"startAt":1766360232184,"status":"passed","title":"allows authenticated user to leave event"},{"ancestorTitles":["Connect Permissions"],"duration":0,"failing":false,"failureDetails":[],"failureMessages":[],"fullName":"Connect Permissions allows authenticated user to get active feed","invocations":1,"location":null,"numPassingAsserts":1,"retryReasons":[],"startAt":1766360232185,"status":"passed","title":"allows authenticated user to get active feed"},{"ancestorTitles":["Connect Permissions"],"duration":1,"failing":false,"failureDetails":[],"failureMessages":[],"fullName":"Connect Permissions allows authenticated user to get live venues","invocations":1,"location":null,"numPassingAsserts":1,"retryReasons":[],"startAt":1766360232185,"status":"passed","title":"allows authenticated user to get live venues"},{"ancestorTitles":["Connect Permissions"],"duration":0,"failing":false,"failureDetails":[],"failureMessages":[],"fullName":"Connect Permissions allows authenticated user to get curation items","invocations":1,"location":null,"numPassingAsserts":1,"retryReasons":[],"startAt":1766360232186,"status":"passed","title":"allows authenticated user to get curation items"},{"ancestorTitles":["Connect Permissions"],"duration":68,"failing":false,"failureDetails":[{"matcherResult":{"message":"expect(received).rejects.toThrow(expected)\n\nExpected substring: \"PERMISSION_DENIED\"\nReceived message:   \"Only admins can manage curation\"\n\n      171 |         // Permission check: admin only\n      172 |         if (!isAdmin(ctx)) {\n    > 173 |             throw new AppError(\"PERMISSION_DENIED\", \"Only admins can manage curation\");\n          |                   ^\n      174 |         }\n      175 |\n      176 |         // Validate input\n\n      at Object.upsertCurationItem (src/modules/connect/connect.controller.ts:173:19)\n      at Object.<anonymous> (src/modules/connect/connect.test.ts:420:31)","pass":false},"message":"expect(received).rejects.toThrow(expected)\n\nExpected substring: \"PERMISSION_DENIED\"\nReceived message:   \"Only admins can manage curation\"\n\n      171 |         // Permission check: admin only\n      172 |         if (!isAdmin(ctx)) {\n    > 173 |             throw new AppError(\"PERMISSION_DENIED\", \"Only admins can manage curation\");\n          |                   ^\n      174 |         }\n      175 |\n      176 |         // Validate input\n\n      at Object.upsertCurationItem (src/modules/connect/connect.controller.ts:173:19)\n      at Object.<anonymous> (src/modules/connect/connect.test.ts:420:31)"}],"failureMessages":["Error: expect(received).rejects.toThrow(expected)\n\nExpected substring: \"PERMISSION_DENIED\"\nReceived message:   \"Only admins can manage curation\"\n\n      171 |         // Permission check: admin only\n      172 |         if (!isAdmin(ctx)) {\n    > 173 |             throw new AppError(\"PERMISSION_DENIED\", \"Only admins can manage curation\");\n          |                   ^\n      174 |         }\n      175 |\n      176 |         // Validate input\n\n      at Object.upsertCurationItem (src/modules/connect/connect.controller.ts:173:19)\n      at Object.<anonymous> (src/modules/connect/connect.test.ts:420:31)\n    at Object.toThrow (/Users/apple_trnc/Downloads/easy-islanders/node_modules/.pnpm/expect@30.2.0/node_modules/expect/build/index.js:2155:20)\n    at Object.<anonymous> (/Users/apple_trnc/Downloads/easy-islanders/functions/src/modules/connect/connect.test.ts:421:19)\n    at processTicksAndRejections (node:internal/process/task_queues:103:5)"],"fullName":"Connect Permissions denies non-admin from upserting curation item","invocations":1,"location":null,"numPassingAsserts":0,"retryReasons":[],"startAt":1766360232186,"status":"failed","title":"denies non-admin from upserting curation item"},{"ancestorTitles":["Connect Permissions"],"duration":1,"failing":false,"failureDetails":[],"failureMessages":[],"fullName":"Connect Permissions allows admin to upsert curation item","invocations":1,"location":null,"numPassingAsserts":1,"retryReasons":[],"startAt":1766360232256,"status":"passed","title":"allows admin to upsert curation item"},{"ancestorTitles":["Connect Permissions"],"duration":0,"failing":false,"failureDetails":[],"failureMessages":[],"fullName":"Connect Permissions allows provider to check in","invocations":1,"location":null,"numPassingAsserts":1,"retryReasons":[],"startAt":1766360232258,"status":"passed","title":"allows provider to check in"},{"ancestorTitles":["Connect Functions Exports"],"duration":450,"failing":false,"failureDetails":[],"failureMessages":[],"fullName":"Connect Functions Exports exports checkIn function","invocations":1,"location":null,"numPassingAsserts":1,"retryReasons":[],"startAt":1766360232258,"status":"passed","title":"exports checkIn function"},{"ancestorTitles":["Connect Functions Exports"],"duration":1,"failing":false,"failureDetails":[],"failureMessages":[],"fullName":"Connect Functions Exports exports joinEvent function","invocations":1,"location":null,"numPassingAsserts":1,"retryReasons":[],"startAt":1766360232709,"status":"passed","title":"exports joinEvent function"},{"ancestorTitles":["Connect Functions Exports"],"duration":1,"failing":false,"failureDetails":[],"failureMessages":[],"fullName":"Connect Functions Exports exports leaveEvent function","invocations":1,"location":null,"numPassingAsserts":1,"retryReasons":[],"startAt":1766360232711,"status":"passed","title":"exports leaveEvent function"},{"ancestorTitles":["Connect Functions Exports"],"duration":0,"failing":false,"failureDetails":[],"failureMessages":[],"fullName":"Connect Functions Exports exports getActiveFeed function","invocations":1,"location":null,"numPassingAsserts":1,"retryReasons":[],"startAt":1766360232712,"status":"passed","title":"exports getActiveFeed function"},{"ancestorTitles":["Connect Functions Exports"],"duration":0,"failing":false,"failureDetails":[],"failureMessages":[],"fullName":"Connect Functions Exports exports getLiveVenues function","invocations":1,"location":null,"numPassingAsserts":1,"retryReasons":[],"startAt":1766360232713,"status":"passed","title":"exports getLiveVenues function"},{"ancestorTitles":["Connect Functions Exports"],"duration":1,"failing":false,"failureDetails":[],"failureMessages":[],"fullName":"Connect Functions Exports exports getCurationItems function","invocations":1,"location":null,"numPassingAsserts":1,"retryReasons":[],"startAt":1766360232713,"status":"passed","title":"exports getCurationItems function"},{"ancestorTitles":["Connect Functions Exports"],"duration":0,"failing":false,"failureDetails":[],"failureMessages":[],"fullName":"Connect Functions Exports exports upsertCurationItem function","invocations":1,"location":null,"numPassingAsserts":1,"retryReasons":[],"startAt":1766360232714,"status":"passed","title":"exports upsertCurationItem function"}],"endTime":1766360232754,"message":"  ● Connect Permissions › denies non-admin from upserting curation item\n\n    expect(received).rejects.toThrow(expected)\n\n    Expected substring: \"PERMISSION_DENIED\"\n    Received message:   \"Only admins can manage curation\"\n\n          171 |         // Permission check: admin only\n          172 |         if (!isAdmin(ctx)) {\n        > 173 |             throw new AppError(\"PERMISSION_DENIED\", \"Only admins can manage curation\");\n              |                   ^\n          174 |         }\n          175 |\n          176 |         // Validate input\n\n      at Object.upsertCurationItem (src/modules/connect/connect.contro
[...]
":false,"failureDetails":[],"failureMessages":[],"fullName":"Auth Middleware isAuthenticated should include businessId from token","invocations":1,"location":null,"numPassingAsserts":2,"retryReasons":[],"startAt":1766360234342,"status":"passed","title":"should include businessId from token"},{"ancestorTitles":["Auth Middleware","isBusiness"],"duration":1,"failing":false,"failureDetails":[],"failureMessages":[],"fullName":"Auth Middleware isBusiness should reject non-business users","invocations":1,"location":null,"numPassingAsserts":3,"retryReasons":[],"startAt":1766360234344,"status":"passed","title":"should reject non-business users"},{"ancestorTitles":["Auth Middleware","isBusiness"],"duration":1,"failing":false,"failureDetails":[],"failureMessages":[],"fullName":"Auth Middleware isBusiness should allow business users","invocations":1,"location":null,"numPassingAsserts":2,"retryReasons":[],"startAt":1766360234347,"status":"passed","title":"should allow business users"},{"ancestorTitles":["Auth Middleware","isBusiness"],"duration":0,"failing":false,"failureDetails":[],"failureMessages":[],"fullName":"Auth Middleware isBusiness should allow admin users","invocations":1,"location":null,"numPassingAsserts":2,"retryReasons":[],"startAt":1766360234348,"status":"passed","title":"should allow admin users"}],"endTime":1766360234350,"message":"","name":"/Users/apple_trnc/Downloads/easy-islanders/functions/src/middleware/__tests__/auth.test.ts","startTime":1766360234025,"status":"passed","summary":""},{"assertionResults":[{"ancestorTitles":["NotificationService","PushNotificationChannel"],"duration":4,"failing":false,"failureDetails":[],"failureMessages":[],"fullName":"NotificationService PushNotificationChannel should return not available (stub)","invocations":1,"location":null,"numPassingAsserts":1,"retryReasons":[],"startAt":1766360234353,"status":"passed","title":"should return not available (stub)"},{"ancestorTitles":["NotificationService","PushNotificationChannel"],"duration":1,"failing":false,"failureDetails":[],"failureMessages":[],"fullName":"NotificationService PushNotificationChannel should return failure when send attempted","invocations":1,"location":null,"numPassingAsserts":2,"retryReasons":[],"startAt":1766360234357,"status":"passed","title":"should return failure when send attempted"},{"ancestorTitles":["NotificationService","WhatsAppNotificationChannel"],"duration":1,"failing":false,"failureDetails":[],"failureMessages":[],"fullName":"NotificationService WhatsAppNotificationChannel should be available for unlisted merchants with phone","invocations":1,"location":null,"numPassingAsserts":1,"retryReasons":[],"startAt":1766360234358,"status":"passed","title":"should be available for unlisted merchants with phone"},{"ancestorTitles":["NotificationService","WhatsAppNotificationChannel"],"duration":1,"failing":false,"failureDetails":[],"failureMessages":[],"fullName":"NotificationService WhatsAppNotificationChannel should not be available for unlisted merchants without phone","invocations":1,"location":null,"numPassingAsserts":1,"retryReasons":[],"startAt":1766360234359,"status":"passed","title":"should not be available for unlisted merchants without phone"},{"ancestorTitles":["NotificationService","NotificationService orchestration"],"duration":15,"failing":false,"failureDetails":[],"failureMessages":[],"fullName":"NotificationService NotificationService orchestration should try all channels in order","invocations":1,"location":null,"numPassingAsserts":2,"retryReasons":[],"startAt":1766360234367,"status":"passed","title":"should try all channels in order"}],"endTime":1766360234391,"message":"","name":"/Users/apple_trnc/Downloads/easy-islanders/functions/src/services/notification/__tests__/notification.test.ts","startTime":1766360234041,"status":"passed","summary":""},{"assertionResults":[{"ancestorTitles":["Job Confirmation Endpoint","ConfirmJobParamsSchema"],"duration":5,"failing":false,"failureDetails":[],"failureMessages":[],"fullName":"Job Confirmation Endpoint ConfirmJobParamsSchema should validate valid job id","invocations":1,"location":null,"numPassingAsserts":1,"retryReasons":[],"startAt":1766360234436,"status":"passed","title":"should validate valid job id"},{"ancestorTitles":["Job Confirmation Endpoint","ConfirmJobParamsSchema"],"duration":2,"failing":false,"failureDetails":[],"failureMessages":[],"fullName":"Job Confirmation Endpoint ConfirmJobParamsSchema should reject empty job id","invocations":1,"location":null,"numPassingAsserts":1,"retryReasons":[],"startAt":1766360234441,"status":"passed","title":"should reject empty job id"},{"ancestorTitles":["Job Confirmation Endpoint","ConfirmJobRequestSchema"],"duration":1,"failing":false,"failureDetails":[],"failureMessages":[],"fullName":"Job Confirmation Endpoint ConfirmJobRequestSchema should accept empty body","invocations":1,"location":null,"numPassingAsserts":1,"retryReasons":[],"startAt":1766360234443,"status":"passed","title":"should accept empty body"},{"ancestorTitles":["Job Confirmation Endpoint","ConfirmJobRequestSchema"],"duration":0,"failing":false,"failureDetails":[],"failureMessages":[],"fullName":"Job Confirmation Endpoint ConfirmJobRequestSchema should accept optional note","invocations":1,"location":null,"numPassingAsserts":1,"retryReasons":[],"startAt":1766360234445,"status":"passed","title":"should accept optional note"},{"ancestorTitles":["Job Confirmation Endpoint","confirmJob handler"],"duration":21,"failing":false,"failureDetails":[],"failureMessages":[],"fullName":"Job Confirmation Endpoint confirmJob handler should throw 404 if job does not exist","invocations":1,"location":null,"numPassingAsserts":2,"retryReasons":[],"startAt":1766360234446,"status":"passed","title":"should throw 404 if job does not exist"},{"ancestorTitles":["Job Confirmation Endpoint","confirmJob handler"],"duration":3,"failing":false,"failureDetails":[],"failureMessages":[],"fullName":"Job Confirmation Endpoint confirmJob handler should throw 403 if user is not owner","invocations":1,"location":null,"numPassingAsserts":2,"retryReasons":[],"startAt":1766360234467,"status":"passed","title":"should throw 403 if user is not owner"},{"ancestorTitles":["Job Confirmation Endpoint","confirmJob handler"],"duration":2,"failing":false,"failureDetails":[],"failureMessages":[],"fullName":"Job Confirmation Endpoint confirmJob handler should throw 400 if invalid state transition","invocations":1,"location":null,"numPassingAsserts":2,"retryReasons":[],"startAt":1766360234470,"status":"passed","title":"should throw 400 if invalid state transition"},{"ancestorTitles":["Job Confirmation Endpoint","confirmJob handler"],"duration":10,"failing":false,"failureDetails":[],"failureMessages":[],"fullName":"Job Confirmation Endpoint confirmJob handler should confirm job and return updated job","invocations":1,"location":null,"numPassingAsserts":3,"retryReasons":[],"startAt":1766360234473,"status":"passed","title":"should confirm job and return updated job"}],"endTime":1766360234486,"message":"","name":"/Users/apple_trnc/Downloads/easy-islanders/functions/src/http/v1/jobs/__tests__/confirm.test.ts","startTime":1766360234167,"status":"passed","summary":""},{"assertionResults":[{"ancestorTitles":["WhatsApp Inbound Repository","Receipt creation principles"],"duration":3,"failing":false,"failureDetails":[],"failureMessages":[],"fullName":"WhatsApp Inbound Repository Receipt creation principles should use MessageSid as document ID for idempotency","invocations":1,"location":null,"numPassingAsserts":1,"retryReasons":[],"startAt":1766360234500,"status":"passed","title":"should use MessageSid as document ID for idempotency"},{"ancestorTitles":["WhatsApp Inbound Repository","Receipt creation principles"],"duration":1,"failing":false,"failureDetails":[],"failureMessages":[],"fullName":"WhatsApp Inbound Repository Receipt creation principles should track status lifecycle: queued → processing → processed","invocations":1,"location":null,"numPassingAsserts":4,"retryReasons":[],"startAt":1766360234503,"status":"passed","title":"should track status lifecycle: queued → processing → processed"},{"ancestorTitles":["WhatsApp Inbound Repository","Idempotency contract"],"duration":0,"failing":false,"failureDetails":[],"failureMessages":[],"fullName":"WhatsApp Inbound Repository Idempotency contract createIfAbsent returns created=false for duplicate MessageSid","invocations":1,"location":null,"numPassingAsserts":1,"retryReasons":[],"startAt":1766360234505,"status":"passed","title":"createIfAbsent returns created=false for duplicate MessageSid"},{"ancestorTitles":["WhatsApp Inbound Repository","Idempotency contract"],"duration":2,"failing":false,"failureDetails":[],"failureMessages":[],"fullName":"WhatsApp Inbound Repository Idempotency contract markProcessing returns false if already processed","invocations":1,"location":null,"numPassingAsserts":1,"retryReasons":[],"startAt":1766360234505,"status":"passed","title":"markProcessing returns false if already processed"},{"ancestorTitles":["WhatsApp Inbound Repository","Idempotency contract"],"duration":1,"failing":false,"failureDetails":[],"failureMessages":[],"fullName":"WhatsApp Inbound Repository Idempotency contract markProcessing returns false if processing recently","invocations":1,"location":null,"numPassingAsserts":1,"retryReasons":[],"startAt":1766360234507,"status":"passed","title":"markProcessing returns false if processing recently"},{"ancestorTitles":["WhatsApp Inbound Repository","Fast-ACK webhook contract"],"duration":1,"failing":false,"failureDetails":[],"failureMessages":[],"fullName":"WhatsApp Inbound Repository Fast-ACK webhook contract webhook should only do: parse → receipt → enqueue → 200","invocations":1,"location":null,"numPassingAsserts":8,"retryReasons":[],"startAt":1766360234508,"status":"passed","title":"webhook should only do: parse → receipt → enqueue → 200"}],"endTime":1766360234513,"message":"","name":"/Users/apple_trnc/Downloads/easy-islanders/functions/src/services/domains/channels/whatsappInbound.repository.test.ts","startTime":1766360234323,"status":"passed","summary":""},{"assertionResults":[{"ancestorTitles":["WhatsApp Router","resolveActorByPhone"],"duration":7,"failing":false,"failureDetails":[],"failureMessages":[],"fullName":"WhatsApp Router resolveActorByPhone should return null for unknown phone (no collections match)","invocations":1,"location":null,"numPassingAsserts":1,"retryReasons":[],"startAt":1766360234508,"status":"passed","title":"should return null for unknown phone (no collections match)"},{"ancestorTitles":["WhatsApp Router","resolveActorByPhone"],"duration":1,"failing":false,"failureDetails":[],"failureMessages":[],"fullName":"WhatsApp Router resolveActorByPhone should resolve actor from actors collection (authoritative)","invocations":1,"location":null,"numPassingAsserts":3,"retryReasons":[],"startAt":1766360234516,"status":"passed","title":"should resolve actor from actors collection (authoritative)"},{"ancestorTitles":["WhatsApp Router","resolveActorByPhone"],"duration":3,"failing":false,"failureDetails":[],"failureMessages":[],"fullName":"WhatsApp Router resolveActorByPhone should resolve driver from taxi_drivers collection (fallback)","invocations":1,"location":null,"numPassingAsserts":3,"retryReasons":[],"startAt":1766360234518,"status":"passed","title":"should resolve driver from taxi_drivers collection (fallback)"},{"ancestorTitles":["WhatsApp Router","resolveActorByPhone"],"duration":5,"failing":false,"failureDetails":[],"failureMessages":[],"fullName":"WhatsApp Router resolveActorByPhone should resolve business_owner from businesses collection (fallback)","invocations":1,"location":null,"numPassingAsserts":3,"retryReasons":[],"startAt":1766360234521,"status":"passed","title":"should resolve business_owner from businesses collection (fallback)"},{"ancestorTitles":["WhatsApp Router","routeInbound"],"duration":5,"failing":false,"failureDetails":[],"failureMessages":[],"fullName":"WhatsApp Router routeInbound should route unknown phone to consumer","invocations":1,"location":null,"numPassingAsserts":2,"retryReasons":[],"startAt":1766360234526,"status":"passed","title":"should route unknown phone to consumer"},{"ancestorTitles":["WhatsApp Router","routeInbound"],"duration":9,"failing":false,"failureDetails":[],"failureMessages":[],"fullName":"WhatsApp Router routeInbound should route actor.type=consumer to consumer","invocations":1,"location":null,"numPassingAsserts":2,"retryReasons":[],"startAt":1766360234532,"status":"passed","title":"should route actor.type=consumer to consumer"},{"ancestorTitles":["WhatsApp Router","routeInbound"],"duration":1,"failing":false,"failureDetails":[],"failureMessages":[],"fullName":"WhatsApp Router routeInbound should route actor.type=driver to driver/dispatch","invocations":1,"location":null,"numPassingAsserts":2,"retryReasons":[],"startAt":1766360234542,"status":"passed","title":"should route actor.type=driver to driver/dispatch"},{"ancestorTitles":["WhatsApp Router","routeInbound"],"duration":5,"failing":false,"failureDetails":[],"failureMessages":[],"fullName":"WhatsApp Router routeInbound should route actor.type=business_owner with businessId to business_ops","invocations":1,"location":null,"numPassingAsserts":3,"retryReasons":[],"startAt":1766360234543,"status":"passed","title":"should route actor.type=business_owner with businessId to business_ops"},{"ancestorTitles":["WhatsApp Router","routeInbound"],"duration":2,"failing":false,"failureDetails":[],"failureMessages":[],"fullName":"WhatsApp Router routeInbound should route business_staff with businessId to business_ops","invocations":1,"location":null,"numPassingAsserts":2,"retryReasons":[],"startAt":1766360234549,"status":"passed","title":"should route business_staff with businessId to business_ops"},{"ancestorTitles":["WhatsApp Router","routeInbound"],"duration":3,"failing":false,"failureDetails":[],"failureMessages":[],"fullName":"WhatsApp Router routeInbound should fallback to consumer if business_owner has no businessId","invocations":1,"location":null,"numPassingAsserts":2,"retryReasons":[],"startAt":1766360234552,"status":"passed","title":"should fallback to consumer if business_owner has no businessId"},{"ancestorTitles":["WhatsApp Router","routeInbound"],"duration":3,"failing":false,"failureDetails":[],"failureMessages":[],"fullName":"WhatsApp Router routeInbound business_ops route must always include businessId","invocations":1,"location":null,"numPassingAsserts":3,"retryReasons":[],"startAt":1766360234555,"status":"passed","title":"business_ops route must always include businessId"}],"endTime":1766360234564,"message":"","name":"/Users/apple_trnc/Downloads/easy-islanders/functions/src/services/channels/whatsapp/whatsapp.router.test.ts","startTime":1766360234291,"status":"passed","summary":""},{"assertionResults":[{"ancestorTitles":["Chat Controller","handleChatMessage","Request Validation"],"duration":145,"failing":false,"failureDetails":[],"failureMessages":[],"fullName":"Chat Controller handleChatMessage Request Validation should handle valid chat request","invocations":1,"location":null,"numPassingAsserts":1,"retryReasons":[],"startAt":1766360234290,"status":"passed","title":"should handle valid chat request"},{"ancestorTitles":["Chat Controller","handleChatMessage","Request Validation"],"duration":5,"failing":false,"failureDetails":[],"failureMessages":[],"fullName":"Chat Controller handleChatMessage Request Validation should include sessionId in response","invocations":1,"location":null,"numPassingAsserts":1,"retryReasons":[],"startAt":1766360234436,"status":"passed","title":"should include sessionId in response"},{"ancestorTitles":["Chat Controller","handleChatMessage","Location Handling"],"duration":3,"failing":false,"failureDetails":[],"failureMessages":[],"fullName":"Chat Controller handleChatMessage Location Handling should extract location from message with SHARED LOCATION tag","invocations":1,"location":null,"numPassingAsserts":2,"retryReasons":[],"startAt":1766360234442,"status":"passed","title":"should extract location from message with SHARED LOCATION tag"},{"ancestorTitles":["Chat Controller","handleChatMessage","Confirmation Gate"],"duration":2,"failing":false,"failureDetails":[],"failureMessages":[],"fullName":"Chat Controller handleChatMessage Confirmation Gate should handle YES confirmation for pending transaction","invocations":1,"location":null,"numPassingAsserts":1,"retryReasons":[],"startAt":1766360234445,"status":"passed","title":"should handle YES confirmation for pending transaction"},{"ancestorTitles":["Chat Controller","handleChatMessage","Confirmation Gate"],"duration":5,"failing":false,"failureDetails":[],"failureMessages":[],"fullName":"Chat Controller handleChatMessage Confirmation Gate should handle NO cancellation for pending transaction","invocations":1,"location":null,"numPassingAsserts":3,"retryReasons":[],"startAt":1766360234447,"status":"passed","title":"should handle NO cancellation for pending transaction"},{"ancestorTitles":["Chat Controller","handleChatMessage","Confirmation Gate"],"duration":1,"failing":false,"failureDetails":[],"failureMessages":[],"fullName":"Chat Controller handleChatMessage Confirmation Gate should remind user about pending confirmation for other messages","invocations":1,"location":null,"numPassingAsserts":1,"retryReasons":[],"startAt":1766360234452,"status":"passed","title":"should remind user about pending confirmation for other messages"},{"ancestorTitles":["Chat Controller","handleChatMessage","Error Handling"],"duration":65,"failing":false,"failureDetails":[],"failureMessages":[],"fullName":"Chat Controller handleChatMessage Error Handling should return 500 on internal error","invocations":1,"location":null,"numPassingAsserts":2,"retryReasons":[],"startAt":1766360234453,"status":"passed","title":"should return 500 on internal error"},{"ancestorTitles":["Chat Controller","handleChatMessage","Error Handling"],"duration":57,"failing":false,"failureDetails":[],"failureMessages":[],"fullName":"Chat Controller handleChatMessage Error Handling should handle missing GEMINI_API_KEY gracefully","invocations":1,"location":null,"numPassingAsserts":1,"retryReasons":[],"startAt":1766360234518,"status":"passed","title":"should handle missing GEMINI_API_KEY gracefully"},{"ancestorTitles":["Chat Controller","reindexListings"],"duration":4,"failing":false,"failureDetails":[],"failureMessages":[],"fullName":"Chat Controller reindexListings should handle reindex request","invocations":1,"location":null,"numPassingAsserts":0,"retryReasons":[],"startAt":1766360234579,"status":"passed","title":"should handle reindex request"}],"endTime":1766360234590,"message":"","name":"/Users/apple_trnc/Downloads/easy-islanders/functions/src/controllers/__tests__/chat.controller.test.ts","startTime":1766360234017,"status":"passed","summary":""},{"assertionResults":[{"ancestorTitles":["Thread Repository","ensureOutboundSend"],"duration":7,"failing":false,"failureDetails":[],"failureMessages":[],"fullName":"Thread Repository ensureOutboundSend should return created: true if not exists","invocations":1,"location":null,"numPassingAsserts":2,"retryReasons":[],"startAt":1766360234625,"status":"passed","title":"should return created: true if not exists"},{"ancestorTitles":["Thread Repository","ensureOutboundSend"],"duration":1,"failing":false,"failureDetails":[],"failureMessages":[],"fullName":"Thread Repository ensureOutboundSend should return created: false if exists","invocations":1,"location":null,"numPassingAsserts":2,"retryReasons":[],"startAt":1766360234633,"status":"passed","title":"should return created: false if exists"}],"endTime":1766360234636,"message":"","name":"/Users/apple_trnc/Downloads/easy-islanders/functions/src/services/domains/conversations/thread.repository.test.ts","startTime":1766360234251,"status":"passed","summary":""}],"wasInterrupted":false}
