TN:
SF:src/app.ts
FN:22,(anonymous_1)
FNF:1
FNH:0
FNDA:0,(anonymous_1)
DA:1,0
DA:2,0
DA:3,0
DA:4,0
DA:6,0
DA:8,0
DA:11,0
DA:12,0
DA:13,0
DA:14,0
DA:15,0
DA:18,0
DA:19,0
DA:22,0
DA:23,0
DA:30,0
LF:16
LH:0
BRF:0
BRH:0
end_of_record
TN:
SF:src/api/app.ts
FN:22,createV1App
FN:32,(anonymous_2)
FNF:2
FNH:0
FNDA:0,createV1App
FNDA:0,(anonymous_2)
DA:8,0
DA:9,0
DA:10,0
DA:13,0
DA:14,0
DA:15,0
DA:16,0
DA:17,0
DA:22,0
DA:23,0
DA:26,0
DA:27,0
DA:28,0
DA:29,0
DA:32,0
DA:33,0
DA:44,0
DA:45,0
DA:46,0
DA:47,0
DA:49,0
DA:53,0
LF:22
LH:0
BRF:0
BRH:0
end_of_record
TN:
SF:src/api/config/models.ts
FNF:0
FNH:0
DA:8,0
LF:1
LH:0
BRDA:10,0,0,0
BRDA:10,0,1,0
BRDA:13,1,0,0
BRDA:13,1,1,0
BRF:4
BRH:0
end_of_record
TN:
SF:src/api/controllers/admin.controller.ts
FN:16,mapAssignErrorToStatus
FN:44,assignOwner
FN:119,updateEntitlements
FNF:3
FNH:0
FNDA:0,mapAssignErrorToStatus
FNDA:0,assignOwner
FNDA:0,updateEntitlements
DA:9,0
DA:10,0
DA:11,0
DA:12,0
DA:13,0
DA:14,0
DA:17,0
DA:19,0
DA:21,0
DA:23,0
DA:25,0
DA:27,0
DA:29,0
DA:44,0
DA:45,0
DA:46,0
DA:48,0
DA:49,0
DA:50,0
DA:53,0
DA:55,0
DA:56,0
DA:58,0
DA:59,0
DA:60,0
DA:63,0
DA:64,0
DA:67,0
DA:69,0
DA:70,0
DA:71,0
DA:76,0
DA:80,0
DA:83,0
DA:84,0
DA:89,0
DA:96,0
DA:103,0
DA:104,0
DA:119,0
DA:120,0
DA:121,0
DA:123,0
DA:124,0
DA:126,0
DA:127,0
DA:128,0
DA:131,0
DA:132,0
DA:133,0
DA:136,0
DA:137,0
DA:138,0
DA:139,0
DA:140,0
DA:142,0
DA:145,0
DA:146,0
DA:147,0
DA:148,0
DA:150,0
DA:153,0
DA:154,0
DA:155,0
DA:158,0
DA:160,0
DA:162,0
DA:164,0
DA:165,0
LF:69
LH:0
BRDA:17,0,0,0
BRDA:17,0,1,0
BRDA:17,0,2,0
BRDA:17,0,3,0
BRDA:17,0,4,0
BRDA:17,0,5,0
BRDA:46,1,0,0
BRDA:46,1,1,0
BRDA:48,2,0,0
BRDA:48,2,1,0
BRDA:48,3,0,0
BRDA:48,3,1,0
BRDA:56,4,0,0
BRDA:56,4,1,0
BRDA:58,5,0,0
BRDA:58,5,1,0
BRDA:58,6,0,0
BRDA:58,6,1,0
BRDA:63,7,0,0
BRDA:63,7,1,0
BRDA:69,8,0,0
BRDA:69,8,1,0
BRDA:70,9,0,0
BRDA:70,9,1,0
BRDA:73,10,0,0
BRDA:73,10,1,0
BRDA:121,11,0,0
BRDA:121,11,1,0
BRDA:124,12,0,0
BRDA:124,12,1,0
BRDA:126,13,0,0
BRDA:126,13,1,0
BRDA:126,14,0,0
BRDA:126,14,1,0
BRDA:131,15,0,0
BRDA:131,15,1,0
BRDA:137,16,0,0
BRDA:137,16,1,0
BRDA:138,17,0,0
BRDA:138,17,1,0
BRDA:138,18,0,0
BRDA:138,18,1,0
BRDA:138,18,2,0
BRDA:145,19,0,0
BRDA:145,19,1,0
BRDA:146,20,0,0
BRDA:146,20,1,0
BRDA:153,21,0,0
BRDA:153,21,1,0
BRF:49
BRH:0
end_of_record
TN:
SF:src/api/controllers/catalog-ingest.controller.ts
FN:12,sha256Hex
FN:16,isIngestKind
FN:20,storagePathFromUrl
FN:47,normalizeSources
FN:94,createCatalogIngestJob
FN:126,(anonymous_14)
FN:129,(anonymous_15)
FN:164,applyCatalogIngestProposal
FN:190,(anonymous_17)
FN:213,(anonymous_18)
FN:241,rejectCatalogIngestProposal
FNF:11
FNH:0
FNDA:0,sha256Hex
FNDA:0,isIngestKind
FNDA:0,storagePathFromUrl
FNDA:0,normalizeSources
FNDA:0,createCatalogIngestJob
FNDA:0,(anonymous_14)
FNDA:0,(anonymous_15)
FNDA:0,applyCatalogIngestProposal
FNDA:0,(anonymous_17)
FNDA:0,(anonymous_18)
FNDA:0,rejectCatalogIngestProposal
DA:2,0
DA:3,0
DA:5,0
DA:8,0
DA:9,0
DA:13,0
DA:17,0
DA:21,0
DA:22,0
DA:23,0
DA:27,0
DA:28,0
DA:29,0
DA:30,0
DA:35,0
DA:36,0
DA:37,0
DA:38,0
DA:41,0
DA:43,0
DA:48,0
DA:49,0
DA:50,0
DA:51,0
DA:52,0
DA:53,0
DA:54,0
DA:56,0
DA:61,0
DA:62,0
DA:63,0
DA:65,0
DA:67,0
DA:69,0
DA:74,0
DA:75,0
DA:76,0
DA:78,0
DA:82,0
DA:94,0
DA:95,0
DA:97,0
DA:98,0
DA:99,0
DA:101,0
DA:102,0
DA:103,0
DA:105,0
DA:106,0
DA:107,0
DA:110,0
DA:111,0
DA:112,0
DA:113,0
DA:117,0
DA:119,0
DA:121,0
DA:126,0
DA:128,0
DA:129,0
DA:130,0
DA:131,0
DA:133,0
DA:134,0
DA:135,0
DA:139,0
DA:140,0
DA:142,0
DA:151,0
DA:152,0
DA:154,0
DA:156,0
DA:157,0
DA:164,0
DA:165,0
DA:167,0
DA:168,0
DA:169,0
DA:172,0
DA:174,0
DA:175,0
DA:176,0
DA:177,0
DA:178,0
DA:181,0
DA:182,0
DA:183,0
DA:184,0
DA:187,0
DA:188,0
DA:190,0
DA:191,0
DA:192,0
DA:198,0
DA:199,0
DA:200,0
DA:201,0
DA:202,0
DA:205,0
DA:206,0
DA:207,0
DA:208,0
DA:213,0
DA:214,0
DA:215,0
DA:222,0
DA:225,0
DA:226,0
DA:227,0
DA:231,0
DA:233,0
DA:234,0
DA:241,0
DA:242,0
DA:243,0
DA:244,0
DA:245,0
DA:248,0
DA:250,0
DA:251,0
DA:252,0
DA:253,0
DA:254,0
DA:257,0
DA:258,0
DA:259,0
DA:260,0
DA:263,0
DA:264,0
DA:265,0
DA:266,0
DA:269,0
DA:271,0
DA:272,0
LF:134
LH:0
BRDA:27,0,0,0
BRDA:27,0,1,0
BRDA:27,1,0,0
BRDA:27,1,1,0
BRDA:29,2,0,0
BRDA:29,2,1,0
BRDA:35,3,0,0
BRDA:35,3,1,0
BRDA:37,4,0,0
BRDA:37,4,1,0
BRDA:48,5,0,0
BRDA:48,5,1,0
BRDA:51,6,0,0
BRDA:51,6,1,0
BRDA:51,7,0,0
BRDA:51,7,1,0
BRDA:52,8,0,0
BRDA:52,8,1,0
BRDA:52,9,0,0
BRDA:52,9,1,0
BRDA:52,9,2,0
BRDA:54,10,0,0
BRDA:54,10,1,0
BRDA:56,11,0,0
BRDA:56,11,1,0
BRDA:56,12,0,0
BRDA:56,12,1,0
BRDA:58,13,0,0
BRDA:58,13,1,0
BRDA:58,14,0,0
BRDA:58,14,1,0
BRDA:61,15,0,0
BRDA:61,15,1,0
BRDA:63,16,0,0
BRDA:63,16,1,0
BRDA:63,17,0,0
BRDA:63,17,1,0
BRDA:67,18,0,0
BRDA:67,18,1,0
BRDA:69,19,0,0
BRDA:69,19,1,0
BRDA:69,20,0,0
BRDA:69,20,1,0
BRDA:71,21,0,0
BRDA:71,21,1,0
BRDA:71,22,0,0
BRDA:71,22,1,0
BRDA:74,23,0,0
BRDA:74,23,1,0
BRDA:76,24,0,0
BRDA:76,24,1,0
BRDA:76,25,0,0
BRDA:76,25,1,0
BRDA:95,26,0,0
BRDA:95,26,1,0
BRDA:97,27,0,0
BRDA:97,27,1,0
BRDA:97,28,0,0
BRDA:97,28,1,0
BRDA:101,29,0,0
BRDA:101,29,1,0
BRDA:101,30,0,0
BRDA:101,30,1,0
BRDA:105,31,0,0
BRDA:105,31,1,0
BRDA:111,32,0,0
BRDA:111,32,1,0
BRDA:128,33,0,0
BRDA:128,33,1,0
BRDA:128,34,0,0
BRDA:128,34,1,0
BRDA:131,35,0,0
BRDA:131,35,1,0
BRDA:131,35,2,0
BRDA:133,36,0,0
BRDA:133,36,1,0
BRDA:167,37,0,0
BRDA:167,37,1,0
BRDA:167,38,0,0
BRDA:167,38,1,0
BRDA:176,39,0,0
BRDA:176,39,1,0
BRDA:182,40,0,0
BRDA:182,40,1,0
BRDA:188,41,0,0
BRDA:188,41,1,0
BRDA:198,42,0,0
BRDA:198,42,1,0
BRDA:200,43,0,0
BRDA:200,43,1,0
BRDA:200,44,0,0
BRDA:200,44,1,0
BRDA:200,45,0,0
BRDA:200,45,1,0
BRDA:200,46,0,0
BRDA:200,46,1,0
BRDA:206,47,0,0
BRDA:206,47,1,0
BRDA:206,48,0,0
BRDA:206,48,1,0
BRDA:206,48,2,0
BRDA:206,49,0,0
BRDA:206,49,1,0
BRDA:206,50,0,0
BRDA:206,50,1,0
BRDA:225,51,0,0
BRDA:225,51,1,0
BRDA:225,52,0,0
BRDA:225,52,1,0
BRDA:243,53,0,0
BRDA:243,53,1,0
BRDA:243,54,0,0
BRDA:243,54,1,0
BRDA:252,55,0,0
BRDA:252,55,1,0
BRDA:258,56,0,0
BRDA:258,56,1,0
BRDA:265,57,0,0
BRDA:265,57,1,0
BRDA:265,58,0,0
BRDA:265,58,1,0
BRF:121
BRH:0
end_of_record
TN:
SF:src/api/controllers/claim.controller.ts
FN:21,normalizeE164
FN:33,claimStart
FN:85,claimConfirm
FN:191,getClaimErrorMessage
FN:219,claimDevBypass
FNF:5
FNH:0
FNDA:0,normalizeE164
FNDA:0,claimStart
FNDA:0,claimConfirm
FNDA:0,getClaimErrorMessage
FNDA:0,claimDevBypass
DA:13,0
DA:14,0
DA:15,0
DA:16,0
DA:17,0
DA:18,0
DA:19,0
DA:22,0
DA:23,0
DA:24,0
DA:25,0
DA:26,0
DA:33,0
DA:34,0
DA:35,0
DA:37,0
DA:38,0
DA:39,0
DA:42,0
DA:43,0
DA:45,0
DA:47,0
DA:48,0
DA:53,0
DA:56,0
DA:57,0
DA:58,0
DA:63,0
DA:69,0
DA:76,0
DA:77,0
DA:85,0
DA:86,0
DA:87,0
DA:89,0
DA:90,0
DA:91,0
DA:94,0
DA:95,0
DA:96,0
DA:97,0
DA:98,0
DA:103,0
DA:106,0
DA:107,0
DA:108,0
DA:113,0
DA:116,0
DA:117,0
DA:118,0
DA:119,0
DA:124,0
DA:127,0
DA:128,0
DA:133,0
DA:137,0
DA:138,0
DA:140,0
DA:141,0
DA:142,0
DA:150,0
DA:154,0
DA:156,0
DA:157,0
DA:162,0
DA:166,0
DA:169,0
DA:170,0
DA:175,0
DA:177,0
DA:186,0
DA:187,0
DA:192,0
DA:207,0
DA:208,0
DA:209,0
DA:211,0
DA:219,0
DA:221,0
DA:222,0
DA:223,0
DA:228,0
DA:231,0
DA:232,0
DA:234,0
DA:235,0
DA:236,0
DA:239,0
DA:240,0
DA:241,0
DA:244,0
DA:245,0
DA:246,0
DA:247,0
DA:249,0
DA:250,0
DA:251,0
DA:259,0
DA:264,0
DA:266,0
DA:267,0
DA:272,0
DA:276,0
DA:279,0
DA:280,0
DA:285,0
DA:287,0
DA:296,0
DA:297,0
LF:109
LH:0
BRDA:23,0,0,0
BRDA:23,0,1,0
BRDA:25,1,0,0
BRDA:25,1,1,0
BRDA:37,2,0,0
BRDA:37,2,1,0
BRDA:47,3,0,0
BRDA:47,3,1,0
BRDA:56,4,0,0
BRDA:56,4,1,0
BRDA:56,5,0,0
BRDA:56,5,1,0
BRDA:57,6,0,0
BRDA:57,6,1,0
BRDA:89,7,0,0
BRDA:89,7,1,0
BRDA:97,8,0,0
BRDA:97,8,1,0
BRDA:107,9,0,0
BRDA:107,9,1,0
BRDA:117,10,0,0
BRDA:117,10,1,0
BRDA:118,11,0,0
BRDA:118,11,1,0
BRDA:127,12,0,0
BRDA:127,12,1,0
BRDA:140,13,0,0
BRDA:140,13,1,0
BRDA:156,14,0,0
BRDA:156,14,1,0
BRDA:208,15,0,0
BRDA:208,15,1,0
BRDA:211,16,0,0
BRDA:211,16,1,0
BRDA:222,17,0,0
BRDA:222,17,1,0
BRDA:234,18,0,0
BRDA:234,18,1,0
BRDA:244,19,0,0
BRDA:244,19,1,0
BRDA:244,20,0,0
BRDA:244,20,1,0
BRDA:245,21,0,0
BRDA:245,21,1,0
BRDA:249,22,0,0
BRDA:249,22,1,0
BRDA:266,23,0,0
BRDA:266,23,1,0
BRF:48
BRH:0
end_of_record
TN:
SF:src/api/controllers/knowledge.controller.ts
FN:24,listKnowledgeDocs
FN:32,(anonymous_10)
FN:34,(anonymous_11)
FN:51,(anonymous_12)
FN:72,createKnowledgeDoc
FN:163,updateKnowledgeDoc
FN:207,extractProducts
FN:217,(anonymous_16)
FN:233,(anonymous_17)
FN:234,(anonymous_18)
FN:272,testQuery
FN:295,(anonymous_20)
FN:326,extractProductsFromText
FN:327,(anonymous_22)
FNF:14
FNH:0
FNDA:0,listKnowledgeDocs
FNDA:0,(anonymous_10)
FNDA:0,(anonymous_11)
FNDA:0,(anonymous_12)
FNDA:0,createKnowledgeDoc
FNDA:0,updateKnowledgeDoc
FNDA:0,extractProducts
FNDA:0,(anonymous_16)
FNDA:0,(anonymous_17)
FNDA:0,(anonymous_18)
FNDA:0,testQuery
FNDA:0,(anonymous_20)
FNDA:0,extractProductsFromText
FNDA:0,(anonymous_22)
DA:1,0
DA:11,0
DA:12,0
DA:14,0
DA:15,0
DA:16,0
DA:17,0
DA:18,0
DA:24,0
DA:25,0
DA:27,0
DA:28,0
DA:31,0
DA:33,0
DA:34,0
DA:39,0
DA:51,0
DA:53,0
DA:60,0
DA:61,0
DA:72,0
DA:73,0
DA:74,0
DA:75,0
DA:78,0
DA:79,0
DA:80,0
DA:83,0
DA:84,0
DA:85,0
DA:89,0
DA:90,0
DA:91,0
DA:93,0
DA:94,0
DA:95,0
DA:97,0
DA:98,0
DA:99,0
DA:102,0
DA:104,0
DA:106,0
DA:107,0
DA:108,0
DA:112,0
DA:116,0
DA:129,0
DA:131,0
DA:132,0
DA:134,0
DA:141,0
DA:144,0
DA:145,0
DA:146,0
DA:155,0
DA:163,0
DA:164,0
DA:165,0
DA:166,0
DA:168,0
DA:169,0
DA:170,0
DA:173,0
DA:174,0
DA:175,0
DA:178,0
DA:179,0
DA:181,0
DA:182,0
DA:183,0
DA:184,0
DA:188,0
DA:191,0
DA:193,0
DA:195,0
DA:198,0
DA:199,0
DA:207,0
DA:208,0
DA:209,0
DA:211,0
DA:213,0
DA:216,0
DA:217,0
DA:220,0
DA:221,0
DA:226,0
DA:230,0
DA:231,0
DA:232,0
DA:233,0
DA:234,0
DA:237,0
DA:238,0
DA:243,0
DA:247,0
DA:249,0
DA:255,0
DA:263,0
DA:264,0
DA:272,0
DA:273,0
DA:274,0
DA:276,0
DA:277,0
DA:278,0
DA:281,0
DA:283,0
DA:285,0
DA:286,0
DA:291,0
DA:295,0
DA:296,0
DA:297,0
DA:299,0
DA:308,0
DA:309,0
DA:311,0
DA:318,0
DA:319,0
DA:327,0
DA:328,0
DA:329,0
DA:331,0
DA:349,0
DA:350,0
DA:351,0
DA:354,0
DA:355,0
DA:356,0
DA:358,0
DA:360,0
DA:361,0
LF:133
LH:0
BRDA:36,0,0,0
BRDA:36,0,1,0
BRDA:51,1,0,0
BRDA:51,1,1,0
BRDA:75,2,0,0
BRDA:75,2,1,0
BRDA:78,3,0,0
BRDA:78,3,1,0
BRDA:78,4,0,0
BRDA:78,4,1,0
BRDA:83,5,0,0
BRDA:83,5,1,0
BRDA:89,6,0,0
BRDA:89,6,1,0
BRDA:89,7,0,0
BRDA:89,7,1,0
BRDA:93,8,0,0
BRDA:93,8,1,0
BRDA:93,9,0,0
BRDA:93,9,1,0
BRDA:97,10,0,0
BRDA:97,10,1,0
BRDA:97,11,0,0
BRDA:97,11,1,0
BRDA:97,11,2,0
BRDA:107,12,0,0
BRDA:107,12,1,0
BRDA:119,13,0,0
BRDA:119,13,1,0
BRDA:120,14,0,0
BRDA:120,14,1,0
BRDA:121,15,0,0
BRDA:121,15,1,0
BRDA:122,16,0,0
BRDA:122,16,1,0
BRDA:141,17,0,0
BRDA:141,17,1,0
BRDA:144,18,0,0
BRDA:144,18,1,0
BRDA:148,19,0,0
BRDA:148,19,1,0
BRDA:168,20,0,0
BRDA:168,20,1,0
BRDA:173,21,0,0
BRDA:173,21,1,0
BRDA:173,22,0,0
BRDA:173,22,1,0
BRDA:182,23,0,0
BRDA:182,23,1,0
BRDA:216,24,0,0
BRDA:216,24,1,0
BRDA:216,25,0,0
BRDA:216,25,1,0
BRDA:216,25,2,0
BRDA:220,26,0,0
BRDA:220,26,1,0
BRDA:237,27,0,0
BRDA:237,27,1,0
BRDA:276,28,0,0
BRDA:276,28,1,0
BRDA:285,29,0,0
BRDA:285,29,1,0
BRDA:296,30,0,0
BRDA:296,30,1,0
BRDA:328,31,0,0
BRDA:328,31,1,0
BRDA:355,32,0,0
BRDA:355,32,1,0
BRF:68
BRH:0
end_of_record
TN:
SF:src/api/controllers/owner.controller.ts
FN:25,getBusiness
FN:58,listBusinesses
FN:66,(anonymous_11)
FN:83,switchBusiness
FN:136,getEntitlements
FN:162,getInbox
FN:171,(anonymous_15)
FN:193,getInboxMessages
FN:209,(anonymous_17)
FN:228,getLeads
FN:237,(anonymous_19)
FNF:11
FNH:0
FNDA:0,getBusiness
FNDA:0,listBusinesses
FNDA:0,(anonymous_11)
FNDA:0,switchBusiness
FNDA:0,getEntitlements
FNDA:0,getInbox
FNDA:0,(anonymous_15)
FNDA:0,getInboxMessages
FNDA:0,(anonymous_17)
FNDA:0,getLeads
FNDA:0,(anonymous_19)
DA:11,0
DA:12,0
DA:13,0
DA:14,0
DA:15,0
DA:17,0
DA:18,0
DA:19,0
DA:25,0
DA:26,0
DA:28,0
DA:29,0
DA:31,0
DA:32,0
DA:33,0
DA:36,0
DA:49,0
DA:50,0
DA:58,0
DA:59,0
DA:61,0
DA:62,0
DA:64,0
DA:66,0
DA:74,0
DA:75,0
DA:83,0
DA:84,0
DA:85,0
DA:87,0
DA:88,0
DA:89,0
DA:92,0
DA:94,0
DA:95,0
DA:97,0
DA:98,0
DA:99,0
DA:104,0
DA:108,0
DA:111,0
DA:112,0
DA:117,0
DA:119,0
DA:127,0
DA:128,0
DA:136,0
DA:137,0
DA:139,0
DA:140,0
DA:141,0
DA:143,0
DA:153,0
DA:154,0
DA:162,0
DA:163,0
DA:164,0
DA:166,0
DA:167,0
DA:169,0
DA:171,0
DA:184,0
DA:185,0
DA:193,0
DA:194,0
DA:195,0
DA:196,0
DA:198,0
DA:199,0
DA:200,0
DA:203,0
DA:204,0
DA:206,0
DA:209,0
DA:219,0
DA:220,0
DA:228,0
DA:229,0
DA:230,0
DA:232,0
DA:233,0
DA:235,0
DA:237,0
DA:249,0
DA:250,0
LF:85
LH:0
BRDA:31,0,0,0
BRDA:31,0,1,0
BRDA:85,1,0,0
BRDA:85,1,1,0
BRDA:87,2,0,0
BRDA:87,2,1,0
BRDA:87,3,0,0
BRDA:87,3,1,0
BRDA:95,4,0,0
BRDA:95,4,1,0
BRDA:95,5,0,0
BRDA:95,5,1,0
BRDA:97,6,0,0
BRDA:97,6,1,0
BRDA:97,7,0,0
BRDA:97,7,1,0
BRDA:164,8,0,0
BRDA:164,8,1,0
BRDA:196,9,0,0
BRDA:196,9,1,0
BRDA:198,10,0,0
BRDA:198,10,1,0
BRDA:230,11,0,0
BRDA:230,11,1,0
BRF:24
BRH:0
end_of_record
TN:
SF:src/api/controllers/products.controller.ts
FN:16,(anonymous_0)
FN:35,listProducts
FN:43,(anonymous_2)
FN:64,createProduct
FN:108,batchCreateProducts
FN:168,updateProduct
FN:216,deleteProduct
FNF:7
FNH:0
FNDA:0,(anonymous_0)
FNDA:0,listProducts
FNDA:0,(anonymous_2)
FNDA:0,createProduct
FNDA:0,batchCreateProducts
FNDA:0,updateProduct
FNDA:0,deleteProduct
DA:12,0
DA:13,0
DA:14,0
DA:16,0
DA:17,0
DA:35,0
DA:36,0
DA:38,0
DA:39,0
DA:43,0
DA:48,0
DA:55,0
DA:56,0
DA:64,0
DA:65,0
DA:66,0
DA:68,0
DA:69,0
DA:74,0
DA:77,0
DA:78,0
DA:89,0
DA:91,0
DA:93,0
DA:99,0
DA:100,0
DA:108,0
DA:109,0
DA:110,0
DA:112,0
DA:113,0
DA:114,0
DA:117,0
DA:118,0
DA:119,0
DA:122,0
DA:123,0
DA:124,0
DA:125,0
DA:127,0
DA:128,0
DA:129,0
DA:132,0
DA:133,0
DA:144,0
DA:145,0
DA:148,0
DA:150,0
DA:152,0
DA:159,0
DA:160,0
DA:168,0
DA:169,0
DA:170,0
DA:171,0
DA:173,0
DA:174,0
DA:175,0
DA:178,0
DA:179,0
DA:180,0
DA:182,0
DA:183,0
DA:184,0
DA:188,0
DA:189,0
DA:191,0
DA:192,0
DA:193,0
DA:197,0
DA:199,0
DA:201,0
DA:207,0
DA:208,0
DA:216,0
DA:217,0
DA:218,0
DA:220,0
DA:221,0
DA:222,0
DA:225,0
DA:226,0
DA:227,0
DA:229,0
DA:230,0
DA:231,0
DA:234,0
DA:236,0
DA:238,0
DA:241,0
DA:242,0
LF:91
LH:0
BRDA:68,0,0,0
BRDA:68,0,1,0
BRDA:68,1,0,0
BRDA:68,1,1,0
BRDA:68,1,2,0
BRDA:80,2,0,0
BRDA:80,2,1,0
BRDA:81,3,0,0
BRDA:81,3,1,0
BRDA:82,4,0,0
BRDA:82,4,1,0
BRDA:112,5,0,0
BRDA:112,5,1,0
BRDA:112,6,0,0
BRDA:112,6,1,0
BRDA:112,6,2,0
BRDA:117,7,0,0
BRDA:117,7,1,0
BRDA:128,8,0,0
BRDA:128,8,1,0
BRDA:128,9,0,0
BRDA:128,9,1,0
BRDA:135,10,0,0
BRDA:135,10,1,0
BRDA:136,11,0,0
BRDA:136,11,1,0
BRDA:137,12,0,0
BRDA:137,12,1,0
BRDA:138,13,0,0
BRDA:138,13,1,0
BRDA:173,14,0,0
BRDA:173,14,1,0
BRDA:182,15,0,0
BRDA:182,15,1,0
BRDA:192,16,0,0
BRDA:192,16,1,0
BRDA:220,17,0,0
BRDA:220,17,1,0
BRDA:229,18,0,0
BRDA:229,18,1,0
BRF:40
BRH:0
end_of_record
TN:
SF:src/api/controllers/public-chat.controller.ts
FN:17,createSession
FN:57,sendMessage
FN:98,(anonymous_2)
FN:117,createLead
FNF:4
FNH:0
FNDA:0,createSession
FNDA:0,sendMessage
FNDA:0,(anonymous_2)
FNDA:0,createLead
DA:9,0
DA:10,0
DA:11,0
DA:17,0
DA:18,0
DA:19,0
DA:20,0
DA:22,0
DA:23,0
DA:24,0
DA:27,0
DA:28,0
DA:29,0
DA:35,0
DA:36,0
DA:37,0
DA:38,0
DA:41,0
DA:48,0
DA:49,0
DA:57,0
DA:58,0
DA:59,0
DA:61,0
DA:62,0
DA:66,0
DA:70,0
DA:71,0
DA:75,0
DA:78,0
DA:79,0
DA:80,0
DA:87,0
DA:89,0
DA:91,0
DA:92,0
DA:95,0
DA:98,0
DA:108,0
DA:109,0
DA:117,0
DA:118,0
DA:119,0
DA:121,0
DA:122,0
DA:126,0
DA:130,0
DA:131,0
DA:135,0
DA:138,0
DA:139,0
DA:140,0
DA:147,0
DA:149,0
DA:151,0
DA:152,0
DA:155,0
DA:162,0
DA:163,0
LF:59
LH:0
BRDA:20,0,0,0
BRDA:20,0,1,0
BRDA:20,1,0,0
BRDA:20,1,1,0
BRDA:22,2,0,0
BRDA:22,2,1,0
BRDA:35,3,0,0
BRDA:35,3,1,0
BRDA:36,4,0,0
BRDA:36,4,1,0
BRDA:61,5,0,0
BRDA:61,5,1,0
BRDA:61,6,0,0
BRDA:61,6,1,0
BRDA:61,6,2,0
BRDA:70,7,0,0
BRDA:70,7,1,0
BRDA:87,8,0,0
BRDA:87,8,1,0
BRDA:89,9,0,0
BRDA:89,9,1,0
BRDA:90,10,0,0
BRDA:90,10,1,0
BRDA:121,11,0,0
BRDA:121,11,1,0
BRDA:121,12,0,0
BRDA:121,12,1,0
BRDA:121,12,2,0
BRDA:121,12,3,0
BRDA:130,13,0,0
BRDA:130,13,1,0
BRDA:147,14,0,0
BRDA:147,14,1,0
BRDA:149,15,0,0
BRDA:149,15,1,0
BRDA:150,16,0,0
BRDA:150,16,1,0
BRF:37
BRH:0
end_of_record
TN:
SF:src/api/middleware/auth-admin.ts
FN:13,requireAdmin
FNF:1
FNH:0
FNDA:0,requireAdmin
DA:10,0
DA:11,0
DA:13,0
DA:18,0
DA:20,0
DA:21,0
DA:22,0
DA:25,0
DA:26,0
DA:27,0
DA:29,0
DA:30,0
DA:34,0
DA:37,0
DA:38,0
DA:40,0
DA:41,0
LF:17
LH:0
BRDA:20,0,0,0
BRDA:20,0,1,0
BRDA:20,1,0,0
BRDA:20,1,1,0
BRDA:20,2,0,0
BRDA:20,2,1,0
BRDA:29,3,0,0
BRDA:29,3,1,0
BRF:8
BRH:0
end_of_record
TN:
SF:src/api/middleware/auth-anon.ts
FN:16,requireAuth
FN:48,requireAnonymous
FNF:2
FNH:0
FNDA:0,requireAuth
FNDA:0,requireAnonymous
DA:9,0
DA:10,0
DA:16,0
DA:21,0
DA:23,0
DA:24,0
DA:25,0
DA:28,0
DA:29,0
DA:30,0
DA:33,0
DA:34,0
DA:35,0
DA:37,0
DA:39,0
DA:40,0
DA:48,0
DA:53,0
DA:55,0
DA:56,0
DA:57,0
DA:60,0
DA:61,0
DA:62,0
DA:64,0
DA:65,0
DA:66,0
DA:69,0
DA:72,0
DA:73,0
DA:75,0
DA:77,0
DA:78,0
DA:82,0
LF:34
LH:0
BRDA:23,0,0,0
BRDA:23,0,1,0
BRDA:23,1,0,0
BRDA:23,1,1,0
BRDA:23,2,0,0
BRDA:23,2,1,0
BRDA:34,3,0,0
BRDA:34,3,1,0
BRDA:34,4,0,0
BRDA:34,4,1,0
BRDA:55,5,0,0
BRDA:55,5,1,0
BRDA:55,6,0,0
BRDA:55,6,1,0
BRDA:55,7,0,0
BRDA:55,7,1,0
BRDA:64,8,0,0
BRDA:64,8,1,0
BRDA:64,9,0,0
BRDA:64,9,1,0
BRDA:65,10,0,0
BRDA:65,10,1,0
BRF:22
BRH:0
end_of_record
TN:
SF:src/api/middleware/auth-owner.ts
FN:18,isAuthenticated
FN:50,requireOwner
FNF:2
FNH:0
FNDA:0,isAuthenticated
FNDA:0,requireOwner
DA:9,0
DA:11,0
DA:12,0
DA:18,0
DA:23,0
DA:25,0
DA:26,0
DA:27,0
DA:30,0
DA:31,0
DA:32,0
DA:33,0
DA:34,0
DA:36,0
DA:37,0
DA:50,0
DA:55,0
DA:57,0
DA:58,0
DA:59,0
DA:62,0
DA:63,0
DA:64,0
DA:65,0
DA:68,0
DA:69,0
DA:70,0
DA:72,0
DA:81,0
DA:82,0
DA:83,0
DA:88,0
DA:91,0
DA:92,0
DA:93,0
DA:98,0
DA:102,0
DA:108,0
DA:109,0
DA:110,0
DA:112,0
DA:114,0
DA:115,0
DA:119,0
LF:44
LH:0
BRDA:25,0,0,0
BRDA:25,0,1,0
BRDA:25,1,0,0
BRDA:25,1,1,0
BRDA:25,2,0,0
BRDA:25,2,1,0
BRDA:57,3,0,0
BRDA:57,3,1,0
BRDA:57,4,0,0
BRDA:57,4,1,0
BRDA:57,5,0,0
BRDA:57,5,1,0
BRDA:76,6,0,0
BRDA:76,6,1,0
BRDA:81,7,0,0
BRDA:81,7,1,0
BRDA:91,8,0,0
BRDA:91,8,1,0
BRF:18
BRH:0
end_of_record
TN:
SF:src/api/middleware/request-context.middleware.ts
FN:8,attachRequestContext
FN:13,(anonymous_1)
FNF:2
FNH:0
FNDA:0,attachRequestContext
FNDA:0,(anonymous_1)
DA:2,0
DA:8,0
DA:9,0
DA:10,0
DA:11,0
DA:13,0
LF:6
LH:0
BRDA:9,0,0,0
BRDA:9,0,1,0
BRF:2
BRH:0
end_of_record
TN:
SF:src/api/middleware/require-claimed.ts
FN:17,requireClaimed
FNF:1
FNH:0
FNDA:0,requireClaimed
DA:9,0
DA:11,0
DA:17,0
DA:22,0
DA:24,0
DA:25,0
DA:29,0
DA:32,0
DA:33,0
DA:35,0
DA:36,0
DA:40,0
DA:43,0
DA:45,0
DA:46,0
DA:51,0
DA:54,0
DA:55,0
DA:59,0
DA:63,0
DA:65,0
DA:67,0
DA:68,0
LF:23
LH:0
BRDA:24,0,0,0
BRDA:24,0,1,0
BRDA:24,1,0,0
BRDA:24,1,1,0
BRDA:24,2,0,0
BRDA:24,2,1,0
BRDA:35,3,0,0
BRDA:35,3,1,0
BRDA:45,4,0,0
BRDA:45,4,1,0
BRDA:54,5,0,0
BRDA:54,5,1,0
BRDA:54,6,0,0
BRDA:54,6,1,0
BRF:14
BRH:0
end_of_record
TN:
SF:src/api/routes/admin.routes.ts
FNF:0
FNH:0
DA:7,0
DA:8,0
DA:9,0
DA:10,0
DA:12,0
DA:14,0
DA:16,0
DA:17,0
DA:20,0
DA:21,0
DA:22,0
DA:24,0
LF:12
LH:0
BRF:0
BRH:0
end_of_record
TN:
SF:src/api/routes/claim.routes.ts
FNF:0
FNH:0
DA:8,0
DA:9,0
DA:10,0
DA:12,0
DA:15,0
DA:21,0
DA:27,0
DA:33,0
DA:35,0
LF:9
LH:0
BRF:0
BRH:0
end_of_record
TN:
SF:src/api/routes/owner.routes.ts
FNF:0
FNH:0
DA:8,0
DA:9,0
DA:10,0
DA:13,0
DA:22,0
DA:28,0
DA:38,0
DA:43,0
DA:44,0
DA:45,0
DA:50,0
DA:51,0
DA:54,0
DA:57,0
DA:58,0
DA:59,0
DA:60,0
DA:61,0
DA:64,0
DA:65,0
DA:68,0
DA:69,0
DA:70,0
DA:72,0
LF:24
LH:0
BRF:0
BRH:0
end_of_record
TN:
SF:src/api/routes/public-chat.routes.ts
FNF:0
FNH:0
DA:8,0
DA:9,0
DA:10,0
DA:16,0
DA:19,0
DA:22,0
DA:23,0
DA:26,0
DA:28,0
LF:9
LH:0
BRF:0
BRH:0
end_of_record
TN:
SF:src/api/services/catalog-extraction.service.ts
FN:57,sha256Hex
FN:64,generateItemId
FN:87,splitBySections
FN:123,(anonymous_3)
FN:124,(anonymous_4)
FN:133,getGenAI
FN:144,extractItemsFromSection
FN:199,(anonymous_7)
FN:200,(anonymous_8)
FN:223,(anonymous_9)
FN:263,(anonymous_10)
FN:276,(anonymous_11)
FN:328,(anonymous_12)
FNF:13
FNH:0
FNDA:0,sha256Hex
FNDA:0,generateItemId
FNDA:0,splitBySections
FNDA:0,(anonymous_3)
FNDA:0,(anonymous_4)
FNDA:0,getGenAI
FNDA:0,extractItemsFromSection
FNDA:0,(anonymous_7)
FNDA:0,(anonymous_8)
FNDA:0,(anonymous_9)
FNDA:0,(anonymous_10)
FNDA:0,(anonymous_11)
FNDA:0,(anonymous_12)
DA:14,0
DA:15,0
DA:16,0
DA:18,0
DA:19,0
DA:32,0
DA:33,0
DA:58,0
DA:72,0
DA:81,0
DA:88,0
DA:89,0
DA:90,0
DA:91,0
DA:93,0
DA:95,0
DA:96,0
DA:106,0
DA:107,0
DA:109,0
DA:110,0
DA:112,0
DA:117,0
DA:118,0
DA:122,0
DA:123,0
DA:124,0
DA:134,0
DA:135,0
DA:136,0
DA:138,0
DA:149,0
DA:150,0
DA:152,0
DA:184,0
DA:185,0
DA:186,0
DA:189,0
DA:190,0
DA:191,0
DA:192,0
DA:195,0
DA:198,0
DA:199,0
DA:200,0
DA:211,0
DA:212,0
DA:219,0
DA:230,0
DA:232,0
DA:240,0
DA:241,0
DA:244,0
DA:246,0
DA:247,0
DA:252,0
DA:255,0
DA:256,0
DA:257,0
DA:262,0
DA:263,0
DA:264,0
DA:265,0
DA:266,0
DA:267,0
DA:270,0
DA:276,0
DA:299,0
DA:305,0
DA:306,0
DA:310,0
DA:311,0
DA:314,0
DA:319,0
DA:332,0
DA:333,0
DA:335,0
DA:336,0
DA:341,0
DA:344,0
LF:80
LH:0
BRDA:77,0,0,0
BRDA:77,0,1,0
BRDA:77,1,0,0
BRDA:77,1,1,0
BRDA:96,2,0,0
BRDA:96,2,1,0
BRDA:97,3,0,0
BRDA:97,3,1,0
BRDA:97,3,2,0
BRDA:97,3,3,0
BRDA:97,3,4,0
BRDA:106,4,0,0
BRDA:106,4,1,0
BRDA:117,5,0,0
BRDA:117,5,1,0
BRDA:135,6,0,0
BRDA:135,6,1,0
BRDA:190,7,0,0
BRDA:190,7,1,0
BRDA:199,8,0,0
BRDA:199,8,1,0
BRDA:202,9,0,0
BRDA:202,9,1,0
BRDA:203,10,0,0
BRDA:203,10,1,0
BRDA:203,11,0,0
BRDA:203,11,1,0
BRDA:203,12,0,0
BRDA:203,12,1,0
BRDA:204,13,0,0
BRDA:204,13,1,0
BRDA:204,14,0,0
BRDA:204,14,1,0
BRDA:204,15,0,0
BRDA:204,15,1,0
BRDA:205,16,0,0
BRDA:205,16,1,0
BRDA:206,17,0,0
BRDA:206,17,1,0
BRDA:207,18,0,0
BRDA:207,18,1,0
BRDA:208,19,0,0
BRDA:208,19,1,0
BRDA:255,20,0,0
BRDA:255,20,1,0
BRDA:265,21,0,0
BRDA:265,21,1,0
BRDA:305,22,0,0
BRDA:305,22,1,0
BRDA:310,23,0,0
BRDA:310,23,1,0
BRF:51
BRH:0
end_of_record
TN:
SF:src/api/services/embedding.service.ts
FN:16,getGenAI
FN:28,embedText
FN:45,embedTexts
FNF:3
FNH:0
FNDA:0,getGenAI
FNDA:0,embedText
FNDA:0,embedTexts
DA:8,0
DA:9,0
DA:11,0
DA:17,0
DA:18,0
DA:19,0
DA:21,0
DA:28,0
DA:29,0
DA:30,0
DA:32,0
DA:33,0
DA:34,0
DA:36,0
DA:37,0
DA:45,0
DA:46,0
DA:48,0
DA:49,0
DA:50,0
DA:53,0
DA:56,0
LF:22
LH:0
BRDA:18,0,0,0
BRDA:18,0,1,0
BRF:2
BRH:0
end_of_record
TN:
SF:src/api/services/knowledge-ingestion.service.ts
FN:38,sha256Hex
FN:42,normalizeText
FN:46,chunkText
FN:78,getGenAI
FN:86,parseGsPath
FN:104,downloadFromStorage
FN:141,extractTextFromImage
FN:164,extractTextFromPdf
FN:228,extractTextFromUrl
FN:236,(anonymous_19)
FN:242,(anonymous_20)
FN:260,(anonymous_21)
FN:297,(anonymous_22)
FN:298,(anonymous_23)
FN:315,(anonymous_24)
FN:355,(anonymous_25)
FN:425,extractTextForDoc
FN:495,enqueueKnowledgeDocIngestion
FN:508,processKnowledgeDocIngestion
FNF:19
FNH:0
FNDA:0,sha256Hex
FNDA:0,normalizeText
FNDA:0,chunkText
FNDA:0,getGenAI
FNDA:0,parseGsPath
FNDA:0,downloadFromStorage
FNDA:0,extractTextFromImage
FNDA:0,extractTextFromPdf
FNDA:0,extractTextFromUrl
FNDA:0,(anonymous_19)
FNDA:0,(anonymous_20)
FNDA:0,(anonymous_21)
FNDA:0,(anonymous_22)
FNDA:0,(anonymous_23)
FNDA:0,(anonymous_24)
FNDA:0,(anonymous_25)
FNDA:0,extractTextForDoc
FNDA:0,enqueueKnowledgeDocIngestion
FNDA:0,processKnowledgeDocIngestion
DA:1,0
DA:12,0
DA:13,0
DA:14,0
DA:15,0
DA:16,0
DA:17,0
DA:18,0
DA:20,0
DA:21,0
DA:22,0
DA:23,0
DA:24,0
DA:26,0
DA:27,0
DA:34,0
DA:35,0
DA:36,0
DA:39,0
DA:43,0
DA:47,0
DA:48,0
DA:50,0
DA:51,0
DA:53,0
DA:54,0
DA:55,0
DA:56,0
DA:60,0
DA:61,0
DA:62,0
DA:66,0
DA:67,0
DA:68,0
DA:71,0
DA:72,0
DA:75,0
DA:79,0
DA:80,0
DA:81,0
DA:83,0
DA:90,0
DA:91,0
DA:92,0
DA:93,0
DA:94,0
DA:96,0
DA:97,0
DA:98,0
DA:101,0
DA:109,0
DA:110,0
DA:111,0
DA:114,0
DA:117,0
DA:119,0
DA:121,0
DA:126,0
DA:128,0
DA:129,0
DA:130,0
DA:131,0
DA:137,0
DA:138,0
DA:145,0
DA:146,0
DA:148,0
DA:161,0
DA:169,0
DA:170,0
DA:171,0
DA:172,0
DA:174,0
DA:176,0
DA:180,0
DA:185,0
DA:186,0
DA:187,0
DA:191,0
DA:193,0
DA:194,0
DA:197,0
DA:205,0
DA:206,0
DA:208,0
DA:222,0
DA:233,0
DA:234,0
DA:236,0
DA:237,0
DA:238,0
DA:241,0
DA:242,0
DA:243,0
DA:244,0
DA:245,0
DA:246,0
DA:247,0
DA:248,0
DA:249,0
DA:253,0
DA:254,0
DA:255,0
DA:256,0
DA:257,0
DA:260,0
DA:261,0
DA:263,0
DA:264,0
DA:267,0
DA:268,0
DA:271,0
DA:272,0
DA:275,0
DA:276,0
DA:282,0
DA:283,0
DA:287,0
DA:288,0
DA:289,0
DA:291,0
DA:295,0
DA:298,0
DA:302,0
DA:303,0
DA:306,0
DA:307,0
DA:308,0
DA:312,0
DA:315,0
DA:319,0
DA:320,0
DA:321,0
DA:322,0
DA:323,0
DA:327,0
DA:328,0
DA:329,0
DA:330,0
DA:332,0
DA:333,0
DA:334,0
DA:335,0
DA:336,0
DA:337,0
DA:338,0
DA:340,0
DA:343,0
DA:344,0
DA:345,0
DA:346,0
DA:347,0
DA:349,0
DA:352,0
DA:354,0
DA:355,0
DA:357,0
DA:358,0
DA:361,0
DA:362,0
DA:371,0
DA:372,0
DA:373,0
DA:374,0
DA:379,0
DA:380,0
DA:381,0
DA:384,0
DA:385,0
DA:388,0
DA:391,0
DA:392,0
DA:395,0
DA:396,0
DA:398,0
DA:399,0
DA:400,0
DA:401,0
DA:402,0
DA:405,0
DA:407,0
DA:408,0
DA:410,0
DA:411,0
DA:413,0
DA:414,0
DA:416,0
DA:419,0
DA:421,0
DA:428,0
DA:430,0
DA:431,0
DA:433,0
DA:436,0
DA:437,0
DA:439,0
DA:440,0
DA:443,0
DA:444,0
DA:446,0
DA:447,0
DA:448,0
DA:449,0
DA:452,0
DA:453,0
DA:455,0
DA:456,0
DA:457,0
DA:465,0
DA:466,0
DA:468,0
DA:470,0
DA:472,0
DA:473,0
DA:474,0
DA:475,0
DA:476,0
DA:477,0
DA:484,0
DA:485,0
DA:489,0
DA:490,0
DA:495,0
DA:499,0
DA:502,0
DA:508,0
DA:511,0
DA:513,0
DA:514,0
DA:516,0
DA:517,0
DA:518,0
DA:519,0
DA:522,0
DA:523,0
DA:526,0
DA:529,0
DA:530,0
DA:531,0
DA:533,0
DA:534,0
DA:537,0
DA:538,0
DA:545,0
DA:546,0
DA:547,0
DA:548,0
DA:549,0
DA:550,0
DA:551,0
DA:555,0
DA:559,0
DA:561,0
DA:562,0
DA:568,0
DA:569,0
DA:570,0
DA:572,0
DA:573,0
DA:574,0
DA:576,0
DA:588,0
DA:589,0
DA:590,0
DA:594,0
DA:595,0
DA:598,0
DA:599,0
DA:604,0
DA:611,0
DA:614,0
DA:615,0
DA:616,0
DA:621,0
DA:622,0
DA:623,0
DA:626,0
DA:634,0
DA:640,0
DA:645,0
DA:650,0
DA:659,0
DA:664,0
DA:666,0
DA:671,0
DA:675,0
LF:286
LH:0
BRDA:53,0,0,0
BRDA:53,0,1,0
BRDA:57,1,0,0
BRDA:57,1,1,0
BRDA:58,2,0,0
BRDA:58,2,1,0
BRDA:61,3,0,0
BRDA:61,3,1,0
BRDA:67,4,0,0
BRDA:67,4,1,0
BRDA:72,5,0,0
BRDA:72,5,1,0
BRDA:80,6,0,0
BRDA:80,6,1,0
BRDA:90,7,0,0
BRDA:90,7,1,0
BRDA:93,8,0,0
BRDA:93,8,1,0
BRDA:110,9,0,0
BRDA:110,9,1,0
BRDA:114,10,0,0
BRDA:114,10,1,0
BRDA:121,11,0,0
BRDA:121,11,1,0
BRDA:123,12,0,0
BRDA:123,12,1,0
BRDA:128,13,0,0
BRDA:128,13,1,0
BRDA:130,14,0,0
BRDA:130,14,1,0
BRDA:172,15,0,0
BRDA:172,15,1,0
BRDA:172,16,0,0
BRDA:172,16,1,0
BRDA:172,17,0,0
BRDA:172,17,1,0
BRDA:174,18,0,0
BRDA:174,18,1,0
BRDA:174,19,0,0
BRDA:174,19,1,0
BRDA:174,20,0,0
BRDA:174,20,1,0
BRDA:176,21,0,0
BRDA:176,21,1,0
BRDA:177,22,0,0
BRDA:177,22,1,0
BRDA:186,23,0,0
BRDA:186,23,1,0
BRDA:187,24,0,0
BRDA:187,24,1,0
BRDA:191,25,0,0
BRDA:191,25,1,0
BRDA:191,25,2,0
BRDA:193,26,0,0
BRDA:193,26,1,0
BRDA:238,27,0,0
BRDA:238,27,1,0
BRDA:241,28,0,0
BRDA:241,28,1,0
BRDA:243,29,0,0
BRDA:243,29,1,0
BRDA:244,30,0,0
BRDA:244,30,1,0
BRDA:245,31,0,0
BRDA:245,31,1,0
BRDA:246,32,0,0
BRDA:246,32,1,0
BRDA:246,33,0,0
BRDA:246,33,1,0
BRDA:247,34,0,0
BRDA:247,34,1,0
BRDA:247,35,0,0
BRDA:247,35,1,0
BRDA:248,36,0,0
BRDA:248,36,1,0
BRDA:248,37,0,0
BRDA:248,37,1,0
BRDA:248,37,2,0
BRDA:254,38,0,0
BRDA:254,38,1,0
BRDA:255,39,0,0
BRDA:255,39,1,0
BRDA:256,40,0,0
BRDA:256,40,1,0
BRDA:256,41,0,0
BRDA:256,41,1,0
BRDA:263,42,0,0
BRDA:263,42,1,0
BRDA:267,43,0,0
BRDA:267,43,1,0
BRDA:267,44,0,0
BRDA:267,44,1,0
BRDA:271,45,0,0
BRDA:271,45,1,0
BRDA:271,46,0,0
BRDA:271,46,1,0
BRDA:282,47,0,0
BRDA:282,47,1,0
BRDA:282,48,0,0
BRDA:282,48,1,0
BRDA:287,49,0,0
BRDA:287,49,1,0
BRDA:288,50,0,0
BRDA:288,50,1,0
BRDA:302,51,0,0
BRDA:302,51,1,0
BRDA:302,52,0,0
BRDA:302,52,1,0
BRDA:307,53,0,0
BRDA:307,53,1,0
BRDA:320,54,0,0
BRDA:320,54,1,0
BRDA:322,55,0,0
BRDA:322,55,1,0
BRDA:322,56,0,0
BRDA:322,56,1,0
BRDA:327,57,0,0
BRDA:327,57,1,0
BRDA:334,58,0,0
BRDA:334,58,1,0
BRDA:335,59,0,0
BRDA:335,59,1,0
BRDA:337,60,0,0
BRDA:337,60,1,0
BRDA:371,61,0,0
BRDA:371,61,1,0
BRDA:371,62,0,0
BRDA:371,62,1,0
BRDA:373,63,0,0
BRDA:373,63,1,0
BRDA:380,64,0,0
BRDA:380,64,1,0
BRDA:391,65,0,0
BRDA:391,65,1,0
BRDA:395,66,0,0
BRDA:395,66,1,0
BRDA:398,67,0,0
BRDA:398,67,1,0
BRDA:407,68,0,0
BRDA:407,68,1,0
BRDA:407,69,0,0
BRDA:407,69,1,0
BRDA:410,70,0,0
BRDA:410,70,1,0
BRDA:410,71,0,0
BRDA:410,71,1,0
BRDA:413,72,0,0
BRDA:413,72,1,0
BRDA:413,73,0,0
BRDA:413,73,1,0
BRDA:428,74,0,0
BRDA:428,74,1,0
BRDA:428,74,2,0
BRDA:428,74,3,0
BRDA:428,74,4,0
BRDA:428,74,5,0
BRDA:430,75,0,0
BRDA:430,75,1,0
BRDA:436,76,0,0
BRDA:436,76,1,0
BRDA:443,77,0,0
BRDA:443,77,1,0
BRDA:447,78,0,0
BRDA:447,78,1,0
BRDA:447,78,2,0
BRDA:452,79,0,0
BRDA:452,79,1,0
BRDA:465,80,0,0
BRDA:465,80,1,0
BRDA:470,81,0,0
BRDA:470,81,1,0
BRDA:470,81,2,0
BRDA:472,82,0,0
BRDA:472,82,1,0
BRDA:475,83,0,0
BRDA:475,83,1,0
BRDA:517,84,0,0
BRDA:517,84,1,0
BRDA:522,85,0,0
BRDA:522,85,1,0
BRDA:533,86,0,0
BRDA:533,86,1,0
BRDA:549,87,0,0
BRDA:549,87,1,0
BRDA:561,88,0,0
BRDA:561,88,1,0
BRDA:588,89,0,0
BRDA:588,89,1,0
BRDA:594,90,0,0
BRDA:594,90,1,0
BRDA:614,91,0,0
BRDA:614,91,1,0
BRDA:622,92,0,0
BRDA:622,92,1,0
BRDA:628,93,0,0
BRDA:628,93,1,0
BRDA:629,94,0,0
BRDA:629,94,1,0
BRDA:654,95,0,0
BRDA:654,95,1,0
BRDA:668,96,0,0
BRDA:668,96,1,0
BRF:202
BRH:0
end_of_record
TN:
SF:src/api/services/public-chat.service.ts
FN:37,getGenAI
FN:48,processMessage
FN:162,(anonymous_2)
FN:200,createChatSession
FN:238,captureLead
FNF:5
FNH:0
FNDA:0,getGenAI
FNDA:0,processMessage
FNDA:0,(anonymous_2)
FNDA:0,createChatSession
FNDA:0,captureLead
DA:1,0
DA:13,0
DA:14,0
DA:15,0
DA:16,0
DA:17,0
DA:18,0
DA:19,0
DA:38,0
DA:39,0
DA:40,0
DA:42,0
DA:48,0
DA:54,0
DA:56,0
DA:58,0
DA:59,0
DA:60,0
DA:71,0
DA:72,0
DA:84,0
DA:92,0
DA:93,0
DA:96,0
DA:101,0
DA:112,0
DA:113,0
DA:121,0
DA:122,0
DA:125,0
DA:126,0
DA:134,0
DA:135,0
DA:143,0
DA:144,0
DA:145,0
DA:146,0
DA:148,0
DA:151,0
DA:152,0
DA:154,0
DA:155,0
DA:159,0
DA:162,0
DA:174,0
DA:184,0
DA:185,0
DA:200,0
DA:205,0
DA:207,0
DA:208,0
DA:209,0
DA:213,0
DA:221,0
DA:223,0
DA:230,0
DA:231,0
DA:238,0
DA:249,0
DA:251,0
DA:252,0
DA:253,0
DA:256,0
DA:257,0
DA:261,0
DA:267,0
DA:271,0
DA:277,0
DA:278,0
DA:282,0
LF:70
LH:0
BRDA:39,0,0,0
BRDA:39,0,1,0
BRDA:59,1,0,0
BRDA:59,1,1,0
BRDA:71,2,0,0
BRDA:71,2,1,0
BRDA:71,3,0,0
BRDA:71,3,1,0
BRDA:92,4,0,0
BRDA:92,4,1,0
BRDA:114,5,0,0
BRDA:114,5,1,0
BRDA:114,6,0,0
BRDA:114,6,1,0
BRDA:114,7,0,0
BRDA:114,7,1,0
BRDA:115,8,0,0
BRDA:115,8,1,0
BRDA:115,9,0,0
BRDA:115,9,1,0
BRDA:116,10,0,0
BRDA:116,10,1,0
BRDA:116,11,0,0
BRDA:116,11,1,0
BRDA:117,12,0,0
BRDA:117,12,1,0
BRDA:117,13,0,0
BRDA:117,13,1,0
BRDA:152,14,0,0
BRDA:152,14,1,0
BRDA:154,15,0,0
BRDA:154,15,1,0
BRDA:154,16,0,0
BRDA:154,16,1,0
BRDA:192,17,0,0
BRDA:192,17,1,0
BRDA:208,18,0,0
BRDA:208,18,1,0
BRDA:216,19,0,0
BRDA:216,19,1,0
BRDA:217,20,0,0
BRDA:217,20,1,0
BRDA:231,21,0,0
BRDA:231,21,1,0
BRDA:252,22,0,0
BRDA:252,22,1,0
BRDA:256,23,0,0
BRDA:256,23,1,0
BRDA:256,24,0,0
BRDA:256,24,1,0
BRDA:278,25,0,0
BRDA:278,25,1,0
BRF:52
BRH:0
end_of_record
TN:
SF:src/api/services/rag.service.ts
FN:41,retrieveContext
FN:72,(anonymous_1)
FN:82,(anonymous_2)
FN:89,(anonymous_3)
FN:93,(anonymous_4)
FN:131,getCategorySuggestions
FN:150,buildSystemPrompt
FN:183,buildPromptWithContext
FNF:8
FNH:8
FNDA:4,retrieveContext
FNDA:9,(anonymous_1)
FNDA:8,(anonymous_2)
FNDA:7,(anonymous_3)
FNDA:7,(anonymous_4)
FNDA:1,getCategorySuggestions
FNDA:3,buildSystemPrompt
FNDA:2,buildPromptWithContext
DA:8,1
DA:9,1
DA:10,1
DA:13,1
DA:14,1
DA:15,1
DA:16,1
DA:41,1
DA:45,4
DA:47,4
DA:48,4
DA:49,4
DA:50,4
DA:53,4
DA:54,4
DA:59,4
DA:60,4
DA:62,4
DA:63,1
DA:71,3
DA:72,3
DA:73,9
DA:74,9
DA:75,8
DA:76,8
DA:82,8
DA:85,3
DA:88,3
DA:89,7
DA:93,7
DA:100,3
DA:102,3
DA:109,0
DA:110,0
DA:132,1
DA:144,1
DA:150,1
DA:151,3
DA:154,3
DA:157,3
DA:161,3
DA:183,1
DA:189,2
DA:191,1
DA:193,1
DA:207,1
DA:215,1
LF:47
LH:45
BRDA:62,0,0,1
BRDA:62,0,1,3
BRDA:73,1,0,9
BRDA:73,1,1,7
BRDA:74,2,0,1
BRDA:74,2,1,8
BRDA:85,3,0,3
BRDA:85,3,1,0
BRDA:96,4,0,7
BRDA:96,4,1,0
BRDA:144,5,0,1
BRDA:144,5,1,0
BRDA:144,6,0,1
BRDA:144,6,1,0
BRDA:151,7,0,1
BRDA:151,7,1,2
BRDA:154,8,0,1
BRDA:154,8,1,2
BRDA:157,9,0,0
BRDA:157,9,1,3
BRDA:189,10,0,1
BRDA:189,10,1,1
BRDA:191,11,0,0
BRDA:191,11,1,1
BRDA:191,12,0,1
BRDA:191,12,1,1
BRF:26
BRH:20
end_of_record
TN:
SF:src/api/services/url-extraction.service.ts
FN:22,isPrivateOrLocalAddress
FN:27,(anonymous_11)
FN:44,assertUrlAllowed
FN:93,extractFromUrl
FN:217,structureExtractedText
FNF:5
FNH:0
FNDA:0,isPrivateOrLocalAddress
FNDA:0,(anonymous_11)
FNDA:0,assertUrlAllowed
FNDA:0,extractFromUrl
FNDA:0,structureExtractedText
DA:1,0
DA:12,0
DA:13,0
DA:14,0
DA:15,0
DA:16,0
DA:17,0
DA:19,0
DA:20,0
DA:23,0
DA:24,0
DA:26,0
DA:27,0
DA:28,0
DA:29,0
DA:30,0
DA:31,0
DA:32,0
DA:33,0
DA:34,0
DA:37,0
DA:38,0
DA:39,0
DA:40,0
DA:41,0
DA:45,0
DA:47,0
DA:48,0
DA:51,0
DA:52,0
DA:55,0
DA:56,0
DA:59,0
DA:60,0
DA:66,0
DA:67,0
DA:70,0
DA:71,0
DA:72,0
DA:74,0
DA:77,0
DA:78,0
DA:79,0
DA:81,0
DA:82,0
DA:83,0
DA:87,0
DA:93,0
DA:99,0
DA:100,0
DA:101,0
DA:103,0
DA:104,0
DA:108,0
DA:120,0
DA:121,0
DA:122,0
DA:123,0
DA:125,0
DA:126,0
DA:129,0
DA:132,0
DA:133,0
DA:136,0
DA:137,0
DA:145,0
DA:148,0
DA:151,0
DA:154,0
DA:155,0
DA:156,0
DA:159,0
DA:170,0
DA:171,0
DA:172,0
DA:173,0
DA:174,0
DA:175,0
DA:180,0
DA:186,0
DA:187,0
DA:190,0
DA:191,0
DA:199,0
DA:201,0
DA:204,0
DA:205,0
DA:217,0
DA:218,0
DA:219,0
DA:220,0
DA:221,0
DA:224,0
DA:225,0
DA:226,0
DA:228,0
DA:252,0
DA:253,0
DA:255,0
DA:258,0
DA:259,0
DA:263,0
LF:102
LH:0
BRDA:24,0,0,0
BRDA:24,0,1,0
BRDA:26,1,0,0
BRDA:26,1,1,0
BRDA:28,2,0,0
BRDA:28,2,1,0
BRDA:29,3,0,0
BRDA:29,3,1,0
BRDA:30,4,0,0
BRDA:30,4,1,0
BRDA:31,5,0,0
BRDA:31,5,1,0
BRDA:31,6,0,0
BRDA:31,6,1,0
BRDA:32,7,0,0
BRDA:32,7,1,0
BRDA:32,8,0,0
BRDA:32,8,1,0
BRDA:33,9,0,0
BRDA:33,9,1,0
BRDA:33,10,0,0
BRDA:33,10,1,0
BRDA:33,10,2,0
BRDA:38,11,0,0
BRDA:38,11,1,0
BRDA:39,12,0,0
BRDA:39,12,1,0
BRDA:40,13,0,0
BRDA:40,13,1,0
BRDA:40,14,0,0
BRDA:40,14,1,0
BRDA:47,15,0,0
BRDA:47,15,1,0
BRDA:51,16,0,0
BRDA:51,16,1,0
BRDA:51,17,0,0
BRDA:51,17,1,0
BRDA:55,18,0,0
BRDA:55,18,1,0
BRDA:55,19,0,0
BRDA:55,19,1,0
BRDA:66,20,0,0
BRDA:66,20,1,0
BRDA:66,21,0,0
BRDA:66,21,1,0
BRDA:70,22,0,0
BRDA:70,22,1,0
BRDA:71,23,0,0
BRDA:71,23,1,0
BRDA:78,24,0,0
BRDA:78,24,1,0
BRDA:82,25,0,0
BRDA:82,25,1,0
BRDA:120,26,0,0
BRDA:120,26,1,0
BRDA:120,27,0,0
BRDA:120,27,1,0
BRDA:121,28,0,0
BRDA:121,28,1,0
BRDA:121,29,0,0
BRDA:121,29,1,0
BRDA:121,30,0,0
BRDA:121,30,1,0
BRDA:121,31,0,0
BRDA:121,31,1,0
BRDA:122,32,0,0
BRDA:122,32,1,0
BRDA:132,33,0,0
BRDA:132,33,1,0
BRDA:136,34,0,0
BRDA:136,34,1,0
BRDA:151,35,0,0
BRDA:151,35,1,0
BRDA:173,36,0,0
BRDA:173,36,1,0
BRDA:173,37,0,0
BRDA:173,37,1,0
BRDA:186,38,0,0
BRDA:186,38,1,0
BRDA:190,39,0,0
BRDA:190,39,1,0
BRDA:190,40,0,0
BRDA:190,40,1,0
BRDA:209,41,0,0
BRDA:209,41,1,0
BRDA:219,42,0,0
BRDA:219,42,1,0
BRDA:228,43,0,0
BRDA:228,43,1,0
BRDA:255,44,0,0
BRDA:255,44,1,0
BRF:91
BRH:0
end_of_record
TN:
SF:src/config/env.ts
FN:78,requireEnv
FN:86,optionalEnv
FN:90,optionalEnvInt
FN:97,optionalEnvBool
FN:109,loadConfig
FN:183,(anonymous_14)
FN:192,validateConfig
FNF:7
FNH:0
FNDA:0,requireEnv
FNDA:0,optionalEnv
FNDA:0,optionalEnvInt
FNDA:0,optionalEnvBool
FNDA:0,loadConfig
FNDA:0,(anonymous_14)
FNDA:0,validateConfig
DA:16,0
DA:79,0
DA:80,0
DA:81,0
DA:83,0
DA:87,0
DA:91,0
DA:92,0
DA:93,0
DA:94,0
DA:98,0
DA:99,0
DA:100,0
DA:107,0
DA:109,0
DA:110,0
DA:114,0
DA:116,0
DA:176,0
DA:182,0
DA:184,0
DA:185,0
DA:192,0
DA:193,0
DA:194,0
DA:195,0
DA:197,0
DA:198,0
LF:28
LH:0
BRDA:80,0,0,0
BRDA:80,0,1,0
BRDA:87,1,0,0
BRDA:87,1,1,0
BRDA:92,2,0,0
BRDA:92,2,1,0
BRDA:94,3,0,0
BRDA:94,3,1,0
BRDA:99,4,0,0
BRDA:99,4,1,0
BRDA:110,5,0,0
BRDA:110,5,1,0
BRDA:114,6,0,0
BRDA:114,6,1,0
BRDA:129,7,0,0
BRDA:129,7,1,0
BRDA:129,8,0,0
BRDA:129,8,1,0
BRDA:129,9,0,0
BRDA:129,9,1,0
BRDA:129,10,0,0
BRDA:129,10,1,0
BRDA:131,11,0,0
BRDA:131,11,1,0
BRDA:157,12,0,0
BRDA:157,12,1,0
BRDA:162,13,0,0
BRDA:162,13,1,0
BRF:28
BRH:0
end_of_record
TN:
SF:src/config/firebase.ts
FNF:0
FNH:0
DA:1,3
DA:2,3
DA:5,3
DA:9,3
DA:11,3
DA:12,3
LF:6
LH:6
BRDA:5,0,0,0
BRDA:5,0,1,3
BRDA:5,1,0,3
BRDA:5,1,1,3
BRDA:5,2,0,0
BRDA:5,2,1,3
BRDA:5,3,0,3
BRDA:5,3,1,3
BRDA:7,4,0,0
BRDA:7,4,1,3
BRDA:9,5,0,0
BRDA:9,5,1,3
BRF:12
BRH:8
end_of_record
TN:
SF:src/connect/checkinExpiry.ts
FN:6,(anonymous_9)
FN:21,(anonymous_10)
FNF:2
FNH:0
FNDA:0,(anonymous_9)
FNDA:0,(anonymous_10)
DA:1,0
DA:2,0
DA:3,0
DA:4,0
DA:6,0
DA:7,0
DA:9,0
DA:10,0
DA:13,0
DA:15,0
DA:16,0
DA:17,0
DA:20,0
DA:21,0
DA:22,0
DA:25,0
DA:26,0
LF:17
LH:0
BRDA:15,0,0,0
BRDA:15,0,1,0
BRF:2
BRH:0
end_of_record
TN:
SF:src/connect/onEventCreated.ts
FN:4,(anonymous_9)
FNF:1
FNH:0
FNDA:0,(anonymous_9)
DA:1,0
DA:2,0
DA:4,0
DA:5,0
DA:6,0
DA:8,0
DA:14,0
DA:15,0
LF:8
LH:0
BRDA:6,0,0,0
BRDA:6,0,1,0
BRDA:14,1,0,0
BRDA:14,1,1,0
BRF:4
BRH:0
end_of_record
TN:
SF:src/connect/waveNotifications.ts
FN:8,(anonymous_9)
FNF:1
FNH:0
FNDA:0,(anonymous_9)
DA:1,0
DA:2,0
DA:8,0
DA:9,0
DA:11,0
DA:12,0
DA:15,0
DA:18,0
LF:8
LH:0
BRDA:11,0,0,0
BRDA:11,0,1,0
BRDA:15,1,0,0
BRDA:15,1,1,0
BRF:4
BRH:0
end_of_record
TN:
SF:src/controllers/admin.controller.ts
FN:26,(anonymous_9)
FN:131,(anonymous_10)
FN:214,(anonymous_11)
FNF:3
FNH:0
FNDA:0,(anonymous_9)
FNDA:0,(anonymous_10)
FNDA:0,(anonymous_11)
DA:1,0
DA:3,0
DA:4,0
DA:5,0
DA:11,0
DA:26,0
DA:27,0
DA:29,0
DA:30,0
DA:31,0
DA:32,0
DA:35,0
DA:36,0
DA:37,0
DA:38,0
DA:42,0
DA:47,0
DA:48,0
DA:49,0
DA:52,0
DA:53,0
DA:63,0
DA:64,0
DA:67,0
DA:68,0
DA:72,0
DA:78,0
DA:79,0
DA:84,0
DA:85,0
DA:91,0
DA:99,0
DA:102,0
DA:103,0
DA:104,0
DA:108,0
DA:111,0
DA:113,0
DA:120,0
DA:121,0
DA:131,0
DA:132,0
DA:134,0
DA:135,0
DA:136,0
DA:137,0
DA:140,0
DA:141,0
DA:144,0
DA:145,0
DA:148,0
DA:152,0
DA:154,0
DA:157,0
DA:158,0
DA:159,0
DA:162,0
DA:163,0
DA:164,0
DA:168,0
DA:178,0
DA:183,0
DA:186,0
DA:187,0
DA:191,0
DA:194,0
DA:198,0
DA:204,0
DA:205,0
DA:214,0
DA:215,0
DA:216,0
DA:217,0
DA:218,0
DA:219,0
DA:222,0
DA:223,0
DA:225,0
DA:226,0
DA:229,0
DA:232,0
DA:234,0
DA:235,0
DA:236,0
DA:240,0
DA:241,0
DA:242,0
DA:246,0
DA:256,0
DA:262,0
DA:266,0
DA:271,0
DA:272,0
DA:277,0
LF:94
LH:0
BRDA:30,0,0,0
BRDA:30,0,1,0
BRDA:30,1,0,0
BRDA:30,1,1,0
BRDA:42,2,0,0
BRDA:42,2,1,0
BRDA:42,2,2,0
BRDA:49,3,0,0
BRDA:49,3,1,0
BRDA:49,4,0,0
BRDA:49,4,1,0
BRDA:52,5,0,0
BRDA:52,5,1,0
BRDA:52,6,0,0
BRDA:52,6,1,0
BRDA:67,7,0,0
BRDA:67,7,1,0
BRDA:67,8,0,0
BRDA:67,8,1,0
BRDA:78,9,0,0
BRDA:78,9,1,0
BRDA:84,10,0,0
BRDA:84,10,1,0
BRDA:93,11,0,0
BRDA:93,11,1,0
BRDA:121,12,0,0
BRDA:121,12,1,0
BRDA:135,13,0,0
BRDA:135,13,1,0
BRDA:135,14,0,0
BRDA:135,14,1,0
BRDA:144,15,0,0
BRDA:144,15,1,0
BRDA:157,16,0,0
BRDA:157,16,1,0
BRDA:157,17,0,0
BRDA:157,17,1,0
BRDA:162,18,0,0
BRDA:162,18,1,0
BRDA:205,19,0,0
BRDA:205,19,1,0
BRDA:217,20,0,0
BRDA:217,20,1,0
BRDA:217,21,0,0
BRDA:217,21,1,0
BRDA:225,22,0,0
BRDA:225,22,1,0
BRDA:234,23,0,0
BRDA:234,23,1,0
BRDA:240,24,0,0
BRDA:240,24,1,0
BRDA:272,25,0,0
BRDA:272,25,1,0
BRF:53
BRH:0
end_of_record
TN:
SF:src/controllers/business-chat.controller.ts
FN:22,(anonymous_9)
FN:35,(anonymous_10)
FN:82,(anonymous_11)
FN:223,(anonymous_12)
FN:243,(anonymous_13)
FN:295,(anonymous_14)
FN:318,(anonymous_15)
FN:336,(anonymous_16)
FN:351,executeBusinessTool
FN:414,(anonymous_18)
FN:427,(anonymous_19)
FN:605,(anonymous_20)
FN:620,(anonymous_21)
FNF:13
FNH:0
FNDA:0,(anonymous_9)
FNDA:0,(anonymous_10)
FNDA:0,(anonymous_11)
FNDA:0,(anonymous_12)
FNDA:0,(anonymous_13)
FNDA:0,(anonymous_14)
FNDA:0,(anonymous_15)
FNDA:0,(anonymous_16)
FNDA:0,executeBusinessTool
FNDA:0,(anonymous_18)
FNDA:0,(anonymous_19)
FNDA:0,(anonymous_20)
FNDA:0,(anonymous_21)
DA:1,0
DA:10,0
DA:11,0
DA:12,0
DA:13,0
DA:14,0
DA:15,0
DA:16,0
DA:17,0
DA:18,0
DA:21,0
DA:22,0
DA:23,0
DA:24,0
DA:25,0
DA:26,0
DA:28,0
DA:35,0
DA:36,0
DA:37,0
DA:39,0
DA:41,0
DA:43,0
DA:44,0
DA:45,0
DA:49,0
DA:50,0
DA:52,0
DA:53,0
DA:54,0
DA:55,0
DA:58,0
DA:59,0
DA:62,0
DA:63,0
DA:64,0
DA:67,0
DA:68,0
DA:69,0
DA:72,0
DA:73,0
DA:74,0
DA:75,0
DA:79,0
DA:82,0
DA:89,0
DA:91,0
DA:96,0
DA:115,0
DA:120,0
DA:121,0
DA:128,0
DA:129,0
DA:130,0
DA:131,0
DA:134,0
DA:135,0
DA:136,0
DA:137,0
DA:139,0
DA:140,0
DA:141,0
DA:149,0
DA:153,0
DA:154,0
DA:155,0
DA:160,0
DA:162,0
DA:167,0
DA:170,0
DA:171,0
DA:176,0
DA:179,0
DA:180,0
DA:181,0
DA:188,0
DA:192,0
DA:196,0
DA:200,0
DA:201,0
DA:206,0
DA:210,0
DA:216,0
DA:223,0
DA:224,0
DA:225,0
DA:232,0
DA:233,0
DA:234,0
DA:235,0
DA:237,0
DA:241,0
DA:242,0
DA:243,0
DA:244,0
DA:245,0
DA:247,0
DA:251,0
DA:257,0
DA:260,0
DA:268,0
DA:271,0
DA:272,0
DA:273,0
DA:276,0
DA:277,0
DA:279,0
DA:280,0
DA:281,0
DA:282,0
DA:290,0
DA:294,0
DA:295,0
DA:302,0
DA:306,0
DA:308,0
DA:315,0
DA:318,0
DA:323,0
DA:333,0
DA:336,0
DA:340,0
DA:341,0
DA:359,0
DA:361,0
DA:362,0
DA:365,0
DA:367,0
DA:382,0
DA:383,0
DA:385,0
DA:386,0
DA:387,0
DA:396,0
DA:400,0
DA:412,0
DA:413,0
DA:414,0
DA:416,0
DA:417,0
DA:418,0
DA:427,0
DA:428,0
DA:430,0
DA:431,0
DA:443,0
DA:444,0
DA:445,0
DA:458,0
DA:475,0
DA:476,0
DA:487,0
DA:491,0
DA:503,0
DA:504,0
DA:510,0
DA:511,0
DA:513,0
DA:514,0
DA:515,0
DA:516,0
DA:521,0
DA:522,0
DA:530,0
DA:531,0
DA:537,0
DA:538,0
DA:539,0
DA:540,0
DA:545,0
DA:546,0
DA:554,0
DA:565,0
DA:566,0
DA:568,0
DA:579,0
DA:589,0
DA:590,0
DA:593,0
DA:594,0
DA:605,0
DA:607,0
DA:608,0
DA:609,0
DA:619,0
DA:620,0
DA:621,0
DA:623,0
DA:624,0
DA:637,0
DA:638,0
DA:639,0
DA:651,0
DA:664,0
DA:665,0
DA:671,0
DA:672,0
LF:197
LH:0
BRDA:23,0,0,0
BRDA:23,0,1,0
BRDA:25,1,0,0
BRDA:25,1,1,0
BRDA:43,2,0,0
BRDA:43,2,1,0
BRDA:43,3,0,0
BRDA:43,3,1,0
BRDA:50,4,0,0
BRDA:50,4,1,0
BRDA:53,5,0,0
BRDA:53,5,1,0
BRDA:62,6,0,0
BRDA:62,6,1,0
BRDA:63,7,0,0
BRDA:63,7,1,0
BRDA:63,8,0,0
BRDA:63,8,1,0
BRDA:63,9,0,0
BRDA:63,9,1,0
BRDA:64,10,0,0
BRDA:64,10,1,0
BRDA:68,11,0,0
BRDA:68,11,1,0
BRDA:69,12,0,0
BRDA:69,12,1,0
BRDA:73,13,0,0
BRDA:73,13,1,0
BRDA:73,14,0,0
BRDA:73,14,1,0
BRDA:73,15,0,0
BRDA:73,15,1,0
BRDA:73,16,0,0
BRDA:73,16,1,0
BRDA:73,17,0,0
BRDA:73,17,1,0
BRDA:81,18,0,0
BRDA:81,18,1,0
BRDA:84,19,0,0
BRDA:84,19,1,0
BRDA:84,20,0,0
BRDA:84,20,1,0
BRDA:85,21,0,0
BRDA:85,21,1,0
BRDA:98,22,0,0
BRDA:98,22,1,0
BRDA:98,22,2,0
BRDA:98,23,0,0
BRDA:98,23,1,0
BRDA:98,24,0,0
BRDA:98,24,1,0
BRDA:99,25,0,0
BRDA:99,25,1,0
BRDA:99,25,2,0
BRDA:99,26,0,0
BRDA:99,26,1,0
BRDA:99,27,0,0
BRDA:99,27,1,0
BRDA:100,28,0,0
BRDA:100,28,1,0
BRDA:100,28,2,0
BRDA:100,28,3,0
BRDA:100,29,0,0
BRDA:100,29,1,0
BRDA:100,30,0,0
BRDA:100,30,1,0
BRDA:101,31,0,0
BRDA:101,31,1,0
BRDA:101,31,2,0
BRDA:101,32,0,0
BRDA:101,32,1,0
BRDA:101,33,0,0
BRDA:101,33,1,0
BRDA:102,34,0,0
BRDA:102,34,1,0
BRDA:102,35,0,0
BRDA:102,35,1,0
BRDA:102,36,0,0
BRDA:102,36,1,0
BRDA:104,37,0,0
BRDA:104,37,1,0
BRDA:104,38,0,0
BRDA:104,38,1,0
BRDA:104,39,0,0
BRDA:104,39,1,0
BRDA:104,40,0,0
BRDA:104,40,1,0
BRDA:104,41,0,0
BRDA:104,41,1,0
BRDA:104,42,0,0
BRDA:104,42,1,0
BRDA:104,43,0,0
BRDA:104,43,1,0
BRDA:104,44,0,0
BRDA:104,44,1,0
BRDA:104,45,0,0
BRDA:104,45,1,0
BRDA:104,46,0,0
BRDA:104,46,1,0
BRDA:105,47,0,0
BRDA:105,47,1,0
BRDA:105,47,2,0
BRDA:105,48,0,0
BRDA:105,48,1,0
BRDA:105,49,0,0
BRDA:105,49,1,0
BRDA:105,50,0,0
BRDA:105,50,1,0
BRDA:105,51,0,0
BRDA:105,51,1,0
BRDA:105,52,0,0
BRDA:105,52,1,0
BRDA:105,53,0,0
BRDA:105,53,1,0
BRDA:106,54,0,0
BRDA:106,54,1,0
BRDA:106,54,2,0
BRDA:106,55,0,0
BRDA:106,55,1,0
BRDA:106,56,0,0
BRDA:106,56,1,0
BRDA:106,57,0,0
BRDA:106,57,1,0
BRDA:106,58,0,0
BRDA:106,58,1,0
BRDA:106,59,0,0
BRDA:106,59,1,0
BRDA:106,60,0,0
BRDA:106,60,1,0
BRDA:107,61,0,0
BRDA:107,61,1,0
BRDA:107,61,2,0
BRDA:107,62,0,0
BRDA:107,62,1,0
BRDA:107,63,0,0
BRDA:107,63,1,0
BRDA:107,64,0,0
BRDA:107,64,1,0
BRDA:107,65,0,0
BRDA:107,65,1,0
BRDA:107,66,0,0
BRDA:107,66,1,0
BRDA:107,67,0,0
BRDA:107,67,1,0
BRDA:108,68,0,0
BRDA:108,68,1,0
BRDA:109,69,0,0
BRDA:109,69,1,0
BRDA:109,69,2,0
BRDA:109,70,0,0
BRDA:109,70,1,0
BRDA:109,71,0,0
BRDA:109,71,1,0
BRDA:109,72,0,0
BRDA:109,72,1,0
BRDA:109,73,0,0
BRDA:109,73,1,0
BRDA:109,74,0,0
BRDA:109,74,1,0
BRDA:109,75,0,0
BRDA:109,75,1,0
BRDA:115,76,0,0
BRDA:115,76,1,0
BRDA:115,77,0,0
BRDA:115,77,1,0
BRDA:115,78,0,0
BRDA:115,78,1,0
BRDA:115,79,0,0
BRDA:115,79,1,0
BRDA:121,80,0,0
BRDA:121,80,1,0
BRDA:121,81,0,0
BRDA:121,81,1,0
BRDA:128,82,0,0
BRDA:128,82,1,0
BRDA:128,83,0,0
BRDA:128,83,1,0
BRDA:128,84,0,0
BRDA:128,84,1,0
BRDA:128,85,0,0
BRDA:128,85,1,0
BRDA:139,86,0,0
BRDA:139,86,1,0
BRDA:153,87,0,0
BRDA:153,87,1,0
BRDA:154,88,0,0
BRDA:154,88,1,0
BRDA:179,89,0,0
BRDA:179,89,1,0
BRDA:200,90,0,0
BRDA:200,90,1,0
BRDA:253,91,0,0
BRDA:253,91,1,0
BRDA:279,92,0,0
BRDA:279,92,1,0
BRDA:279,93,0,0
BRDA:279,93,1,0
BRDA:288,94,0,0
BRDA:288,94,1,0
BRDA:288,95,0,0
BRDA:288,95,1,0
BRDA:311,96,0,0
BRDA:311,96,1,0
BRDA:311,97,0,0
BRDA:311,97,1,0
BRDA:311,98,0,0
BRDA:311,98,1,0
BRDA:318,99,0,0
BRDA:318,99,1,0
BRDA:318,100,0,0
BRDA:318,100,1,0
BRDA:318,101,0,0
BRDA:318,101,1,0
BRDA:325,102,0,0
BRDA:325,102,1,0
BRDA:325,103,0,0
BRDA:325,103,1,0
BRDA:325,104,0,0
BRDA:325,104,1,0
BRDA:326,105,0,0
BRDA:326,105,1,0
BRDA:326,106,0,0
BRDA:326,106,1,0
BRDA:326,107,0,0
BRDA:326,107,1,0
BRDA:362,108,0,0
BRDA:362,108,1,0
BRDA:362,108,2,0
BRDA:362,108,3,0
BRDA:362,108,4,0
BRDA:362,108,5,0
BRDA:362,108,6,0
BRDA:365,109,0,0
BRDA:365,109,1,0
BRDA:365,110,0,0
BRDA:365,110,1,0
BRDA:365,111,0,0
BRDA:365,111,1,0
BRDA:374,112,0,0
BRDA:374,112,1,0
BRDA:375,113,0,0
BRDA:375,113,1,0
BRDA:378,114,0,0
BRDA:378,114,1,0
BRDA:385,115,0,0
BRDA:385,115,1,0
BRDA:392,116,0,0
BRDA:392,116,1,0
BRDA:414,117,0,0
BRDA:414,117,1,0
BRDA:414,118,0,0
BRDA:414,118,1,0
BRDA:416,119,0,0
BRDA:416,119,1,0
BRDA:417,120,0,0
BRDA:417,120,1,0
BRDA:427,121,0,0
BRDA:427,121,1,0
BRDA:427,122,0,0
BRDA:427,122,1,0
BRDA:428,123,0,0
BRDA:428,123,1,0
BRDA:430,124,0,0
BRDA:430,124,1,0
BRDA:444,125,0,0
BRDA:444,125,1,0
BRDA:444,126,0,0
BRDA:444,126,1,0
BRDA:464,127,0,0
BRDA:464,127,1,0
BRDA:470,128,0,0
BRDA:470,128,1,0
BRDA:475,129,0,0
BRDA:475,129,1,0
BRDA:481,130,0,0
BRDA:481,130,1,0
BRDA:496,131,0,0
BRDA:496,131,1,0
BRDA:496,132,0,0
BRDA:496,132,1,0
BRDA:503,133,0,0
BRDA:503,133,1,0
BRDA:510,134,0,0
BRDA:510,134,1,0
BRDA:510,135,0,0
BRDA:510,135,1,0
BRDA:511,136,0,0
BRDA:511,136,1,0
BRDA:530,137,0,0
BRDA:530,137,1,0
BRDA:557,138,0,0
BRDA:557,138,1,0
BRDA:558,139,0,0
BRDA:558,139,1,0
BRDA:561,140,0,0
BRDA:561,140,1,0
BRDA:582,141,0,0
BRDA:582,141,1,0
BRDA:593,142,0,0
BRDA:593,142,1,0
BRDA:593,143,0,0
BRDA:593,143,1,0
BRDA:593,144,0,0
BRDA:593,144,1,0
BRDA:605,145,0,0
BRDA:605,145,1,0
BRDA:605,146,0,0
BRDA:605,146,1,0
BRDA:607,147,0,0
BRDA:607,147,1,0
BRDA:608,148,0,0
BRDA:608,148,1,0
BRDA:613,149,0,0
BRDA:613,149,1,0
BRDA:619,150,0,0
BRDA:619,150,1,0
BRDA:620,151,0,0
BRDA:620,151,1,0
BRDA:620,152,0,0
BRDA:620,152,1,0
BRDA:621,153,0,0
BRDA:621,153,1,0
BRDA:623,154,0,0
BRDA:623,154,1,0
BRDA:638,155,0,0
BRDA:638,155,1,0
BRDA:638,156,0,0
BRDA:638,156,1,0
BRDA:638,156,2,0
BRDA:656,157,0,0
BRDA:656,157,1,0
BRF:331
BRH:0
end_of_record
TN:
SF:src/controllers/chat.controller.ts
FN:17,(anonymous_9)
FN:30,(anonymous_10)
FN:394,(anonymous_11)
FN:456,(anonymous_12)
FN:664,(anonymous_13)
FN:743,(anonymous_14)
FN:747,(anonymous_15)
FN:749,(anonymous_16)
FN:753,(anonymous_17)
FNF:9
FNH:6
FNDA:4,(anonymous_9)
FNDA:8,(anonymous_10)
FNDA:0,(anonymous_11)
FNDA:0,(anonymous_12)
FNDA:0,(anonymous_13)
FNDA:1,(anonymous_14)
FNDA:1,(anonymous_15)
FNDA:1,(anonymous_16)
FNDA:1,(anonymous_17)
DA:1,1
DA:3,1
DA:4,1
DA:5,1
DA:6,1
DA:7,1
DA:8,1
DA:9,1
DA:10,1
DA:11,1
DA:12,1
DA:15,1
DA:17,1
DA:18,4
DA:19,1
DA:20,1
DA:21,0
DA:23,1
DA:25,4
DA:28,1
DA:30,1
DA:31,8
DA:32,8
DA:33,8
DA:35,8
DA:37,8
DA:38,8
DA:39,8
DA:42,8
DA:43,1
DA:48,1
DA:51,1
DA:55,8
DA:61,7
DA:68,7
DA:69,7
DA:71,7
DA:74,7
DA:75,1
DA:76,1
DA:90,0
DA:98,7
DA:101,7
DA:106,7
DA:111,7
DA:112,3
DA:113,3
DA:123,3
DA:135,3
DA:136,3
DA:137,3
DA:139,3
DA:141,1
DA:150,1
DA:151,1
DA:161,1
DA:163,1
DA:164,0
DA:165,0
DA:171,0
DA:181,0
DA:186,0
DA:188,0
DA:193,0
DA:196,1
DA:202,1
DA:203,1
DA:210,1
DA:218,1
DA:222,2
DA:224,1
DA:230,1
DA:231,1
DA:237,1
DA:239,1
DA:246,1
DA:247,1
DA:254,1
DA:259,1
DA:262,0
DA:267,1
DA:268,0
DA:271,1
DA:277,1
DA:278,1
DA:285,1
DA:290,1
DA:298,4
DA:299,4
DA:308,4
DA:314,4
DA:317,4
DA:320,4
DA:327,4
DA:336,4
DA:371,4
DA:375,4
DA:376,4
DA:377,4
DA:379,4
DA:394,3
DA:399,3
DA:400,0
DA:403,3
DA:407,3
DA:410,3
DA:411,3
DA:413,3
DA:414,3
DA:415,3
DA:416,3
DA:417,3
DA:418,3
DA:421,3
DA:422,3
DA:424,0
DA:425,0
DA:426,0
DA:427,0
DA:433,0
DA:435,0
DA:436,0
DA:437,0
DA:438,0
DA:442,0
DA:444,0
DA:445,0
DA:450,0
DA:451,0
DA:455,0
DA:456,0
DA:463,0
DA:467,0
DA:469,0
DA:472,0
DA:473,0
DA:474,0
DA:480,0
DA:496,0
DA:497,0
DA:504,0
DA:509,0
DA:514,0
DA:521,0
DA:522,0
DA:526,0
DA:527,0
DA:528,0
DA:529,0
DA:533,0
DA:534,0
DA:535,0
DA:536,0
DA:537,0
DA:538,0
DA:539,0
DA:540,0
DA:541,0
DA:543,0
DA:544,0
DA:546,0
DA:551,0
DA:552,0
DA:553,0
DA:560,0
DA:564,0
DA:568,0
DA:571,0
DA:574,0
DA:575,0
DA:576,0
DA:580,0
DA:581,0
DA:585,0
DA:586,0
DA:590,0
DA:591,0
DA:594,0
DA:595,0
DA:597,0
DA:599,0
DA:600,0
DA:601,0
DA:604,0
DA:610,0
DA:616,0
DA:617,0
DA:618,0
DA:619,0
DA:623,0
DA:630,0
DA:639,0
DA:640,0
DA:641,0
DA:642,0
DA:644,3
DA:645,3
DA:649,3
DA:650,3
DA:651,3
DA:652,3
DA:654,0
DA:660,0
DA:664,0
DA:676,0
DA:677,0
DA:678,0
DA:680,0
DA:681,0
DA:683,0
DA:685,0
DA:686,0
DA:693,3
DA:694,0
DA:695,0
DA:699,3
DA:702,3
DA:703,0
DA:706,3
DA:719,3
DA:725,3
DA:735,3
DA:737,2
DA:738,2
DA:739,2
DA:743,1
DA:744,1
DA:745,1
DA:747,2
DA:749,2
DA:751,1
DA:753,2
DA:754,1
DA:757,1
DA:758,1
DA:760,1
DA:763,1
DA:765,1
DA:766,1
DA:767,0
DA:768,0
DA:797,0
DA:798,0
DA:801,1
DA:802,1
DA:804,0
DA:805,0
LF:247
LH:135
BRDA:18,0,0,1
BRDA:18,0,1,3
BRDA:20,1,0,0
BRDA:20,1,1,1
BRDA:42,2,0,1
BRDA:42,2,1,7
BRDA:49,3,0,1
BRDA:49,3,1,0
BRDA:68,4,0,7
BRDA:68,4,1,0
BRDA:69,5,0,7
BRDA:69,5,1,0
BRDA:69,5,2,0
BRDA:69,5,3,0
BRDA:71,6,0,7
BRDA:71,6,1,7
BRDA:71,6,2,7
BRDA:71,6,3,0
BRDA:74,7,0,1
BRDA:74,7,1,6
BRDA:92,8,0,0
BRDA:92,8,1,0
BRDA:101,9,0,7
BRDA:101,9,1,6
BRDA:101,9,2,6
BRDA:111,10,0,3
BRDA:111,10,1,4
BRDA:139,11,0,1
BRDA:139,11,1,2
BRDA:141,12,0,0
BRDA:141,12,1,1
BRDA:142,13,0,1
BRDA:142,13,1,1
BRDA:142,13,2,1
BRDA:163,14,0,0
BRDA:163,14,1,1
BRDA:164,15,0,0
BRDA:164,15,1,0
BRDA:222,16,0,1
BRDA:222,16,1,1
BRDA:224,17,0,1
BRDA:224,17,1,0
BRDA:225,18,0,1
BRDA:225,18,1,1
BRDA:225,18,2,1
BRDA:267,19,0,0
BRDA:267,19,1,1
BRDA:314,20,0,0
BRDA:314,20,1,4
BRDA:314,21,0,4
BRDA:314,21,1,4
BRDA:317,22,0,0
BRDA:317,22,1,4
BRDA:317,23,0,0
BRDA:317,23,1,4
BRDA:317,24,0,4
BRDA:317,24,1,4
BRDA:327,25,0,1
BRDA:327,25,1,3
BRDA:368,26,0,1
BRDA:368,26,1,3
BRDA:375,27,0,4
BRDA:375,27,1,4
BRDA:399,28,0,0
BRDA:399,28,1,3
BRDA:399,29,0,3
BRDA:399,29,1,0
BRDA:422,30,0,3
BRDA:422,30,1,0
BRDA:426,31,0,0
BRDA:426,31,1,0
BRDA:445,32,0,0
BRDA:445,32,1,0
BRDA:446,33,0,0
BRDA:446,33,1,0
BRDA:446,33,2,0
BRDA:455,34,0,0
BRDA:455,34,1,0
BRDA:456,35,0,0
BRDA:456,35,1,0
BRDA:461,36,0,0
BRDA:461,36,1,0
BRDA:467,37,0,0
BRDA:467,37,1,0
BRDA:473,38,0,0
BRDA:473,38,1,0
BRDA:483,39,0,0
BRDA:483,39,1,0
BRDA:487,40,0,0
BRDA:487,40,1,0
BRDA:487,40,2,0
BRDA:490,41,0,0
BRDA:490,41,1,0
BRDA:491,42,0,0
BRDA:491,42,1,0
BRDA:493,43,0,0
BRDA:493,43,1,0
BRDA:496,44,0,0
BRDA:496,44,1,0
BRDA:521,45,0,0
BRDA:521,45,1,0
BRDA:528,46,0,0
BRDA:528,46,1,0
BRDA:535,47,0,0
BRDA:535,47,1,0
BRDA:537,48,0,0
BRDA:537,48,1,0
BRDA:539,49,0,0
BRDA:539,49,1,0
BRDA:541,50,0,0
BRDA:541,50,1,0
BRDA:541,51,0,0
BRDA:541,51,1,0
BRDA:544,52,0,0
BRDA:544,52,1,0
BRDA:546,53,0,0
BRDA:546,53,1,0
BRDA:547,54,0,0
BRDA:547,54,1,0
BRDA:547,54,2,0
BRDA:560,55,0,0
BRDA:560,55,1,0
BRDA:561,56,0,0
BRDA:561,56,1,0
BRDA:568,57,0,0
BRDA:568,57,1,0
BRDA:574,58,0,0
BRDA:574,58,1,0
BRDA:574,59,0,0
BRDA:574,59,1,0
BRDA:580,60,0,0
BRDA:580,60,1,0
BRDA:585,61,0,0
BRDA:585,61,1,0
BRDA:590,62,0,0
BRDA:590,62,1,0
BRDA:594,63,0,0
BRDA:594,63,1,0
BRDA:600,64,0,0
BRDA:600,64,1,0
BRDA:605,65,0,0
BRDA:605,65,1,0
BRDA:613,66,0,0
BRDA:613,66,1,0
BRDA:616,67,0,0
BRDA:616,67,1,0
BRDA:618,68,0,0
BRDA:618,68,1,0
BRDA:618,69,0,0
BRDA:618,69,1,0
BRDA:644,70,0,3
BRDA:644,70,1,0
BRDA:644,71,0,3
BRDA:644,71,1,0
BRDA:664,72,0,0
BRDA:664,72,1,0
BRDA:664,73,0,0
BRDA:664,73,1,0
BRDA:676,74,0,0
BRDA:676,74,1,0
BRDA:676,75,0,0
BRDA:676,75,1,0
BRDA:677,76,0,0
BRDA:677,76,1,0
BRDA:677,77,0,0
BRDA:677,77,1,0
BRDA:677,78,0,0
BRDA:677,78,1,0
BRDA:680,79,0,0
BRDA:680,79,1,0
BRDA:680,80,0,0
BRDA:680,80,1,0
BRDA:680,81,0,0
BRDA:680,81,1,0
BRDA:683,82,0,0
BRDA:683,82,1,0
BRDA:683,83,0,0
BRDA:683,83,1,0
BRDA:693,84,0,0
BRDA:693,84,1,3
BRDA:693,85,0,3
BRDA:693,85,1,3
BRDA:702,86,0,0
BRDA:702,86,1,3
BRDA:757,87,0,0
BRDA:757,87,1,1
BRDA:758,88,0,1
BRDA:758,88,1,1
BRDA:761,89,0,0
BRDA:761,89,1,1
BRDA:776,90,0,0
BRDA:776,90,1,0
BRDA:776,90,2,0
BRDA:776,90,3,0
BRDA:779,91,0,0
BRDA:779,91,1,0
BRDA:779,92,0,0
BRDA:779,92,1,0
BRDA:780,93,0,0
BRDA:780,93,1,0
BRDA:780,94,0,0
BRDA:780,94,1,0
BRDA:784,95,0,0
BRDA:784,95,1,0
BRDA:786,96,0,0
BRDA:786,96,1,0
BRDA:790,97,0,0
BRDA:790,97,1,0
BRDA:790,98,0,0
BRDA:790,98,1,0
BRDA:790,99,0,0
BRDA:790,99,1,0
BRDA:791,100,0,0
BRDA:791,100,1,0
BRDA:791,101,0,0
BRDA:791,101,1,0
BRDA:791,102,0,0
BRDA:791,102,1,0
BRDA:792,103,0,0
BRDA:792,103,1,0
BRDA:792,103,2,0
BRDA:792,104,0,0
BRDA:792,104,1,0
BRDA:792,105,0,0
BRDA:792,105,1,0
BRF:225
BRH:58
end_of_record
TN:
SF:src/controllers/emailWebhook.controller.ts
FN:10,(anonymous_9)
FNF:1
FNH:0
FNDA:0,(anonymous_9)
DA:1,0
DA:3,0
DA:4,0
DA:10,0
DA:11,0
DA:13,0
DA:15,0
DA:16,0
DA:17,0
DA:18,0
DA:21,0
DA:22,0
DA:24,0
DA:27,0
DA:28,0
DA:29,0
DA:32,0
DA:33,0
DA:35,0
DA:36,0
DA:37,0
DA:38,0
DA:39,0
DA:40,0
DA:42,0
DA:48,0
DA:50,0
DA:51,0
LF:28
LH:0
BRDA:13,0,0,0
BRDA:13,0,1,0
BRDA:13,0,2,0
BRDA:15,1,0,0
BRDA:15,1,1,0
BRDA:24,2,0,0
BRDA:24,2,1,0
BRDA:27,3,0,0
BRDA:27,3,1,0
BRF:9
BRH:0
end_of_record
TN:
SF:src/controllers/import.controller.ts
FN:11,(anonymous_9)
FN:24,(anonymous_10)
FN:33,(anonymous_11)
FN:59,(anonymous_12)
FN:74,(anonymous_13)
FN:80,(anonymous_14)
FN:160,(anonymous_15)
FN:231,(anonymous_16)
FN:379,(anonymous_17)
FN:434,(anonymous_18)
FNF:10
FNH:0
FNDA:0,(anonymous_9)
FNDA:0,(anonymous_10)
FNDA:0,(anonymous_11)
FNDA:0,(anonymous_12)
FNDA:0,(anonymous_13)
FNDA:0,(anonymous_14)
FNDA:0,(anonymous_15)
FNDA:0,(anonymous_16)
FNDA:0,(anonymous_17)
FNDA:0,(anonymous_18)
DA:1,0
DA:3,0
DA:4,0
DA:5,0
DA:7,0
DA:10,0
DA:11,0
DA:12,0
DA:13,0
DA:14,0
DA:15,0
DA:16,0
DA:24,0
DA:25,0
DA:26,0
DA:27,0
DA:28,0
DA:30,0
DA:33,0
DA:37,0
DA:38,0
DA:40,0
DA:44,0
DA:47,0
DA:48,0
DA:51,0
DA:52,0
DA:54,0
DA:55,0
DA:59,0
DA:60,0
DA:70,0
DA:71,0
DA:73,0
DA:75,0
DA:80,0
DA:81,0
DA:83,0
DA:85,0
DA:86,0
DA:97,0
DA:100,0
DA:101,0
DA:104,0
DA:107,0
DA:111,0
DA:118,0
DA:124,0
DA:129,0
DA:132,0
DA:136,0
DA:141,0
DA:143,0
DA:151,0
DA:154,0
DA:155,0
DA:156,0
DA:160,0
DA:161,0
DA:165,0
DA:170,0
DA:171,0
DA:173,0
DA:174,0
DA:176,0
DA:180,0
DA:184,0
DA:190,0
DA:194,0
DA:199,0
DA:206,0
DA:210,0
DA:217,0
DA:226,0
DA:227,0
DA:231,0
DA:232,0
DA:234,0
DA:235,0
DA:236,0
DA:239,0
DA:240,0
DA:242,0
DA:243,0
DA:244,0
DA:246,0
DA:247,0
DA:249,0
DA:256,0
DA:258,0
DA:312,0
DA:313,0
DA:314,0
DA:315,0
DA:317,0
DA:319,0
DA:323,0
DA:324,0
DA:326,0
DA:327,0
DA:328,0
DA:332,0
DA:335,0
DA:337,0
DA:339,0
DA:340,0
DA:342,0
DA:343,0
DA:345,0
DA:346,0
DA:350,0
DA:351,0
DA:380,0
DA:386,0
DA:396,0
DA:399,0
DA:402,0
DA:408,0
DA:409,0
DA:434,0
DA:442,0
DA:446,0
DA:447,0
DA:448,0
DA:454,0
DA:457,0
DA:466,0
DA:468,0
DA:469,0
LF:129
LH:0
BRDA:12,0,0,0
BRDA:12,0,1,0
BRDA:14,1,0,0
BRDA:14,1,1,0
BRDA:25,2,0,0
BRDA:25,2,1,0
BRDA:27,3,0,0
BRDA:27,3,1,0
BRDA:37,4,0,0
BRDA:37,4,1,0
BRDA:40,5,0,0
BRDA:40,5,1,0
BRDA:41,6,0,0
BRDA:41,6,1,0
BRDA:47,7,0,0
BRDA:47,7,1,0
BRDA:71,8,0,0
BRDA:71,8,1,0
BRDA:75,9,0,0
BRDA:75,9,1,0
BRDA:81,10,0,0
BRDA:81,10,1,0
BRDA:100,11,0,0
BRDA:100,11,1,0
BRDA:111,12,0,0
BRDA:111,12,1,0
BRDA:111,12,2,0
BRDA:111,12,3,0
BRDA:118,13,0,0
BRDA:118,13,1,0
BRDA:118,13,2,0
BRDA:124,14,0,0
BRDA:124,14,1,0
BRDA:129,15,0,0
BRDA:129,15,1,0
BRDA:132,16,0,0
BRDA:132,16,1,0
BRDA:136,17,0,0
BRDA:136,17,1,0
BRDA:136,17,2,0
BRDA:136,17,3,0
BRDA:143,18,0,0
BRDA:143,18,1,0
BRDA:144,19,0,0
BRDA:144,19,1,0
BRDA:144,20,0,0
BRDA:144,20,1,0
BRDA:144,21,0,0
BRDA:144,21,1,0
BRDA:146,22,0,0
BRDA:146,22,1,0
BRDA:146,23,0,0
BRDA:146,23,1,0
BRDA:146,24,0,0
BRDA:146,24,1,0
BRDA:154,25,0,0
BRDA:154,25,1,0
BRDA:156,26,0,0
BRDA:156,26,1,0
BRDA:161,27,0,0
BRDA:161,27,1,0
BRDA:165,28,0,0
BRDA:165,28,1,0
BRDA:165,28,2,0
BRDA:165,28,3,0
BRDA:170,29,0,0
BRDA:170,29,1,0
BRDA:173,30,0,0
BRDA:173,30,1,0
BRDA:174,31,0,0
BRDA:174,31,1,0
BRDA:176,32,0,0
BRDA:176,32,1,0
BRDA:176,32,2,0
BRDA:176,32,3,0
BRDA:180,33,0,0
BRDA:180,33,1,0
BRDA:180,33,2,0
BRDA:184,34,0,0
BRDA:184,34,1,0
BRDA:185,35,0,0
BRDA:185,35,1,0
BRDA:185,35,2,0
BRDA:185,35,3,0
BRDA:199,36,0,0
BRDA:199,36,1,0
BRDA:199,36,2,0
BRDA:199,36,3,0
BRDA:206,37,0,0
BRDA:206,37,1,0
BRDA:206,38,0,0
BRDA:206,38,1,0
BRDA:206,39,0,0
BRDA:206,39,1,0
BRDA:206,40,0,0
BRDA:206,40,1,0
BRDA:211,41,0,0
BRDA:211,41,1,0
BRDA:211,42,0,0
BRDA:211,42,1,0
BRDA:214,43,0,0
BRDA:214,43,1,0
BRDA:214,44,0,0
BRDA:214,44,1,0
BRDA:219,45,0,0
BRDA:219,45,1,0
BRDA:219,46,0,0
BRDA:219,46,1,0
BRDA:220,47,0,0
BRDA:220,47,1,0
BRDA:221,48,0,0
BRDA:221,48,1,0
BRDA:223,49,0,0
BRDA:223,49,1,0
BRDA:234,50,0,0
BRDA:234,50,1,0
BRDA:246,51,0,0
BRDA:246,51,1,0
BRDA:251,52,0,0
BRDA:251,52,1,0
BRDA:256,53,0,0
BRDA:256,53,1,0
BRDA:256,54,0,0
BRDA:256,54,1,0
BRDA:256,55,0,0
BRDA:256,55,1,0
BRDA:261,56,0,0
BRDA:261,56,1,0
BRDA:265,57,0,0
BRDA:265,57,1,0
BRDA:326,58,0,0
BRDA:326,58,1,0
BRDA:326,59,0,0
BRDA:326,59,1,0
BRDA:332,60,0,0
BRDA:332,60,1,0
BRDA:332,60,2,0
BRDA:335,61,0,0
BRDA:335,61,1,0
BRDA:337,62,0,0
BRDA:337,62,1,0
BRDA:339,63,0,0
BRDA:339,63,1,0
BRDA:342,64,0,0
BRDA:342,64,1,0
BRDA:345,65,0,0
BRDA:345,65,1,0
BRDA:350,66,0,0
BRDA:350,66,1,0
BRDA:350,67,0,0
BRDA:350,67,1,0
BRDA:350,67,2,0
BRDA:354,68,0,0
BRDA:354,68,1,0
BRDA:355,69,0,0
BRDA:355,69,1,0
BRDA:356,70,0,0
BRDA:356,70,1,0
BRDA:357,71,0,0
BRDA:357,71,1,0
BRDA:360,72,0,0
BRDA:360,72,1,0
BRDA:361,73,0,0
BRDA:361,73,1,0
BRDA:364,74,0,0
BRDA:364,74,1,0
BRDA:367,75,0,0
BRDA:367,75,1,0
BRDA:374,76,0,0
BRDA:374,76,1,0
BRDA:377,77,0,0
BRDA:377,77,1,0
BRDA:380,78,0,0
BRDA:380,78,1,0
BRDA:380,78,2,0
BRDA:387,79,0,0
BRDA:387,79,1,0
BRDA:387,80,0,0
BRDA:387,80,1,0
BRDA:392,81,0,0
BRDA:392,81,1,0
BRDA:392,82,0,0
BRDA:392,82,1,0
BRDA:393,83,0,0
BRDA:393,83,1,0
BRDA:393,84,0,0
BRDA:393,84,1,0
BRDA:410,85,0,0
BRDA:410,85,1,0
BRDA:410,85,2,0
BRDA:410,86,0,0
BRDA:410,86,1,0
BRDA:410,87,0,0
BRDA:410,87,1,0
BRDA:412,88,0,0
BRDA:412,88,1,0
BRDA:412,88,2,0
BRDA:413,89,0,0
BRDA:413,89,1,0
BRDA:413,90,0,0
BRDA:413,90,1,0
BRDA:415,91,0,0
BRDA:415,91,1,0
BRDA:415,91,2,0
BRDA:415,92,0,0
BRDA:415,92,1,0
BRDA:415,93,0,0
BRDA:415,93,1,0
BRDA:416,94,0,0
BRDA:416,94,1,0
BRDA:416,94,2,0
BRDA:416,95,0,0
BRDA:416,95,1,0
BRDA:416,96,0,0
BRDA:416,96,1,0
BRDA:417,97,0,0
BRDA:417,97,1,0
BRDA:417,97,2,0
BRDA:417,98,0,0
BRDA:417,98,1,0
BRDA:417,99,0,0
BRDA:417,99,1,0
BRDA:418,100,0,0
BRDA:418,100,1,0
BRDA:418,100,2,0
BRDA:418,101,0,0
BRDA:418,101,1,0
BRDA:418,102,0,0
BRDA:418,102,1,0
BRDA:419,103,0,0
BRDA:419,103,1,0
BRDA:419,103,2,0
BRDA:419,104,0,0
BRDA:419,104,1,0
BRDA:419,105,0,0
BRDA:419,105,1,0
BRDA:420,106,0,0
BRDA:420,106,1,0
BRDA:420,106,2,0
BRDA:420,107,0,0
BRDA:420,107,1,0
BRDA:420,108,0,0
BRDA:420,108,1,0
BRDA:421,109,0,0
BRDA:421,109,1,0
BRDA:422,110,0,0
BRDA:422,110,1,0
BRDA:423,111,0,0
BRDA:423,111,1,0
BRDA:424,112,0,0
BRDA:424,112,1,0
BRDA:425,113,0,0
BRDA:425,113,1,0
BRDA:426,114,0,0
BRDA:426,114,1,0
BRDA:427,115,0,0
BRDA:427,115,1,0
BRDA:428,116,0,0
BRDA:428,116,1,0
BRDA:429,117,0,0
BRDA:429,117,1,0
BRDA:430,118,0,0
BRDA:430,118,1,0
BRDA:432,119,0,0
BRDA:432,119,1,0
BRDA:433,120,0,0
BRDA:433,120,1,0
BRDA:433,121,0,0
BRDA:433,121,1,0
BRDA:433,122,0,0
BRDA:433,122,1,0
BRDA:436,123,0,0
BRDA:436,123,1,0
BRDA:436,124,0,0
BRDA:436,124,1,0
BRDA:436,125,0,0
BRDA:436,125,1,0
BRDA:436,126,0,0
BRDA:436,126,1,0
BRDA:442,127,0,0
BRDA:442,127,1,0
BRDA:442,127,2,0
BRDA:446,128,0,0
BRDA:446,128,1,0
BRF:284
BRH:0
end_of_record
TN:
SF:src/controllers/knowledge.controller.ts
FN:20,(anonymous_9)
FN:66,(anonymous_10)
FN:134,(anonymous_11)
FN:166,(anonymous_12)
FN:192,(anonymous_13)
FN:258,(anonymous_14)
FN:283,(anonymous_15)
FN:284,(anonymous_16)
FN:313,(anonymous_17)
FN:345,(anonymous_18)
FN:358,(anonymous_19)
FNF:11
FNH:0
FNDA:0,(anonymous_9)
FNDA:0,(anonymous_10)
FNDA:0,(anonymous_11)
FNDA:0,(anonymous_12)
FNDA:0,(anonymous_13)
FNDA:0,(anonymous_14)
FNDA:0,(anonymous_15)
FNDA:0,(anonymous_16)
FNDA:0,(anonymous_17)
FNDA:0,(anonymous_18)
FNDA:0,(anonymous_19)
DA:1,0
DA:7,0
DA:8,0
DA:20,0
DA:21,0
DA:22,0
DA:23,0
DA:26,0
DA:27,0
DA:30,0
DA:34,0
DA:36,0
DA:43,0
DA:51,0
DA:52,0
DA:66,0
DA:67,0
DA:68,0
DA:69,0
DA:71,0
DA:72,0
DA:75,0
DA:78,0
DA:81,0
DA:85,0
DA:86,0
DA:89,0
DA:92,0
DA:93,0
DA:98,0
DA:99,0
DA:103,0
DA:107,0
DA:114,0
DA:121,0
DA:122,0
DA:134,0
DA:135,0
DA:136,0
DA:138,0
DA:139,0
DA:142,0
DA:145,0
DA:151,0
DA:157,0
DA:158,0
DA:166,0
DA:167,0
DA:168,0
DA:170,0
DA:171,0
DA:172,0
DA:176,0
DA:178,0
DA:183,0
DA:184,0
DA:192,0
DA:193,0
DA:194,0
DA:196,0
DA:197,0
DA:198,0
DA:201,0
DA:204,0
DA:207,0
DA:214,0
DA:215,0
DA:216,0
DA:220,0
DA:221,0
DA:227,0
DA:240,0
DA:242,0
DA:248,0
DA:249,0
DA:258,0
DA:259,0
DA:260,0
DA:262,0
DA:263,0
DA:264,0
DA:267,0
DA:270,0
DA:272,0
DA:273,0
DA:278,0
DA:282,0
DA:283,0
DA:284,0
DA:286,0
DA:287,0
DA:292,0
DA:296,0
DA:298,0
DA:304,0
DA:305,0
DA:313,0
DA:314,0
DA:315,0
DA:316,0
DA:318,0
DA:319,0
DA:320,0
DA:323,0
DA:324,0
DA:325,0
DA:328,0
DA:330,0
DA:335,0
DA:336,0
DA:345,0
DA:346,0
DA:347,0
DA:348,0
DA:350,0
DA:351,0
DA:352,0
DA:355,0
DA:358,0
DA:361,0
DA:363,0
DA:364,0
DA:368,0
DA:372,0
DA:377,0
DA:385,0
DA:386,0
LF:127
LH:0
BRDA:26,0,0,0
BRDA:26,0,1,0
BRDA:26,1,0,0
BRDA:26,1,1,0
BRDA:26,1,2,0
BRDA:26,1,3,0
BRDA:34,2,0,0
BRDA:34,2,1,0
BRDA:34,3,0,0
BRDA:34,3,1,0
BRDA:45,4,0,0
BRDA:45,4,1,0
BRDA:52,5,0,0
BRDA:52,5,1,0
BRDA:69,6,0,0
BRDA:69,6,1,0
BRDA:71,7,0,0
BRDA:71,7,1,0
BRDA:71,8,0,0
BRDA:71,8,1,0
BRDA:71,8,2,0
BRDA:71,8,3,0
BRDA:81,9,0,0
BRDA:81,9,1,0
BRDA:81,10,0,0
BRDA:81,10,1,0
BRDA:82,11,0,0
BRDA:82,11,1,0
BRDA:85,12,0,0
BRDA:85,12,1,0
BRDA:98,13,0,0
BRDA:98,13,1,0
BRDA:98,14,0,0
BRDA:98,14,1,0
BRDA:101,15,0,0
BRDA:101,15,1,0
BRDA:101,16,0,0
BRDA:101,16,1,0
BRDA:101,17,0,0
BRDA:101,17,1,0
BRDA:122,18,0,0
BRDA:122,18,1,0
BRDA:138,19,0,0
BRDA:138,19,1,0
BRDA:138,20,0,0
BRDA:138,20,1,0
BRDA:158,21,0,0
BRDA:158,21,1,0
BRDA:170,22,0,0
BRDA:170,22,1,0
BRDA:184,23,0,0
BRDA:184,23,1,0
BRDA:196,24,0,0
BRDA:196,24,1,0
BRDA:216,25,0,0
BRDA:216,25,1,0
BRDA:220,26,0,0
BRDA:220,26,1,0
BRDA:249,27,0,0
BRDA:249,27,1,0
BRDA:262,28,0,0
BRDA:262,28,1,0
BRDA:272,29,0,0
BRDA:272,29,1,0
BRDA:286,30,0,0
BRDA:286,30,1,0
BRDA:305,31,0,0
BRDA:305,31,1,0
BRDA:318,32,0,0
BRDA:318,32,1,0
BRDA:318,33,0,0
BRDA:318,33,1,0
BRDA:323,34,0,0
BRDA:323,34,1,0
BRDA:336,35,0,0
BRDA:336,35,1,0
BRDA:350,36,0,0
BRDA:350,36,1,0
BRDA:350,37,0,0
BRDA:350,37,1,0
BRDA:355,38,0,0
BRDA:355,38,1,0
BRDA:355,39,0,0
BRDA:355,39,1,0
BRDA:363,40,0,0
BRDA:363,40,1,0
BRDA:366,41,0,0
BRDA:366,41,1,0
BRDA:386,42,0,0
BRDA:386,42,1,0
BRF:90
BRH:0
end_of_record
TN:
SF:src/controllers/listing.controller.ts
FN:9,(anonymous_9)
FN:18,(anonymous_10)
FN:61,(anonymous_11)
FN:92,(anonymous_12)
FN:145,(anonymous_13)
FN:197,(anonymous_14)
FN:245,(anonymous_15)
FN:271,(anonymous_16)
FN:290,(anonymous_17)
FNF:9
FNH:0
FNDA:0,(anonymous_9)
FNDA:0,(anonymous_10)
FNDA:0,(anonymous_11)
FNDA:0,(anonymous_12)
FNDA:0,(anonymous_13)
FNDA:0,(anonymous_14)
FNDA:0,(anonymous_15)
FNDA:0,(anonymous_16)
FNDA:0,(anonymous_17)
DA:1,0
DA:3,0
DA:4,0
DA:5,0
DA:7,0
DA:9,0
DA:10,0
DA:11,0
DA:12,0
DA:13,0
DA:15,0
DA:18,0
DA:19,0
DA:20,0
DA:21,0
DA:22,0
DA:24,0
DA:25,0
DA:26,0
DA:29,0
DA:30,0
DA:31,0
DA:32,0
DA:35,0
DA:37,0
DA:39,0
DA:41,0
DA:44,0
DA:49,0
DA:50,0
DA:52,0
DA:60,0
DA:61,0
DA:62,0
DA:63,0
DA:64,0
DA:67,0
DA:68,0
DA:73,0
DA:75,0
DA:84,0
DA:85,0
DA:92,0
DA:93,0
DA:94,0
DA:95,0
DA:96,0
DA:97,0
DA:100,0
DA:103,0
DA:109,0
DA:114,0
DA:118,0
DA:127,0
DA:129,0
DA:131,0
DA:137,0
DA:138,0
DA:145,0
DA:146,0
DA:147,0
DA:148,0
DA:149,0
DA:150,0
DA:153,0
DA:154,0
DA:156,0
DA:157,0
DA:158,0
DA:162,0
DA:163,0
DA:165,0
DA:166,0
DA:167,0
DA:170,0
DA:171,0
DA:172,0
DA:173,0
DA:177,0
DA:182,0
DA:184,0
DA:189,0
DA:190,0
DA:197,0
DA:198,0
DA:199,0
DA:200,0
DA:201,0
DA:202,0
DA:205,0
DA:207,0
DA:208,0
DA:209,0
DA:213,0
DA:214,0
DA:216,0
DA:217,0
DA:218,0
DA:221,0
DA:222,0
DA:223,0
DA:224,0
DA:228,0
DA:230,0
DA:232,0
DA:237,0
DA:238,0
DA:245,0
DA:246,0
DA:247,0
DA:248,0
DA:249,0
DA:250,0
DA:253,0
DA:255,0
DA:259,0
DA:260,0
DA:263,0
DA:264,0
DA:267,0
DA:269,0
DA:271,0
DA:276,0
DA:282,0
DA:283,0
DA:290,0
DA:291,0
DA:292,0
DA:294,0
DA:295,0
DA:296,0
DA:299,0
DA:300,0
DA:302,0
DA:303,0
DA:304,0
DA:307,0
DA:315,0
DA:316,0
LF:139
LH:0
BRDA:10,0,0,0
BRDA:10,0,1,0
BRDA:12,1,0,0
BRDA:12,1,1,0
BRDA:20,2,0,0
BRDA:20,2,1,0
BRDA:24,3,0,0
BRDA:24,3,1,0
BRDA:35,4,0,0
BRDA:35,4,1,0
BRDA:37,5,0,0
BRDA:37,5,1,0
BRDA:41,6,0,0
BRDA:41,6,1,0
BRDA:44,7,0,0
BRDA:44,7,1,0
BRDA:49,8,0,0
BRDA:49,8,1,0
BRDA:52,9,0,0
BRDA:52,9,1,0
BRDA:53,10,0,0
BRDA:53,10,1,0
BRDA:53,11,0,0
BRDA:53,11,1,0
BRDA:53,12,0,0
BRDA:53,12,1,0
BRDA:55,13,0,0
BRDA:55,13,1,0
BRDA:55,14,0,0
BRDA:55,14,1,0
BRDA:55,15,0,0
BRDA:55,15,1,0
BRDA:63,16,0,0
BRDA:63,16,1,0
BRDA:63,17,0,0
BRDA:63,17,1,0
BRDA:67,18,0,0
BRDA:67,18,1,0
BRDA:73,19,0,0
BRDA:73,19,1,0
BRDA:76,20,0,0
BRDA:76,20,1,0
BRDA:76,21,0,0
BRDA:76,21,1,0
BRDA:77,22,0,0
BRDA:77,22,1,0
BRDA:77,23,0,0
BRDA:77,23,1,0
BRDA:78,24,0,0
BRDA:78,24,1,0
BRDA:79,25,0,0
BRDA:79,25,1,0
BRDA:81,26,0,0
BRDA:81,26,1,0
BRDA:95,27,0,0
BRDA:95,27,1,0
BRDA:103,28,0,0
BRDA:103,28,1,0
BRDA:104,29,0,0
BRDA:104,29,1,0
BRDA:104,29,2,0
BRDA:104,29,3,0
BRDA:121,30,0,0
BRDA:121,30,1,0
BRDA:148,31,0,0
BRDA:148,31,1,0
BRDA:156,32,0,0
BRDA:156,32,1,0
BRDA:165,33,0,0
BRDA:165,33,1,0
BRDA:171,34,0,0
BRDA:171,34,1,0
BRDA:171,35,0,0
BRDA:171,35,1,0
BRDA:171,36,0,0
BRDA:171,36,1,0
BRDA:200,37,0,0
BRDA:200,37,1,0
BRDA:207,38,0,0
BRDA:207,38,1,0
BRDA:216,39,0,0
BRDA:216,39,1,0
BRDA:222,40,0,0
BRDA:222,40,1,0
BRDA:222,41,0,0
BRDA:222,41,1,0
BRDA:222,42,0,0
BRDA:222,42,1,0
BRDA:248,43,0,0
BRDA:248,43,1,0
BRDA:253,44,0,0
BRDA:259,45,0,0
BRDA:259,45,1,0
BRDA:263,46,0,0
BRDA:263,46,1,0
BRDA:294,47,0,0
BRDA:294,47,1,0
BRDA:302,48,0,0
BRDA:302,48,1,0
BRF:99
BRH:0
end_of_record
TN:
SF:src/controllers/payment.controller.ts
FN:6,(anonymous_0)
FNF:1
FNH:0
FNDA:0,(anonymous_0)
DA:2,0
DA:3,0
DA:6,0
DA:7,0
DA:8,0
DA:9,0
DA:11,0
DA:12,0
DA:14,0
DA:15,0
LF:10
LH:0
BRF:0
BRH:0
end_of_record
TN:
SF:src/controllers/places.controller.ts
FN:13,getPlaces
FN:29,(anonymous_1)
FN:35,(anonymous_2)
FN:75,getPlaceById
FN:105,getNearbyPlaces
FN:134,(anonymous_5)
FN:139,(anonymous_6)
FN:154,(anonymous_7)
FN:155,(anonymous_8)
FN:175,calculateDistance
FN:189,toRad
FNF:11
FNH:0
FNDA:0,getPlaces
FNDA:0,(anonymous_1)
FNDA:0,(anonymous_2)
FNDA:0,getPlaceById
FNDA:0,getNearbyPlaces
FNDA:0,(anonymous_5)
FNDA:0,(anonymous_6)
FNDA:0,(anonymous_7)
FNDA:0,(anonymous_8)
FNDA:0,calculateDistance
FNDA:0,toRad
DA:7,0
DA:13,0
DA:14,0
DA:15,0
DA:19,0
DA:20,0
DA:21,0
DA:22,0
DA:24,0
DA:28,0
DA:29,0
DA:30,0
DA:35,0
DA:57,0
DA:63,0
DA:64,0
DA:75,0
DA:76,0
DA:77,0
DA:78,0
DA:80,0
DA:81,0
DA:85,0
DA:88,0
DA:93,0
DA:94,0
DA:105,0
DA:106,0
DA:107,0
DA:109,0
DA:110,0
DA:114,0
DA:117,0
DA:118,0
DA:119,0
DA:121,0
DA:122,0
DA:126,0
DA:130,0
DA:133,0
DA:134,0
DA:138,0
DA:140,0
DA:142,0
DA:149,0
DA:154,0
DA:155,0
DA:158,0
DA:164,0
DA:165,0
DA:176,0
DA:177,0
DA:178,0
DA:181,0
DA:185,0
DA:186,0
DA:190,0
LF:57
LH:0
BRDA:15,0,0,0
BRDA:19,1,0,0
BRDA:19,1,1,0
BRDA:21,2,0,0
BRDA:21,2,1,0
BRDA:28,3,0,0
BRDA:28,3,1,0
BRDA:30,4,0,0
BRDA:30,4,1,0
BRDA:30,5,0,0
BRDA:30,5,1,0
BRDA:42,6,0,0
BRDA:42,6,1,0
BRDA:80,7,0,0
BRDA:80,7,1,0
BRDA:107,8,0,0
BRDA:107,9,0,0
BRDA:109,10,0,0
BRDA:109,10,1,0
BRDA:109,11,0,0
BRDA:109,11,1,0
BRDA:121,12,0,0
BRDA:121,12,1,0
BRDA:121,13,0,0
BRDA:121,13,1,0
BRDA:133,14,0,0
BRDA:133,14,1,0
BRDA:140,15,0,0
BRDA:140,15,1,0
BRDA:154,16,0,0
BRDA:154,16,1,0
BRF:31
BRH:0
end_of_record
TN:
SF:src/controllers/populate.controller.ts
FN:6,(anonymous_9)
FNF:1
FNH:0
FNDA:0,(anonymous_9)
DA:1,0
DA:3,0
DA:4,0
DA:6,0
DA:7,0
DA:8,0
DA:9,0
DA:10,0
DA:16,0
DA:17,0
LF:10
LH:0
BRDA:19,0,0,0
BRDA:19,0,1,0
BRF:2
BRH:0
end_of_record
TN:
SF:src/controllers/products.controller.ts
FN:35,(anonymous_9)
FN:48,(anonymous_10)
FN:60,(anonymous_11)
FN:65,(anonymous_12)
FN:88,(anonymous_13)
FN:121,(anonymous_14)
FN:164,(anonymous_15)
FN:212,(anonymous_16)
FN:247,(anonymous_17)
FN:254,(anonymous_18)
FNF:10
FNH:0
FNDA:0,(anonymous_9)
FNDA:0,(anonymous_10)
FNDA:0,(anonymous_11)
FNDA:0,(anonymous_12)
FNDA:0,(anonymous_13)
FNDA:0,(anonymous_14)
FNDA:0,(anonymous_15)
FNDA:0,(anonymous_16)
FNDA:0,(anonymous_17)
FNDA:0,(anonymous_18)
DA:1,0
DA:12,0
DA:13,0
DA:14,0
DA:16,0
DA:35,0
DA:36,0
DA:37,0
DA:39,0
DA:40,0
DA:41,0
DA:44,0
DA:48,0
DA:49,0
DA:50,0
DA:51,0
DA:52,0
DA:53,0
DA:54,0
DA:55,0
DA:57,0
DA:60,0
DA:65,0
DA:66,0
DA:67,0
DA:68,0
DA:69,0
DA:70,0
DA:73,0
DA:79,0
DA:80,0
DA:88,0
DA:89,0
DA:90,0
DA:92,0
DA:94,0
DA:95,0
DA:96,0
DA:99,0
DA:102,0
DA:103,0
DA:104,0
DA:107,0
DA:112,0
DA:113,0
DA:121,0
DA:122,0
DA:123,0
DA:124,0
DA:127,0
DA:128,0
DA:132,0
DA:135,0
DA:147,0
DA:148,0
DA:150,0
DA:155,0
DA:156,0
DA:164,0
DA:165,0
DA:166,0
DA:167,0
DA:170,0
DA:172,0
DA:173,0
DA:174,0
DA:178,0
DA:179,0
DA:180,0
DA:184,0
DA:185,0
DA:187,0
DA:188,0
DA:189,0
DA:193,0
DA:195,0
DA:196,0
DA:198,0
DA:203,0
DA:204,0
DA:212,0
DA:213,0
DA:214,0
DA:217,0
DA:219,0
DA:220,0
DA:221,0
DA:225,0
DA:226,0
DA:227,0
DA:230,0
DA:231,0
DA:233,0
DA:238,0
DA:239,0
DA:247,0
DA:248,0
DA:249,0
DA:254,0
DA:255,0
DA:256,0
DA:259,0
DA:260,0
DA:264,0
LF:104
LH:0
BRDA:39,0,0,0
BRDA:39,0,1,0
BRDA:49,1,0,0
BRDA:49,1,1,0
BRDA:50,2,0,0
BRDA:50,2,1,0
BRDA:51,3,0,0
BRDA:51,3,1,0
BRDA:52,4,0,0
BRDA:52,4,1,0
BRDA:53,5,0,0
BRDA:53,5,1,0
BRDA:55,6,0,0
BRDA:55,6,1,0
BRDA:66,7,0,0
BRDA:66,7,1,0
BRDA:67,8,0,0
BRDA:67,8,1,0
BRDA:68,9,0,0
BRDA:68,9,1,0
BRDA:69,10,0,0
BRDA:69,10,1,0
BRDA:94,11,0,0
BRDA:94,11,1,0
BRDA:102,12,0,0
BRDA:102,12,1,0
BRDA:127,13,0,0
BRDA:127,13,1,0
BRDA:127,14,0,0
BRDA:127,14,1,0
BRDA:127,14,2,0
BRDA:138,15,0,0
BRDA:138,15,1,0
BRDA:139,16,0,0
BRDA:139,16,1,0
BRDA:140,17,0,0
BRDA:140,17,1,0
BRDA:172,18,0,0
BRDA:172,18,1,0
BRDA:178,19,0,0
BRDA:178,19,1,0
BRDA:188,20,0,0
BRDA:188,20,1,0
BRDA:219,21,0,0
BRDA:219,21,1,0
BRDA:225,22,0,0
BRDA:225,22,1,0
BRDA:256,23,0,0
BRDA:256,23,1,0
BRF:49
BRH:0
end_of_record
TN:
SF:src/controllers/search.controller.ts
FN:10,searchListings
FNF:1
FNH:0
FNDA:0,searchListings
DA:2,0
DA:3,0
DA:4,0
DA:10,0
DA:11,0
DA:23,0
DA:25,0
DA:27,0
DA:40,0
DA:47,0
DA:48,0
LF:11
LH:0
BRDA:13,0,0,0
BRDA:21,1,0,0
BRDA:22,2,0,0
BRDA:50,3,0,0
BRDA:50,3,1,0
BRF:5
BRH:0
end_of_record
TN:
SF:src/controllers/taxi.controller.ts
FN:9,(anonymous_9)
FN:38,(anonymous_10)
FNF:2
FNH:0
FNDA:0,(anonymous_9)
FNDA:0,(anonymous_10)
DA:1,0
DA:3,0
DA:9,0
DA:10,0
DA:11,0
DA:13,0
DA:14,0
DA:15,0
DA:18,0
DA:20,0
DA:23,0
DA:24,0
DA:29,0
DA:30,0
DA:38,0
DA:39,0
DA:50,0
DA:53,0
DA:61,0
DA:62,0
DA:65,0
DA:83,0
DA:89,0
DA:90,0
LF:24
LH:0
BRDA:13,0,0,0
BRDA:13,0,1,0
BRDA:13,1,0,0
BRDA:13,1,1,0
BRDA:53,2,0,0
BRDA:53,2,1,0
BRDA:54,3,0,0
BRDA:54,3,1,0
BRDA:54,3,2,0
BRDA:54,3,3,0
BRDA:54,3,4,0
BRDA:54,3,5,0
BRDA:72,4,0,0
BRDA:72,4,1,0
BRDA:73,5,0,0
BRDA:73,5,1,0
BRF:16
BRH:0
end_of_record
TN:
SF:src/controllers/twilio.controller.internal.ts
FN:14,handleHostBookingReply
FNF:1
FNH:0
FNDA:0,handleHostBookingReply
DA:8,0
DA:14,0
DA:15,0
DA:18,0
DA:19,0
DA:20,0
DA:23,0
DA:24,0
DA:25,0
DA:27,0
DA:29,0
DA:30,0
DA:33,0
DA:39,0
DA:40,0
DA:41,0
DA:44,0
DA:45,0
DA:46,0
DA:47,0
DA:48,0
DA:52,0
DA:53,0
DA:56,0
DA:57,0
DA:59,0
DA:62,0
DA:69,0
DA:70,0
DA:74,0
DA:75,0
DA:76,0
DA:78,0
DA:81,0
DA:95,0
DA:96,0
DA:97,0
DA:99,0
DA:102,0
DA:103,0
LF:40
LH:0
BRDA:19,0,0,0
BRDA:19,0,1,0
BRDA:25,1,0,0
BRDA:25,1,1,0
BRDA:39,2,0,0
BRDA:39,2,1,0
BRDA:46,3,0,0
BRDA:46,3,1,0
BRDA:52,4,0,0
BRDA:52,4,1,0
BRDA:52,5,0,0
BRDA:52,5,1,0
BRDA:57,6,0,0
BRDA:57,6,1,0
BRDA:57,7,0,0
BRDA:57,7,1,0
BRDA:57,8,0,0
BRDA:57,8,1,0
BRDA:59,9,0,0
BRDA:59,9,1,0
BRDA:69,10,0,0
BRDA:69,10,1,0
BRDA:69,11,0,0
BRDA:69,11,1,0
BRDA:74,12,0,0
BRDA:74,12,1,0
BRDA:90,13,0,0
BRDA:90,13,1,0
BRDA:95,14,0,0
BRDA:95,14,1,0
BRDA:96,15,0,0
BRDA:96,15,1,0
BRF:32
BRH:0
end_of_record
TN:
SF:src/controllers/twilio.controller.ts
FN:20,getPublicUrl
FN:27,getTwilioParams
FN:37,verifyTwilioSignature
FN:71,(anonymous_13)
FN:160,(anonymous_14)
FNF:5
FNH:0
FNDA:0,getPublicUrl
FNDA:0,getTwilioParams
FNDA:0,verifyTwilioSignature
FNDA:0,(anonymous_13)
FNDA:0,(anonymous_14)
DA:12,0
DA:14,0
DA:15,0
DA:16,0
DA:17,0
DA:18,0
DA:22,0
DA:23,0
DA:24,0
DA:28,0
DA:29,0
DA:30,0
DA:31,0
DA:32,0
DA:33,0
DA:34,0
DA:38,0
DA:39,0
DA:40,0
DA:41,0
DA:42,0
DA:45,0
DA:46,0
DA:47,0
DA:48,0
DA:51,0
DA:52,0
DA:53,0
DA:55,0
DA:56,0
DA:57,0
DA:60,0
DA:71,0
DA:72,0
DA:74,0
DA:75,0
DA:78,0
DA:80,0
DA:81,0
DA:83,0
DA:84,0
DA:85,0
DA:86,0
DA:89,0
DA:90,0
DA:91,0
DA:92,0
DA:95,0
DA:102,0
DA:119,0
DA:121,0
DA:124,0
DA:125,0
DA:129,0
DA:130,0
DA:131,0
DA:137,0
DA:139,0
DA:144,0
DA:145,0
DA:148,0
DA:150,0
DA:152,0
DA:160,0
DA:161,0
DA:162,0
DA:165,0
DA:166,0
DA:174,0
DA:177,0
DA:186,0
DA:189,0
DA:191,0
DA:192,0
LF:74
LH:0
BRDA:22,0,0,0
BRDA:22,0,1,0
BRDA:22,1,0,0
BRDA:22,1,1,0
BRDA:22,2,0,0
BRDA:22,2,1,0
BRDA:22,3,0,0
BRDA:22,3,1,0
BRDA:23,4,0,0
BRDA:23,4,1,0
BRDA:23,4,2,0
BRDA:29,5,0,0
BRDA:29,5,1,0
BRDA:29,6,0,0
BRDA:29,6,1,0
BRDA:30,7,0,0
BRDA:30,7,1,0
BRDA:32,8,0,0
BRDA:32,8,1,0
BRDA:39,9,0,0
BRDA:39,9,1,0
BRDA:46,10,0,0
BRDA:46,10,1,0
BRDA:55,11,0,0
BRDA:55,11,1,0
BRDA:74,12,0,0
BRDA:74,12,1,0
BRDA:83,13,0,0
BRDA:83,13,1,0
BRDA:89,14,0,0
BRDA:89,14,1,0
BRDA:89,15,0,0
BRDA:89,15,1,0
BRDA:98,16,0,0
BRDA:98,16,1,0
BRDA:98,17,0,0
BRDA:98,17,1,0
BRDA:105,18,0,0
BRDA:105,18,1,0
BRDA:108,19,0,0
BRDA:108,19,1,0
BRDA:109,20,0,0
BRDA:109,20,1,0
BRDA:113,21,0,0
BRDA:113,21,1,0
BRDA:113,22,0,0
BRDA:113,22,1,0
BRDA:114,23,0,0
BRDA:114,23,1,0
BRDA:114,24,0,0
BRDA:114,24,1,0
BRDA:119,25,0,0
BRDA:119,25,1,0
BRDA:161,26,0,0
BRDA:161,26,1,0
BRDA:181,27,0,0
BRDA:181,27,1,0
BRDA:182,28,0,0
BRDA:182,28,1,0
BRF:59
BRH:0
end_of_record
TN:
SF:src/controllers/user.controller.ts
FN:43,(anonymous_9)
FN:63,(anonymous_10)
FNF:2
FNH:0
FNDA:0,(anonymous_9)
FNDA:0,(anonymous_10)
DA:2,0
DA:7,0
DA:43,0
DA:44,0
DA:45,0
DA:51,0
DA:56,0
DA:58,0
DA:59,0
DA:63,0
DA:64,0
DA:65,0
DA:66,0
DA:68,0
DA:73,0
DA:75,0
DA:76,0
LF:17
LH:0
BRDA:66,0,0,0
BRDA:66,0,1,0
BRDA:66,1,0,0
BRDA:66,1,1,0
BRF:4
BRH:0
end_of_record
TN:
SF:src/http/api.ts
FN:17,createApiApp
FN:47,(anonymous_2)
FN:59,(anonymous_3)
FNF:3
FNH:0
FNDA:0,createApiApp
FNDA:0,(anonymous_2)
FNDA:0,(anonymous_3)
DA:8,0
DA:9,0
DA:10,0
DA:11,0
DA:12,0
DA:17,0
DA:18,0
DA:23,0
DA:27,0
DA:34,0
DA:39,0
DA:44,0
DA:47,0
DA:48,0
DA:59,0
DA:60,0
DA:72,0
DA:74,0
DA:78,0
LF:19
LH:0
BRF:0
BRH:0
end_of_record
TN:
SF:src/http/v1/index.ts
FN:20,(anonymous_0)
FNF:1
FNH:0
FNDA:0,(anonymous_0)
DA:7,0
DA:8,0
DA:9,0
DA:10,0
DA:12,0
DA:15,0
DA:16,0
DA:17,0
DA:20,0
DA:21,0
DA:31,0
LF:11
LH:0
BRF:0
BRH:0
end_of_record
TN:
SF:src/http/v1/admin/index.ts
FNF:0
FNH:0
DA:7,0
DA:8,0
DA:9,0
DA:11,0
DA:14,0
DA:20,0
DA:26,0
LF:7
LH:0
BRF:0
BRH:0
end_of_record
TN:
SF:src/http/v1/admin/merchant-token.ts
FN:117,(anonymous_9)
FN:31,hashToken
FN:38,generateSecureToken
FN:47,(anonymous_12)
FNF:4
FNH:3
FNDA:0,(anonymous_9)
FNDA:1,hashToken
FNDA:1,generateSecureToken
FNDA:1,(anonymous_12)
DA:11,1
DA:13,1
DA:14,1
DA:15,1
DA:20,1
DA:32,1
DA:39,1
DA:46,1
DA:48,1
DA:49,1
DA:50,1
DA:55,1
DA:56,1
DA:58,1
DA:59,0
DA:65,1
DA:66,1
DA:71,1
DA:72,1
DA:73,1
DA:74,1
DA:78,1
DA:90,1
DA:95,1
DA:103,1
DA:117,1
LF:26
LH:25
BRDA:56,0,0,1
BRDA:56,0,1,0
BRDA:58,1,0,0
BRDA:58,1,1,1
BRDA:109,2,0,0
BRDA:109,2,1,1
BRF:6
BRH:3
end_of_record
TN:
SF:src/http/v1/jobs/confirm.ts
FN:45,(anonymous_9)
FNF:1
FNH:0
FNDA:0,(anonymous_9)
DA:8,0
DA:10,0
DA:11,0
DA:12,0
DA:17,0
DA:26,0
DA:33,0
DA:44,0
DA:46,0
DA:47,0
DA:48,0
DA:50,0
DA:51,0
DA:56,0
DA:58,0
DA:59,0
DA:62,0
DA:67,0
DA:68,0
DA:74,0
DA:75,0
DA:77,0
DA:78,0
DA:84,0
DA:86,0
DA:92,0
DA:94,0
DA:99,0
DA:107,0
LF:29
LH:0
BRDA:58,0,0,0
BRDA:58,0,1,0
BRDA:67,1,0,0
BRDA:67,1,1,0
BRDA:77,2,0,0
BRDA:77,2,1,0
BRF:6
BRH:0
end_of_record
TN:
SF:src/http/v1/jobs/create.ts
FN:48,(anonymous_9)
FNF:1
FNH:0
FNDA:0,(anonymous_9)
DA:8,0
DA:10,0
DA:11,0
DA:12,0
DA:20,0
DA:30,0
DA:47,0
DA:49,0
DA:50,0
DA:51,0
DA:53,0
DA:59,0
DA:60,0
DA:67,0
DA:68,0
DA:69,0
DA:74,0
DA:83,0
DA:88,0
DA:95,0
DA:96,0
DA:104,0
DA:105,0
DA:106,0
DA:108,0
DA:124,0
DA:126,0
DA:131,0
DA:140,0
LF:29
LH:0
BRDA:59,0,0,0
BRDA:59,0,1,0
BRDA:67,1,0,0
BRDA:67,1,1,0
BRDA:95,2,0,0
BRDA:95,2,1,0
BRDA:116,3,0,0
BRDA:116,3,1,0
BRDA:116,4,0,0
BRDA:116,4,1,0
BRDA:121,5,0,0
BRDA:121,5,1,0
BRF:12
BRH:0
end_of_record
TN:
SF:src/http/v1/jobs/dispatch.ts
FN:39,generateSecureToken
FN:43,hashToken
FN:51,buildJobSummary
FN:62,(anonymous_12)
FN:95,(anonymous_13)
FNF:5
FNH:0
FNDA:0,generateSecureToken
FNDA:0,hashToken
FNDA:0,buildJobSummary
FNDA:0,(anonymous_12)
FNDA:0,(anonymous_13)
DA:11,0
DA:13,0
DA:14,0
DA:15,0
DA:16,0
DA:21,0
DA:22,0
DA:28,0
DA:40,0
DA:44,0
DA:52,0
DA:54,0
DA:56,0
DA:57,0
DA:59,0
DA:60,0
DA:62,0
DA:64,0
DA:67,0
DA:68,0
DA:71,0
DA:72,0
DA:75,0
DA:76,0
DA:79,0
DA:80,0
DA:83,0
DA:84,0
DA:87,0
DA:94,0
DA:96,0
DA:97,0
DA:98,0
DA:100,0
DA:101,0
DA:106,0
DA:108,0
DA:109,0
DA:112,0
DA:115,0
DA:116,0
DA:122,0
DA:123,0
DA:129,0
DA:134,0
DA:140,0
DA:141,0
DA:143,0
DA:144,0
DA:148,0
DA:149,0
DA:156,0
DA:157,0
DA:158,0
DA:160,0
DA:163,0
DA:164,0
DA:165,0
DA:168,0
DA:169,0
DA:182,0
DA:186,0
DA:187,0
DA:190,0
DA:191,0
DA:193,0
DA:194,0
DA:197,0
DA:198,0
DA:200,0
DA:203,0
DA:204,0
DA:206,0
DA:214,0
DA:215,0
DA:217,0
DA:219,0
DA:222,0
DA:223,0
DA:225,0
DA:235,0
DA:236,0
DA:245,0
DA:247,0
DA:252,0
DA:260,0
LF:86
LH:0
BRDA:57,0,0,0
BRDA:57,0,1,0
BRDA:59,1,0,0
BRDA:59,1,1,0
BRDA:59,2,0,0
BRDA:59,2,1,0
BRDA:67,3,0,0
BRDA:67,3,1,0
BRDA:71,4,0,0
BRDA:71,4,1,0
BRDA:75,5,0,0
BRDA:75,5,1,0
BRDA:75,6,0,0
BRDA:75,6,1,0
BRDA:75,7,0,0
BRDA:75,7,1,0
BRDA:79,8,0,0
BRDA:79,8,1,0
BRDA:79,9,0,0
BRDA:79,9,1,0
BRDA:79,10,0,0
BRDA:79,10,1,0
BRDA:83,11,0,0
BRDA:83,11,1,0
BRDA:108,12,0,0
BRDA:108,12,1,0
BRDA:115,13,0,0
BRDA:115,13,1,0
BRDA:122,14,0,0
BRDA:122,14,1,0
BRDA:143,15,0,0
BRDA:143,15,1,0
BRDA:148,16,0,0
BRDA:148,16,1,0
BRDA:158,17,0,0
BRDA:158,17,1,0
BRDA:160,18,0,0
BRDA:160,18,1,0
BRDA:186,19,0,0
BRDA:186,19,1,0
BRDA:191,20,0,0
BRDA:191,20,1,0
BRDA:191,21,0,0
BRDA:191,21,1,0
BRDA:191,22,0,0
BRDA:191,22,1,0
BRDA:191,23,0,0
BRDA:191,23,1,0
BRDA:191,24,0,0
BRDA:191,24,1,0
BRDA:191,25,0,0
BRDA:191,25,1,0
BRDA:191,26,0,0
BRDA:191,26,1,0
BRDA:193,27,0,0
BRDA:193,27,1,0
BRDA:203,28,0,0
BRDA:203,28,1,0
BRDA:203,29,0,0
BRDA:203,29,1,0
BRDA:203,30,0,0
BRDA:203,30,1,0
BRDA:215,31,0,0
BRDA:215,31,1,0
BRDA:222,32,0,0
BRDA:222,32,1,0
BRDA:222,33,0,0
BRDA:222,33,1,0
BRDA:222,34,0,0
BRDA:222,34,1,0
BRDA:241,35,0,0
BRDA:241,35,1,0
BRF:72
BRH:0
end_of_record
TN:
SF:src/http/v1/jobs/get.ts
FN:30,(anonymous_9)
FNF:1
FNH:0
FNDA:0,(anonymous_9)
DA:7,0
DA:9,0
DA:10,0
DA:12,0
DA:21,0
DA:29,0
DA:31,0
DA:32,0
DA:33,0
DA:35,0
DA:36,0
DA:41,0
DA:43,0
DA:44,0
DA:47,0
DA:52,0
DA:53,0
DA:56,0
DA:63,0
LF:19
LH:0
BRDA:43,0,0,0
BRDA:43,0,1,0
BRDA:52,1,0,0
BRDA:52,1,1,0
BRF:4
BRH:0
end_of_record
TN:
SF:src/http/v1/jobs/index.ts
FNF:0
FNH:0
DA:7,0
DA:8,0
DA:9,0
DA:10,0
DA:11,0
DA:12,0
DA:14,0
DA:17,0
DA:23,0
DA:33,0
DA:43,0
DA:53,0
DA:59,0
LF:13
LH:0
BRF:0
BRH:0
end_of_record
TN:
SF:src/http/v1/merchant/actions.ts
FN:34,(anonymous_9)
FN:89,(anonymous_10)
FNF:2
FNH:0
FNDA:0,(anonymous_9)
FNDA:0,(anonymous_10)
DA:8,0
DA:10,0
DA:11,0
DA:12,0
DA:17,0
DA:23,0
DA:33,0
DA:35,0
DA:36,0
DA:37,0
DA:39,0
DA:40,0
DA:43,0
DA:44,0
DA:45,0
DA:47,0
DA:48,0
DA:51,0
DA:54,0
DA:58,0
DA:62,0
DA:63,0
DA:66,0
DA:67,0
DA:73,0
DA:75,0
DA:81,0
DA:88,0
DA:90,0
DA:91,0
DA:92,0
DA:93,0
DA:95,0
DA:96,0
DA:99,0
DA:100,0
DA:101,0
DA:103,0
DA:104,0
DA:107,0
DA:110,0
DA:114,0
DA:118,0
DA:119,0
DA:122,0
DA:123,0
DA:131,0
DA:133,0
DA:140,0
LF:49
LH:0
BRDA:39,0,0,0
BRDA:39,0,1,0
BRDA:39,1,0,0
BRDA:39,1,1,0
BRDA:39,2,0,0
BRDA:39,2,1,0
BRDA:47,3,0,0
BRDA:47,3,1,0
BRDA:54,4,0,0
BRDA:54,4,1,0
BRDA:55,5,0,0
BRDA:55,5,1,0
BRDA:55,6,0,0
BRDA:55,6,1,0
BRDA:55,7,0,0
BRDA:55,7,1,0
BRDA:62,8,0,0
BRDA:62,8,1,0
BRDA:93,9,0,0
BRDA:93,9,1,0
BRDA:95,10,0,0
BRDA:95,10,1,0
BRDA:95,11,0,0
BRDA:95,11,1,0
BRDA:95,12,0,0
BRDA:95,12,1,0
BRDA:103,13,0,0
BRDA:103,13,1,0
BRDA:110,14,0,0
BRDA:110,14,1,0
BRDA:111,15,0,0
BRDA:111,15,1,0
BRDA:111,16,0,0
BRDA:111,16,1,0
BRDA:111,17,0,0
BRDA:111,17,1,0
BRDA:118,18,0,0
BRDA:118,18,1,0
BRF:38
BRH:0
end_of_record
TN:
SF:src/http/v1/merchant/auth.ts
FN:24,authenticateMerchant
FNF:1
FNH:0
FNDA:0,authenticateMerchant
DA:1,0
DA:9,0
DA:11,0
DA:24,0
DA:29,0
DA:30,0
DA:32,0
DA:33,0
DA:41,0
DA:44,0
DA:46,0
DA:47,0
DA:51,0
DA:52,0
DA:54,0
DA:56,0
LF:16
LH:0
BRDA:11,0,0,0
BRDA:11,0,1,0
BRDA:29,1,0,0
BRDA:29,1,1,0
BRDA:32,2,0,0
BRDA:32,2,1,0
BRDA:32,3,0,0
BRDA:32,3,1,0
BRF:8
BRH:0
end_of_record
TN:
SF:src/http/v1/merchant/index.ts
FNF:0
FNH:0
DA:7,0
DA:8,0
DA:9,0
DA:10,0
DA:11,0
DA:12,0
DA:14,0
DA:20,0
DA:27,0
DA:33,0
DA:39,0
DA:45,0
DA:51,0
LF:13
LH:0
BRF:0
BRH:0
end_of_record
TN:
SF:src/http/v1/merchant/jobs.ts
FN:14,(anonymous_9)
FN:33,(anonymous_10)
FNF:2
FNH:0
FNDA:0,(anonymous_9)
FNDA:0,(anonymous_10)
DA:8,0
DA:10,0
DA:11,0
DA:13,0
DA:15,0
DA:16,0
DA:18,0
DA:19,0
DA:22,0
DA:25,0
DA:33,0
DA:38,0
DA:44,0
LF:13
LH:0
BRDA:18,0,0,0
BRDA:18,0,1,0
BRDA:18,1,0,0
BRDA:18,1,1,0
BRDA:18,2,0,0
BRDA:18,2,1,0
BRF:6
BRH:0
end_of_record
TN:
SF:src/http/v1/merchant/session.ts
FN:120,(anonymous_9)
FN:39,hashToken
FN:48,(anonymous_11)
FNF:3
FNH:2
FNDA:0,(anonymous_9)
FNDA:1,hashToken
FNDA:1,(anonymous_11)
DA:15,1
DA:17,1
DA:18,1
DA:19,1
[...]
BRDA:576,105,2,0
BRDA:578,106,0,0
BRDA:578,106,1,0
BRDA:582,107,0,0
BRDA:582,107,1,0
BRDA:587,108,0,0
BRDA:587,108,1,0
BRDA:589,109,0,0
BRDA:589,109,1,0
BRDA:591,110,0,0
BRDA:591,110,1,0
BRDA:591,111,0,0
BRDA:591,111,1,0
BRDA:591,111,2,0
BRDA:593,112,0,0
BRDA:593,112,1,0
BRDA:593,113,0,0
BRDA:593,113,1,0
BRDA:595,114,0,0
BRDA:595,114,1,0
BRDA:595,115,0,0
BRDA:595,115,1,0
BRDA:595,115,2,0
BRDA:597,116,0,0
BRDA:597,116,1,0
BRDA:597,117,0,0
BRDA:597,117,1,0
BRDA:603,118,0,0
BRDA:603,118,1,0
BRDA:603,119,0,0
BRDA:603,119,1,0
BRDA:608,120,0,0
BRDA:608,120,1,0
BRDA:608,121,0,0
BRDA:608,121,1,0
BRDA:610,122,0,0
BRDA:610,122,1,0
BRDA:613,123,0,0
BRDA:613,123,1,0
BRDA:613,124,0,0
BRDA:613,124,1,0
BRDA:613,125,0,0
BRDA:613,125,1,0
BRDA:640,126,0,0
BRDA:640,126,1,0
BRDA:640,127,0,0
BRDA:640,127,1,0
BRDA:644,128,0,0
BRDA:644,128,1,0
BRDA:647,129,0,0
BRDA:647,129,1,0
BRDA:657,130,0,0
BRDA:657,130,1,0
BRDA:657,131,0,0
BRDA:657,131,1,0
BRDA:657,132,0,0
BRDA:657,132,1,0
BRDA:661,133,0,0
BRDA:661,133,1,0
BRDA:677,134,0,0
BRDA:677,134,1,0
BRDA:696,135,0,0
BRDA:696,135,1,0
BRDA:698,136,0,0
BRDA:698,136,1,0
BRDA:726,137,0,0
BRDA:726,137,1,0
BRF:293
BRH:0
end_of_record
TN:
SF:src/triggers/checkin.triggers.ts
FN:13,(anonymous_9)
FN:30,(anonymous_10)
FN:50,(anonymous_11)
FN:70,(anonymous_12)
FNF:4
FNH:0
FNDA:0,(anonymous_9)
FNDA:0,(anonymous_10)
FNDA:0,(anonymous_11)
FNDA:0,(anonymous_12)
DA:1,0
DA:2,0
DA:3,0
DA:4,0
DA:10,0
DA:14,0
DA:16,0
DA:17,0
DA:23,0
DA:24,0
DA:25,0
DA:29,0
DA:30,0
DA:31,0
DA:34,0
DA:35,0
DA:39,0
DA:47,0
DA:51,0
DA:52,0
DA:53,0
DA:55,0
DA:67,0
DA:71,0
DA:72,0
LF:25
LH:0
BRDA:23,0,0,0
BRDA:23,0,1,0
BRF:2
BRH:0
end_of_record
TN:
SF:src/triggers/intelligence.triggers.ts
FN:15,(anonymous_9)
FN:55,(anonymous_10)
FNF:2
FNH:0
FNDA:0,(anonymous_9)
FNDA:0,(anonymous_10)
DA:1,0
DA:2,0
DA:3,0
DA:4,0
DA:5,0
DA:9,0
DA:16,0
DA:17,0
DA:18,0
DA:21,0
DA:22,0
DA:23,0
DA:24,0
DA:25,0
DA:26,0
DA:28,0
DA:29,0
DA:35,0
DA:36,0
DA:37,0
DA:39,0
DA:40,0
DA:41,0
DA:43,0
DA:49,0
DA:56,0
DA:57,0
DA:58,0
DA:61,0
DA:62,0
DA:63,0
DA:64,0
DA:65,0
DA:66,0
DA:67,0
DA:69,0
LF:36
LH:0
BRDA:16,0,0,0
BRDA:16,0,1,0
BRDA:21,1,0,0
BRDA:21,1,1,0
BRDA:21,2,0,0
BRDA:21,2,1,0
BRDA:22,3,0,0
BRDA:22,3,1,0
BRDA:23,4,0,0
BRDA:23,4,1,0
BRDA:23,5,0,0
BRDA:23,5,1,0
BRDA:24,6,0,0
BRDA:24,6,1,0
BRDA:25,7,0,0
BRDA:25,7,1,0
BRDA:25,7,2,0
BRDA:26,8,0,0
BRDA:26,8,1,0
BRDA:26,9,0,0
BRDA:26,9,1,0
BRDA:33,10,0,0
BRDA:33,10,1,0
BRDA:37,11,0,0
BRDA:37,11,1,0
BRDA:56,12,0,0
BRDA:56,12,1,0
BRDA:62,13,0,0
BRDA:62,13,1,0
BRDA:62,14,0,0
BRDA:62,14,1,0
BRDA:63,15,0,0
BRDA:63,15,1,0
BRF:33
BRH:0
end_of_record
TN:
SF:src/triggers/knowledge.triggers.ts
FN:26,(anonymous_0)
FN:36,(anonymous_1)
FNF:2
FNH:0
FNDA:0,(anonymous_0)
FNDA:0,(anonymous_1)
DA:1,0
DA:3,0
DA:4,0
DA:5,0
DA:17,0
DA:27,0
DA:28,0
DA:30,0
DA:31,0
DA:32,0
DA:35,0
DA:36,0
DA:37,0
DA:38,0
LF:14
LH:0
BRDA:30,0,0,0
BRDA:30,0,1,0
BRDA:30,1,0,0
BRDA:30,1,1,0
BRF:4
BRH:0
end_of_record
TN:
SF:src/triggers/onListingWrite.ts
FN:11,(anonymous_9)
FNF:1
FNH:0
FNDA:0,(anonymous_9)
DA:1,0
DA:2,0
DA:3,0
DA:5,0
DA:12,0
DA:13,0
DA:14,0
DA:17,0
DA:18,0
DA:21,0
DA:22,0
DA:23,0
DA:24,0
DA:26,0
DA:28,0
DA:32,0
DA:35,0
DA:96,0
DA:97,0
DA:98,0
DA:100,0
LF:21
LH:0
BRDA:12,0,0,0
BRDA:12,0,1,0
BRDA:18,1,0,0
BRDA:18,1,1,0
BRDA:18,2,0,0
BRDA:18,2,1,0
BRDA:21,3,0,0
BRDA:21,3,1,0
BRDA:47,4,0,0
BRDA:47,4,1,0
BRF:10
BRH:0
end_of_record
TN:
SF:src/triggers/taxi-status.trigger.ts
FN:13,(anonymous_9)
FN:34,(anonymous_10)
FN:131,generateAgentResponse
FNF:3
FNH:0
FNDA:0,(anonymous_9)
FNDA:0,(anonymous_10)
FNDA:0,generateAgentResponse
DA:5,0
DA:6,0
DA:7,0
DA:8,0
DA:11,0
DA:13,0
DA:14,0
DA:15,0
DA:16,0
DA:17,0
DA:19,0
DA:21,0
DA:28,0
DA:35,0
DA:36,0
DA:38,0
DA:39,0
DA:40,0
DA:43,0
DA:44,0
DA:46,0
DA:51,0
DA:52,0
DA:53,0
DA:54,0
DA:55,0
DA:56,0
DA:57,0
DA:59,0
DA:60,0
DA:62,0
DA:63,0
DA:64,0
DA:65,0
DA:68,0
DA:71,0
DA:79,0
DA:80,0
DA:83,0
DA:86,0
DA:87,0
DA:88,0
DA:90,0
DA:93,0
DA:94,0
DA:95,0
DA:102,0
DA:113,0
DA:118,0
DA:122,0
DA:143,0
DA:144,0
DA:149,0
DA:153,0
DA:154,0
DA:158,0
DA:170,0
DA:171,0
DA:172,0
DA:175,0
DA:178,0
DA:186,0
DA:189,0
DA:190,0
DA:192,0
DA:197,0
DA:213,0
DA:220,0
DA:225,0
DA:227,0
DA:228,0
LF:71
LH:0
BRDA:14,0,0,0
BRDA:14,0,1,0
BRDA:16,1,0,0
BRDA:16,1,1,0
BRDA:35,2,0,0
BRDA:35,2,1,0
BRDA:35,3,0,0
BRDA:35,3,1,0
BRDA:36,4,0,0
BRDA:36,4,1,0
BRDA:36,5,0,0
BRDA:36,5,1,0
BRDA:38,6,0,0
BRDA:38,6,1,0
BRDA:38,7,0,0
BRDA:38,7,1,0
BRDA:51,8,0,0
BRDA:51,8,1,0
BRDA:51,9,0,0
BRDA:51,9,1,0
BRDA:64,10,0,0
BRDA:64,10,1,0
BRDA:79,11,0,0
BRDA:79,11,1,0
BRDA:94,12,0,0
BRDA:94,12,1,0
BRDA:108,13,0,0
BRDA:108,13,1,0
BRDA:108,14,0,0
BRDA:108,14,1,0
BRDA:109,15,0,0
BRDA:109,15,1,0
BRDA:109,16,0,0
BRDA:109,16,1,0
BRDA:153,17,0,0
BRDA:153,17,1,0
BRDA:161,18,0,0
BRDA:161,18,1,0
BRDA:162,19,0,0
BRDA:162,19,1,0
BRDA:163,20,0,0
BRDA:163,20,1,0
BRDA:164,21,0,0
BRDA:164,21,1,0
BRDA:165,22,0,0
BRDA:165,22,1,0
BRDA:166,23,0,0
BRDA:166,23,1,0
BRDA:171,24,0,0
BRDA:171,24,1,0
BRDA:180,25,0,0
BRDA:180,25,1,0
BRF:52
BRH:0
end_of_record
TN:
SF:src/triggers/taxi.triggers.ts
FN:17,(anonymous_10)
FN:31,(anonymous_11)
FNF:2
FNH:0
FNDA:0,(anonymous_10)
FNDA:0,(anonymous_11)
DA:1,0
DA:2,0
DA:3,0
DA:4,0
DA:5,0
DA:11,0
DA:18,0
DA:20,0
DA:22,0
DA:28,0
DA:31,0
DA:32,0
DA:35,0
DA:38,0
DA:43,0
DA:44,0
DA:49,0
DA:55,0
DA:61,0
DA:67,0
DA:69,0
DA:71,0
DA:72,0
DA:89,0
LF:24
LH:0
BRDA:38,0,0,0
BRDA:38,0,1,0
BRDA:39,1,0,0
BRDA:39,1,1,0
BRDA:39,1,2,0
BRF:5
BRH:0
end_of_record
TN:
SF:src/triggers/transaction-events.triggers.ts
FN:24,getNotificationDedupeKey
FN:36,wasNotificationSent
FN:44,markNotificationSent
FN:61,(anonymous_12)
FN:111,handleConfirmedEvent
FN:133,(anonymous_14)
FN:163,(anonymous_15)
FN:183,handleCancelledEvent
FN:203,(anonymous_17)
FN:220,handleExpiredEvent
FN:239,(anonymous_19)
FNF:11
FNH:0
FNDA:0,getNotificationDedupeKey
FNDA:0,wasNotificationSent
FNDA:0,markNotificationSent
FNDA:0,(anonymous_12)
FNDA:0,handleConfirmedEvent
FNDA:0,(anonymous_14)
FNDA:0,(anonymous_15)
FNDA:0,handleCancelledEvent
FNDA:0,(anonymous_17)
FNDA:0,handleExpiredEvent
FNDA:0,(anonymous_19)
DA:1,0
DA:12,0
DA:13,0
DA:14,0
DA:16,0
DA:19,0
DA:30,0
DA:37,0
DA:38,0
DA:45,0
DA:56,0
DA:62,0
DA:63,0
DA:64,0
DA:65,0
DA:68,0
DA:69,0
DA:71,0
DA:73,0
DA:75,0
DA:76,0
DA:78,0
DA:79,0
DA:80,0
DA:84,0
DA:86,0
DA:87,0
DA:90,0
DA:91,0
DA:94,0
DA:95,0
DA:98,0
DA:102,0
DA:118,0
DA:119,0
DA:120,0
DA:121,0
DA:124,0
DA:125,0
DA:127,0
DA:128,0
DA:129,0
DA:132,0
DA:133,0
DA:134,0
DA:141,0
DA:142,0
DA:144,0
DA:150,0
DA:151,0
DA:152,0
DA:153,0
DA:155,0
DA:156,0
DA:158,0
DA:159,0
DA:160,0
DA:163,0
DA:164,0
DA:172,0
DA:173,0
DA:176,0
DA:190,0
DA:191,0
DA:193,0
DA:195,0
DA:197,0
DA:198,0
DA:199,0
DA:202,0
DA:203,0
DA:204,0
DA:210,0
DA:211,0
DA:213,0
DA:227,0
DA:229,0
DA:231,0
DA:233,0
DA:234,0
DA:235,0
DA:238,0
DA:239,0
DA:240,0
DA:245,0
DA:246,0
DA:248,0
LF:87
LH:0
BRDA:62,0,0,0
BRDA:62,0,1,0
BRDA:62,1,0,0
BRDA:62,1,1,0
BRDA:63,2,0,0
BRDA:63,2,1,0
BRDA:75,3,0,0
BRDA:75,3,1,0
BRDA:75,4,0,0
BRDA:75,4,1,0
BRDA:75,5,0,0
BRDA:75,5,1,0
BRDA:75,6,0,0
BRDA:75,6,1,0
BRDA:76,7,0,0
BRDA:76,7,1,0
BRDA:76,8,0,0
BRDA:76,8,1,0
BRDA:78,9,0,0
BRDA:78,9,1,0
BRDA:84,10,0,0
BRDA:84,10,1,0
BRDA:84,10,2,0
BRDA:84,10,3,0
BRDA:118,11,0,0
BRDA:118,11,1,0
BRDA:118,12,0,0
BRDA:118,12,1,0
BRDA:119,13,0,0
BRDA:119,13,1,0
BRDA:119,14,0,0
BRDA:119,14,1,0
BRDA:120,15,0,0
BRDA:120,15,1,0
BRDA:120,16,0,0
BRDA:120,16,1,0
BRDA:120,17,0,0
BRDA:120,17,1,0
BRDA:121,18,0,0
BRDA:121,18,1,0
BRDA:121,19,0,0
BRDA:121,19,1,0
BRDA:121,20,0,0
BRDA:121,20,1,0
BRDA:121,21,0,0
BRDA:121,21,1,0
BRDA:121,22,0,0
BRDA:121,22,1,0
BRDA:124,23,0,0
BRDA:124,23,1,0
BRDA:127,24,0,0
BRDA:127,24,1,0
BRDA:153,25,0,0
BRDA:153,25,1,0
BRDA:153,26,0,0
BRDA:153,26,1,0
BRDA:153,27,0,0
BRDA:153,27,1,0
BRDA:153,28,0,0
BRDA:153,28,1,0
BRDA:153,29,0,0
BRDA:153,29,1,0
BRDA:155,30,0,0
BRDA:155,30,1,0
BRDA:158,31,0,0
BRDA:158,31,1,0
BRDA:190,32,0,0
BRDA:190,32,1,0
BRDA:190,33,0,0
BRDA:190,33,1,0
BRDA:191,34,0,0
BRDA:191,34,1,0
BRDA:191,35,0,0
BRDA:191,35,1,0
BRDA:191,36,0,0
BRDA:191,36,1,0
BRDA:193,37,0,0
BRDA:193,37,1,0
BRDA:197,38,0,0
BRDA:197,38,1,0
BRDA:227,39,0,0
BRDA:227,39,1,0
BRDA:227,40,0,0
BRDA:227,40,1,0
BRDA:229,41,0,0
BRDA:229,41,1,0
BRDA:233,42,0,0
BRDA:233,42,1,0
BRF:88
BRH:0
end_of_record
TN:
SF:src/triggers/user.triggers.ts
FN:11,(anonymous_9)
FNF:1
FNH:0
FNDA:0,(anonymous_9)
DA:1,0
DA:2,0
DA:3,0
DA:9,0
DA:12,0
DA:13,0
DA:14,0
DA:17,0
DA:18,0
DA:21,0
DA:25,0
DA:27,0
DA:28,0
DA:35,0
DA:42,0
DA:44,0
DA:49,0
DA:50,0
DA:55,0
DA:57,0
DA:60,0
LF:21
LH:0
BRDA:17,0,0,0
BRDA:17,0,1,0
BRDA:27,1,0,0
BRDA:27,1,1,0
BRDA:37,2,0,0
BRDA:37,2,1,0
BRF:6
BRH:0
end_of_record
TN:
SF:src/types/catalog.types.ts
FN:198,(anonymous_0)
FNF:1
FNH:0
FNDA:0,(anonymous_0)
DA:196,1
DA:198,0
LF:2
LH:1
BRF:0
BRH:0
end_of_record
TN:
SF:src/types/enums.ts
FN:42,(anonymous_0)
FNF:1
FNH:0
FNDA:0,(anonymous_0)
DA:42,0
DA:43,0
DA:44,0
DA:45,0
LF:4
LH:0
BRDA:42,0,0,0
BRDA:42,0,1,0
BRF:2
BRH:0
end_of_record
TN:
SF:src/types/idempotency.ts
FN:56,generateTxIdempotencyKey
FN:68,generateWhatsAppIdempotencyKey
FN:79,generateNotificationIdempotencyKey
FN:100,calculateIdempotencyExpiry
FNF:4
FNH:0
FNDA:0,generateTxIdempotencyKey
FNDA:0,generateWhatsAppIdempotencyKey
FNDA:0,generateNotificationIdempotencyKey
FNDA:0,calculateIdempotencyExpiry
DA:56,2
DA:61,0
DA:68,2
DA:72,0
DA:79,2
DA:84,0
DA:95,2
DA:100,2
DA:101,0
LF:9
LH:5
BRDA:100,0,0,0
BRF:1
BRH:0
end_of_record
TN:
SF:src/types/invariants.ts
FNF:0
FNH:0
DA:24,0
DA:44,0
DA:68,0
DA:90,0
DA:105,0
DA:121,0
DA:140,0
DA:155,0
LF:8
LH:0
BRF:0
BRH:0
end_of_record
TN:
SF:src/types/limits.ts
FNF:0
FNH:0
DA:29,0
LF:1
LH:0
BRF:0
BRH:0
end_of_record
TN:
SF:src/types/transaction.ts
FN:231,generateTableLockKey
FN:240,generateOfferingLockKey
FNF:2
FNH:0
FNDA:0,generateTableLockKey
FNDA:0,generateOfferingLockKey
DA:231,0
DA:232,0
DA:233,0
DA:240,0
DA:241,0
DA:242,0
LF:6
LH:0
BRF:0
BRH:0
end_of_record
TN:
SF:src/types/catalog/index.ts
FNF:0
FNH:0
DA:5,0
DA:6,0
LF:2
LH:0
BRF:0
BRH:0
end_of_record
TN:
SF:src/types/chat/index.ts
FNF:0
FNH:0
DA:5,0
DA:6,0
LF:2
LH:0
BRF:0
BRH:0
end_of_record
TN:
SF:src/types/common/errors.ts
FN:71,errorToStatus
FN:109,appError
FN:118,httpError
FNF:3
FNH:0
FNDA:0,errorToStatus
FNDA:0,appError
FNDA:0,httpError
DA:71,0
DA:72,0
DA:74,0
DA:77,0
DA:79,0
DA:84,0
DA:88,0
DA:91,0
DA:93,0
DA:96,0
DA:99,0
DA:101,0
DA:104,0
DA:109,0
DA:114,0
DA:118,0
DA:123,0
LF:17
LH:0
BRDA:72,0,0,0
BRDA:72,0,1,0
BRDA:72,0,2,0
BRDA:72,0,3,0
BRDA:72,0,4,0
BRDA:72,0,5,0
BRDA:72,0,6,0
BRDA:72,0,7,0
BRDA:72,0,8,0
BRDA:72,0,9,0
BRDA:72,0,10,0
BRDA:72,0,11,0
BRDA:72,0,12,0
BRDA:72,0,13,0
BRDA:72,0,14,0
BRDA:72,0,15,0
BRDA:72,0,16,0
BRDA:72,0,17,0
BRDA:72,0,18,0
BRDA:72,0,19,0
BRDA:72,0,20,0
BRF:21
BRH:0
end_of_record
TN:
SF:src/types/common/ids.ts
FN:38,(anonymous_0)
FN:41,(anonymous_1)
FN:44,(anonymous_2)
FN:47,(anonymous_3)
FN:50,(anonymous_4)
FN:53,(anonymous_5)
FNF:6
FNH:0
FNDA:0,(anonymous_0)
FNDA:0,(anonymous_1)
FNDA:0,(anonymous_2)
FNDA:0,(anonymous_3)
FNDA:0,(anonymous_4)
FNDA:0,(anonymous_5)
DA:38,0
DA:41,0
DA:44,0
DA:47,0
DA:50,0
DA:53,0
LF:6
LH:0
BRF:0
BRH:0
end_of_record
TN:
SF:src/types/common/index.ts
FNF:0
FNH:0
DA:7,0
DA:8,0
DA:9,0
DA:10,0
DA:11,0
LF:5
LH:0
BRF:0
BRH:0
end_of_record
TN:
SF:src/types/common/money.ts
FN:34,toMoney
FN:42,fromMoney
FN:47,formatMoney
FNF:3
FNH:0
FNDA:0,toMoney
FNDA:0,fromMoney
FNDA:0,formatMoney
DA:13,0
DA:34,0
DA:35,0
DA:42,0
DA:43,0
DA:47,0
DA:48,0
DA:54,0
LF:8
LH:0
BRDA:34,0,0,0
BRF:1
BRH:0
end_of_record
TN:
SF:src/types/common/result.ts
FN:42,ok
FN:47,fail
FN:55,isOk
FN:60,isFail
FN:65,unwrap
FN:73,unwrapOr
FNF:6
FNH:0
FNDA:0,ok
FNDA:0,fail
FNDA:0,isOk
FNDA:0,isFail
FNDA:0,unwrap
FNDA:0,unwrapOr
DA:42,0
DA:43,0
DA:47,0
DA:48,0
DA:55,0
DA:56,0
DA:60,0
DA:61,0
DA:65,0
DA:66,0
DA:67,0
DA:69,0
DA:73,0
DA:74,0
DA:75,0
DA:77,0
LF:16
LH:0
BRDA:66,0,0,0
BRDA:66,0,1,0
BRDA:74,1,0,0
BRDA:74,1,1,0
BRF:4
BRH:0
end_of_record
TN:
SF:src/types/common/time.ts
FN:40,nowISODate
FN:45,nowISODateTime
FN:50,toISODate
FN:55,toISODateTime
FN:60,fromISODate
FNF:5
FNH:0
FNDA:0,nowISODate
FNDA:0,nowISODateTime
FNDA:0,toISODate
FNDA:0,toISODateTime
FNDA:0,fromISODate
DA:40,0
DA:41,0
DA:45,0
DA:46,0
DA:50,0
DA:51,0
DA:55,0
DA:56,0
DA:60,0
DA:61,0
LF:10
LH:0
BRF:0
BRH:0
end_of_record
TN:
SF:src/types/execution/index.ts
FNF:0
FNH:0
DA:5,0
DA:6,0
LF:2
LH:0
BRF:0
BRH:0
end_of_record
TN:
SF:src/types/integrations/index.ts
FNF:0
FNH:0
DA:5,0
DA:6,0
LF:2
LH:0
BRF:0
BRH:0
end_of_record
TN:
SF:src/types/knowledge/index.ts
FNF:0
FNH:0
DA:5,0
DA:6,0
LF:2
LH:0
BRF:0
BRH:0
end_of_record
TN:
SF:src/types/tenant/index.ts
FNF:0
FNH:0
DA:5,0
DA:6,0
LF:2
LH:0
BRF:0
BRH:0
end_of_record
TN:
SF:src/utils/auth.utils.ts
FN:12,(anonymous_9)
FN:50,(anonymous_10)
FNF:2
FNH:0
FNDA:0,(anonymous_9)
FNDA:0,(anonymous_10)
DA:1,0
DA:2,0
DA:12,0
DA:13,0
DA:19,0
DA:24,0
DA:26,0
DA:31,0
DA:32,0
DA:33,0
DA:36,0
DA:39,0
DA:41,0
DA:42,0
DA:50,0
DA:51,0
DA:52,0
LF:17
LH:0
BRDA:24,0,0,0
BRDA:24,0,1,0
BRDA:31,1,0,0
BRDA:31,1,1,0
BRF:4
BRH:0
end_of_record
TN:
SF:src/utils/businessAgentPrompts.ts
FN:38,(anonymous_0)
FN:196,(anonymous_1)
FN:209,(anonymous_2)
FN:219,(anonymous_3)
FNF:4
FNH:0
FNDA:0,(anonymous_0)
FNDA:0,(anonymous_1)
FNDA:0,(anonymous_2)
FNDA:0,(anonymous_3)
DA:38,0
DA:66,0
DA:196,0
DA:200,0
DA:206,0
DA:209,0
DA:216,0
DA:219,0
DA:223,0
DA:296,0
LF:10
LH:0
BRDA:198,0,0,0
BRDA:206,1,0,0
BRDA:206,1,1,0
BRDA:216,2,0,0
BRDA:216,2,1,0
BRDA:225,3,0,0
BRDA:225,3,1,0
BRDA:234,4,0,0
BRDA:234,4,1,0
BRDA:235,5,0,0
BRDA:235,5,1,0
BRDA:239,6,0,0
BRDA:239,6,1,0
BRDA:283,7,0,0
BRDA:283,7,1,0
BRF:15
BRH:0
end_of_record
TN:
SF:src/utils/claims.ts
FN:41,setOwnerClaims
FN:69,setAdminClaims
FN:93,clearClaims
FN:109,getClaims
FNF:4
FNH:0
FNDA:0,setOwnerClaims
FNDA:0,setAdminClaims
FNDA:0,clearClaims
FNDA:0,getClaims
DA:13,0
DA:14,0
DA:41,0
DA:42,0
DA:43,0
DA:46,0
DA:52,0
DA:59,0
DA:60,0
DA:69,0
DA:70,0
DA:71,0
DA:73,0
DA:78,0
DA:85,0
DA:86,0
DA:93,0
DA:94,0
DA:95,0
DA:97,0
DA:103,0
DA:109,0
DA:110,0
DA:111,0
LF:24
LH:0
BRDA:43,0,0,0
BRDA:43,0,1,0
BRDA:49,1,0,0
BRDA:49,1,1,0
BRDA:71,2,0,0
BRDA:71,2,1,0
BRDA:111,3,0,0
BRDA:111,3,1,0
BRF:8
BRH:0
end_of_record
TN:
SF:src/utils/errors.ts
FN:1,getErrorMessage
FNF:1
FNH:1
FNDA:2,getErrorMessage
DA:1,11
DA:2,2
DA:3,0
DA:4,0
DA:5,0
DA:7,0
DA:8,0
DA:10,0
LF:8
LH:2
BRDA:2,0,0,2
BRDA:2,0,1,0
BRDA:3,1,0,0
BRDA:3,1,1,0
BRDA:4,2,0,0
BRDA:4,2,1,0
BRDA:4,3,0,0
BRDA:4,3,1,0
BRDA:4,3,2,0
BRDA:4,3,3,0
BRF:10
BRH:1
end_of_record
TN:
SF:src/utils/log.ts
FN:5,mergeMeta
FN:12,formatError
FN:23,(anonymous_11)
FN:26,(anonymous_12)
FN:29,(anonymous_13)
FN:32,(anonymous_14)
FNF:6
FNH:2
FNDA:11,mergeMeta
FNDA:0,formatError
FNDA:0,(anonymous_11)
FNDA:11,(anonymous_12)
FNDA:0,(anonymous_13)
FNDA:0,(anonymous_14)
DA:1,2
DA:2,2
DA:3,2
DA:6,11
DA:13,0
DA:14,0
DA:19,0
DA:22,2
DA:24,0
DA:27,11
DA:30,0
DA:33,0
LF:12
LH:6
BRDA:8,0,0,11
BRDA:8,0,1,0
BRDA:13,1,0,0
BRDA:13,1,1,0
BRDA:33,2,0,0
BRDA:33,2,1,0
BRF:6
BRH:1
end_of_record
TN:
SF:src/utils/request-context.ts
FN:13,runWithRequestContext
FN:20,getRequestContext
FN:24,setRequestContext
FN:30,getOrCreateRequestId
FNF:4
FNH:1
FNDA:0,runWithRequestContext
FNDA:11,getRequestContext
FNDA:0,setRequestContext
FNDA:0,getOrCreateRequestId
DA:1,2
DA:2,2
DA:11,2
DA:13,2
DA:17,0
DA:20,2
DA:21,11
DA:24,2
DA:25,0
DA:26,0
DA:27,0
DA:30,2
DA:31,0
DA:32,0
DA:33,0
LF:15
LH:8
BRDA:21,0,0,0
BRDA:21,0,1,11
BRDA:21,1,0,11
BRDA:21,1,1,11
BRDA:26,2,0,0
BRDA:26,2,1,0
BRDA:31,3,0,0
BRDA:31,3,1,0
BRDA:32,4,0,0
BRDA:32,4,1,0
BRF:10
BRH:3
end_of_record
TN:
SF:src/utils/reverseGeocode.ts
FN:10,reverseGeocodeMapbox
FN:54,reverseGeocodeGoogle
FN:96,reverseGeocode
FNF:3
FNH:0
FNDA:0,reverseGeocodeMapbox
FNDA:0,reverseGeocodeGoogle
FNDA:0,reverseGeocode
DA:9,0
DA:10,0
DA:14,0
DA:16,0
DA:17,0
DA:18,0
DA:21,0
DA:22,0
DA:24,0
DA:26,0
DA:27,0
DA:28,0
DA:31,0
DA:33,0
DA:34,0
DA:35,0
DA:39,0
DA:40,0
DA:42,0
DA:43,0
DA:45,0
DA:46,0
DA:54,0
DA:58,0
DA:60,0
DA:61,0
DA:62,0
DA:65,0
DA:66,0
DA:68,0
DA:70,0
DA:71,0
DA:72,0
DA:75,0
DA:77,0
DA:78,0
DA:79,0
DA:82,0
DA:84,0
DA:85,0
DA:87,0
DA:88,0
DA:96,0
DA:101,0
DA:104,0
DA:105,0
DA:109,0
DA:110,0
DA:113,0
LF:49
LH:0
BRDA:16,0,0,0
BRDA:16,0,1,0
BRDA:26,1,0,0
BRDA:26,1,1,0
BRDA:33,2,0,0
BRDA:33,2,1,0
BRDA:33,3,0,0
BRDA:33,3,1,0
BRDA:60,4,0,0
BRDA:60,4,1,0
BRDA:70,5,0,0
BRDA:70,5,1,0
BRDA:77,6,0,0
BRDA:77,6,1,0
BRDA:77,7,0,0
BRDA:77,7,1,0
BRDA:77,7,2,0
BRDA:104,8,0,0
BRDA:104,8,1,0
BRDA:109,9,0,0
BRDA:109,9,1,0
BRF:21
BRH:0
end_of_record
TN:
SF:src/utils/systemPrompts.ts
FN:135,(anonymous_0)
FNF:1
FNH:0
FNDA:0,(anonymous_0)
DA:1,1
DA:17,1
DA:37,1
DA:66,1
DA:135,1
DA:136,0
DA:143,0
DA:145,0
LF:8
LH:5
BRDA:136,0,0,0
BRDA:136,0,1,0
BRDA:143,1,0,0
BRDA:143,1,1,0
BRF:4
BRH:0
end_of_record
TN:
SF:src/utils/txLogger.ts
FN:55,logTx
FN:83,logSystem
FN:105,logRequest
FN:126,getLogSeverity
FN:132,isErrorEvent
FN:141,isWarningEvent
FNF:6
FNH:0
FNDA:0,logTx
FNDA:0,logSystem
FNDA:0,logRequest
FNDA:0,getLogSeverity
FNDA:0,isErrorEvent
FNDA:0,isWarningEvent
DA:12,0
DA:55,0
DA:61,0
DA:71,0
DA:72,0
DA:73,0
DA:74,0
DA:76,0
DA:83,0
DA:87,0
DA:95,0
DA:96,0
DA:98,0
DA:105,0
DA:111,0
DA:127,0
DA:128,0
DA:129,0
DA:133,0
DA:142,0
LF:20
LH:0
BRDA:71,0,0,0
BRDA:71,0,1,0
BRDA:73,1,0,0
BRDA:73,1,1,0
BRDA:88,2,0,0
BRDA:88,2,1,0
BRDA:95,3,0,0
BRDA:95,3,1,0
BRDA:127,4,0,0
BRDA:127,4,1,0
BRDA:128,5,0,0
BRDA:128,5,1,0
BRF:12
BRH:0
end_of_record
TN:
SF:src/utils/v1AgentTools.ts
FNF:0
FNH:0
DA:5,0
DA:11,0
DA:39,0
DA:66,0
DA:101,0
DA:148,0
DA:179,0
DA:222,0
DA:269,0
LF:9
LH:0
BRF:0
BRH:0
end_of_record
TN:
SF:src/utils/tools/index.ts
FNF:0
FNH:0
DA:1,1
DA:2,1
DA:3,1
LF:3
LH:3
BRF:0
BRH:0
end_of_record
TN:
SF:src/utils/tools/definitions/all.ts
FNF:0
FNH:0
DA:1,1
DA:2,1
DA:7,1
DA:8,1
DA:13,1
DA:14,1
DA:15,1
DA:16,1
DA:22,1
DA:31,1
DA:39,1
DA:46,1
DA:54,1
DA:62,1
DA:70,1
DA:78,1
LF:16
LH:16
BRF:0
BRH:0
end_of_record
TN:
SF:src/utils/tools/definitions/booking.tools.ts
FNF:0
FNH:0
DA:1,1
DA:3,1
DA:56,1
DA:76,1
LF:4
LH:4
BRF:0
BRH:0
end_of_record
TN:
SF:src/utils/tools/definitions/business.tools.ts
FNF:0
FNH:0
DA:1,1
DA:3,1
DA:18,1
DA:31,1
DA:44,1
DA:57,1
DA:69,1
LF:7
LH:7
BRF:0
BRH:0
end_of_record
TN:
SF:src/utils/tools/definitions/consumerRequest.tools.ts
FNF:0
FNH:0
DA:1,1
DA:3,1
LF:2
LH:2
BRF:0
BRH:0
end_of_record
TN:
SF:src/utils/tools/definitions/discovery.tools.ts
FNF:0
FNH:0
DA:1,1
DA:3,1
DA:29,1
LF:3
LH:3
BRF:0
BRH:0
end_of_record
TN:
SF:src/utils/tools/definitions/geo.tools.ts
FNF:0
FNH:0
DA:1,1
DA:3,1
DA:16,1
DA:29,1
DA:41,1
DA:53,1
LF:6
LH:6
BRF:0
BRH:0
end_of_record
TN:
SF:src/utils/tools/definitions/index.ts
FN:17,(anonymous_4)
FNF:1
FNH:0
FNDA:0,(anonymous_4)
DA:1,1
DA:2,1
DA:3,1
DA:4,1
DA:5,1
DA:6,1
DA:7,1
DA:8,1
DA:9,1
DA:10,1
DA:11,1
DA:12,1
DA:13,1
DA:14,1
DA:15,1
DA:17,1
LF:16
LH:16
BRF:0
BRH:0
end_of_record
TN:
SF:src/utils/tools/definitions/info.tools.ts
FNF:0
FNH:0
DA:1,1
DA:3,1
DA:16,1
LF:3
LH:3
BRF:0
BRH:0
end_of_record
TN:
SF:src/utils/tools/definitions/itinerary.tools.ts
FNF:0
FNH:0
DA:1,1
DA:3,1
DA:15,1
DA:30,1
DA:43,1
DA:55,1
LF:6
LH:6
BRF:0
BRH:0
end_of_record
TN:
SF:src/utils/tools/definitions/marketplace.tools.ts
FNF:0
FNH:0
DA:1,1
DA:3,1
LF:2
LH:2
BRF:0
BRH:0
end_of_record
TN:
SF:src/utils/tools/definitions/messaging.tools.ts
FNF:0
FNH:0
DA:1,1
DA:3,1
DA:16,1
DA:29,1
LF:4
LH:4
BRF:0
BRH:0
end_of_record
TN:
SF:src/utils/tools/definitions/socialPresence.tools.ts
FNF:0
FNH:0
DA:1,1
DA:3,1
DA:15,1
DA:27,1
DA:38,1
DA:52,1
DA:65,1
LF:7
LH:7
BRF:0
BRH:0
end_of_record
TN:
SF:src/utils/tools/definitions/taxi.tools.ts
FNF:0
FNH:0
DA:1,1
DA:3,1
DA:49,1
LF:3
LH:3
BRF:0
BRH:0
end_of_record
TN:
SF:src/utils/tools/definitions/tribes.tools.ts
FNF:0
FNH:0
DA:1,1
DA:3,1
DA:17,1
DA:29,1
DA:41,1
DA:55,1
DA:68,1
DA:80,1
LF:8
LH:8
BRF:0
BRH:0
end_of_record
TN:
SF:src/utils/tools/definitions/user.tools.ts
FNF:0
FNH:0
DA:1,1
DA:3,1
DA:12,1
DA:27,1
DA:41,1
LF:5
LH:5
BRF:0
BRH:0
end_of_record
TN:
SF:src/utils/tools/definitions/v1Consumer.tools.ts
FNF:0
FNH:0
DA:1,1
DA:3,1
DA:27,1
DA:69,1
DA:115,1
DA:130,1
DA:140,1
LF:7
LH:7
BRF:0
BRH:0
end_of_record
TN:
SF:src/utils/tools/definitions/v1Ops.tools.ts
FNF:0
FNH:0
DA:1,1
DA:3,1
DA:38,1
DA:78,1
DA:102,1
DA:131,1
DA:169,1
LF:7
LH:7
BRF:0
BRH:0
end_of_record
